#
# There is insufficient memory for the Java Runtime Environment to continue.
# Native memory allocation (malloc) failed to allocate 1138256 bytes for Chunk::new
# Possible reasons:
#   The system is out of physical RAM or swap space
#   The process is running with CompressedOops enabled, and the Java Heap may be blocking the growth of the native heap
# Possible solutions:
#   Reduce memory load on the system
#   Increase physical memory or swap space
#   Check if swap backing store is full
#   Decrease Java heap size (-Xmx/-Xms)
#   Decrease number of Java threads
#   Decrease Java thread stack sizes (-Xss)
#   Set larger code cache with -XX:ReservedCodeCacheSize=
#   JVM is running with Unscaled Compressed Oops mode in which the Java heap is
#     placed in the first 4GB address space. The Java Heap base address is the
#     maximum limit for the native heap growth. Please use -XX:HeapBaseMinAddress
#     to set the Java Heap base and to place the Java Heap above 4GB virtual address.
# This output file may be truncated or incomplete.
#
#  Out of Memory Error (./src/hotspot/share/memory/arena.cpp:197), pid=512, tid=1428
#
# JRE version: OpenJDK Runtime Environment (11.0.13) (build 11.0.13+0-b1751.21-8125866)
# Java VM: OpenJDK 64-Bit Server VM (11.0.13+0-b1751.21-8125866, mixed mode, tiered, compressed oops, g1 gc, windows-amd64)
# No core dump will be written. Minidumps are not enabled by default on client versions of Windows
#

---------------  S U M M A R Y ------------

Command Line: --add-opens=java.base/java.util=ALL-UNNAMED --add-opens=java.base/java.lang=ALL-UNNAMED --add-opens=java.base/java.lang.invoke=ALL-UNNAMED --add-opens=java.base/java.util=ALL-UNNAMED --add-opens=java.prefs/java.util.prefs=ALL-UNNAMED --add-opens=java.prefs/java.util.prefs=ALL-UNNAMED --add-opens=java.base/java.nio.charset=ALL-UNNAMED --add-opens=java.base/java.net=ALL-UNNAMED --add-opens=java.base/java.util.concurrent.atomic=ALL-UNNAMED -Xmx2048m -Dfile.encoding=UTF-8 -Duser.country=US -Duser.language=en -Duser.variant org.gradle.launcher.daemon.bootstrap.GradleDaemon 7.4

Host: Intel(R) Core(TM) i5-6300U CPU @ 2.40GHz, 4 cores, 7G,  Windows 10 , 64 bit Build 19041 (10.0.19041.2251)
Time: Wed Dec 28 09:54:20 2022 Pakistan Standard Time elapsed time: 85.039747 seconds (0d 0h 1m 25s)

---------------  T H R E A D  ---------------

Current thread (0x0000024b79343000):  JavaThread "C2 CompilerThread0" daemon [_thread_in_native, id=1428, stack(0x0000005d87400000,0x0000005d87500000)]


Current CompileTask:
C2:  85040 17522       4       com.android.tools.r8.dex.i::a (829 bytes)

Stack: [0x0000005d87400000,0x0000005d87500000]
Native frames: (J=compiled Java code, j=interpreted, Vv=VM code, C=native code)
V  [jvm.dll+0x6100fa]
V  [jvm.dll+0x747090]
V  [jvm.dll+0x7486ad]
V  [jvm.dll+0x748d83]
V  [jvm.dll+0x24ab48]
V  [jvm.dll+0xc04dc]
V  [jvm.dll+0xc0a0c]
V  [jvm.dll+0x35eb9d]
V  [jvm.dll+0x19d7bc]
V  [jvm.dll+0x2033be]
V  [jvm.dll+0x202437]
V  [jvm.dll+0x188e01]
V  [jvm.dll+0x21106b]
V  [jvm.dll+0x20f8c1]
V  [jvm.dll+0x70de0f]
V  [jvm.dll+0x706a75]
V  [jvm.dll+0x60ed66]
C  [ucrtbase.dll+0x21bb2]
C  [KERNEL32.DLL+0x174b4]
C  [ntdll.dll+0x526a1]


---------------  P R O C E S S  ---------------

Threads class SMR info:
_java_thread_list=0x0000024b7cfba210, length=100, elements={
0x0000024b5f71b000, 0x0000024b7931c800, 0x0000024b7931e000, 0x0000024b79338800,
0x0000024b7933a800, 0x0000024b7933b000, 0x0000024b79343000, 0x0000024b7936a000,
0x0000024b79cef800, 0x0000024b79de0800, 0x0000024b7bfa7800, 0x0000024b7be16000,
0x0000024b7ba7d800, 0x0000024b7b3c7800, 0x0000024b7a8fc800, 0x0000024b7b23a000,
0x0000024b7bb3e000, 0x0000024b7a9a9800, 0x0000024b7b7f6000, 0x0000024b7b7e8000,
0x0000024b7b7ec800, 0x0000024b7b7eb000, 0x0000024b7b7ec000, 0x0000024b7b7e7000,
0x0000024b7b7ed800, 0x0000024b7b7e8800, 0x0000024b7b7e9800, 0x0000024b7b7ea800,
0x0000024b7c592800, 0x0000024b7c591000, 0x0000024b7c595800, 0x0000024b7c590000,
0x0000024b7c594000, 0x0000024b7c596800, 0x0000024b7c597800, 0x0000024b7c598000,
0x0000024b7c599000, 0x0000024b7c59a000, 0x0000024b7c595000, 0x0000024b7c59d000,
0x0000024b7c59e000, 0x0000024b7c59a800, 0x0000024b7c59e800, 0x0000024b7c59b800,
0x0000024b7c59c800, 0x0000024b7f43a000, 0x0000024b7f43d800, 0x0000024b7f43b000,
0x0000024b7f43e000, 0x0000024b7f438800, 0x0000024b7f43c000, 0x0000024b7f43c800,
0x0000024b7f43f000, 0x0000024b7f439800, 0x0000024b7f444000, 0x0000024b7f445800,
0x0000024b7f441800, 0x0000024b7f440000, 0x0000024b7f446800, 0x0000024b7f444800,
0x0000024b7f442800, 0x0000024b7f443000, 0x0000024b7f440800, 0x0000024b7f447000,
0x0000024b7f44d800, 0x0000024b7f44c800, 0x0000024b7f44e000, 0x0000024b7f448800,
0x0000024b7f44f000, 0x0000024b7f449800, 0x0000024b7f44c000, 0x0000024b7f450000,
0x0000024b7f44a000, 0x0000024b7f450800, 0x0000024b7f44b000, 0x0000024b7f453000,
0x0000024b7f454000, 0x0000024b7f456800, 0x0000024b7f452800, 0x0000024b7f457000,
0x0000024b7f563000, 0x0000024b7f564000, 0x0000024b7f565800, 0x0000024b7f560000,
0x0000024b7f564800, 0x0000024b7f566800, 0x0000024b7f560800, 0x0000024b7f567000,
0x0000024b7f561800, 0x0000024b7f562000, 0x0000024b7f56d000, 0x0000024b7f56b000,
0x0000024b7f56d800, 0x0000024b7f568000, 0x0000024b7f569800, 0x0000024b7dbee800,
0x0000024b7f56c000, 0x0000024b7f56e800, 0x0000024b7f569000, 0x0000024b7f56a800
}

Java Threads: ( => current thread )
  0x0000024b5f71b000 JavaThread "main" [_thread_blocked, id=15920, stack(0x0000005d86800000,0x0000005d86900000)]
  0x0000024b7931c800 JavaThread "Reference Handler" daemon [_thread_blocked, id=10972, stack(0x0000005d86f00000,0x0000005d87000000)]
  0x0000024b7931e000 JavaThread "Finalizer" daemon [_thread_blocked, id=18756, stack(0x0000005d87000000,0x0000005d87100000)]
  0x0000024b79338800 JavaThread "Signal Dispatcher" daemon [_thread_blocked, id=5320, stack(0x0000005d87100000,0x0000005d87200000)]
  0x0000024b7933a800 JavaThread "Attach Listener" daemon [_thread_blocked, id=25380, stack(0x0000005d87200000,0x0000005d87300000)]
  0x0000024b7933b000 JavaThread "Service Thread" daemon [_thread_blocked, id=24676, stack(0x0000005d87300000,0x0000005d87400000)]
=>0x0000024b79343000 JavaThread "C2 CompilerThread0" daemon [_thread_in_native, id=1428, stack(0x0000005d87400000,0x0000005d87500000)]
  0x0000024b7936a000 JavaThread "C1 CompilerThread0" daemon [_thread_blocked, id=15256, stack(0x0000005d87500000,0x0000005d87600000)]
  0x0000024b79cef800 JavaThread "Sweeper thread" daemon [_thread_blocked, id=23588, stack(0x0000005d87600000,0x0000005d87700000)]
  0x0000024b79de0800 JavaThread "Common-Cleaner" daemon [_thread_blocked, id=3088, stack(0x0000005d87700000,0x0000005d87800000)]
  0x0000024b7bfa7800 JavaThread "Daemon health stats" [_thread_blocked, id=10092, stack(0x0000005d87c00000,0x0000005d87d00000)]
  0x0000024b7be16000 JavaThread "Incoming local TCP Connector on port 49923" [_thread_in_native, id=16860, stack(0x0000005d87e00000,0x0000005d87f00000)]
  0x0000024b7ba7d800 JavaThread "Daemon periodic checks" [_thread_blocked, id=23436, stack(0x0000005d87f00000,0x0000005d88000000)]
  0x0000024b7b3c7800 JavaThread "Daemon" [_thread_blocked, id=5548, stack(0x0000005d88000000,0x0000005d88100000)]
  0x0000024b7a8fc800 JavaThread "Handler for socket connection from /127.0.0.1:49923 to /127.0.0.1:49924" [_thread_in_native, id=21240, stack(0x0000005d88100000,0x0000005d88200000)]
  0x0000024b7b23a000 JavaThread "Cancel handler" [_thread_blocked, id=4260, stack(0x0000005d88200000,0x0000005d88300000)]
  0x0000024b7bb3e000 JavaThread "Daemon worker" [_thread_blocked, id=18692, stack(0x0000005d88300000,0x0000005d88400000)]
  0x0000024b7a9a9800 JavaThread "Asynchronous log dispatcher for DefaultDaemonConnection: socket connection from /127.0.0.1:49923 to /127.0.0.1:49924" [_thread_blocked, id=25632, stack(0x0000005d88400000,0x0000005d88500000)]
  0x0000024b7b7f6000 JavaThread "Daemon client event forwarder" [_thread_blocked, id=20916, stack(0x0000005d88600000,0x0000005d88700000)]
  0x0000024b7b7e8000 JavaThread "Cache worker for journal cache (C:\Users\Administrator.DESKTOP-9KBGS9Q\.gradle\caches\journal-1)" [_thread_blocked, id=13772, stack(0x0000005d88700000,0x0000005d88800000)]
  0x0000024b7b7ec800 JavaThread "File lock request listener" [_thread_in_native, id=22432, stack(0x0000005d88800000,0x0000005d88900000)]
  0x0000024b7b7eb000 JavaThread "Cache worker for file hash cache (C:\Users\Administrator.DESKTOP-9KBGS9Q\.gradle\caches\7.4\fileHashes)" [_thread_blocked, id=6004, stack(0x0000005d88900000,0x0000005d88a00000)]
  0x0000024b7b7ec000 JavaThread "File watcher server" daemon [_thread_in_native, id=24232, stack(0x0000005d88b00000,0x0000005d88c00000)]
  0x0000024b7b7e7000 JavaThread "File watcher consumer" daemon [_thread_blocked, id=2500, stack(0x0000005d88c00000,0x0000005d88d00000)]
  0x0000024b7b7ed800 JavaThread "Cache worker for checksums cache (C:\Users\Administrator.DESKTOP-9KBGS9Q\AndroidStudioProjects\One1\.gradle\7.4\checksums)" [_thread_blocked, id=9080, stack(0x0000005d88a00000,0x0000005d88b00000)]
  0x0000024b7b7e8800 JavaThread "Cache worker for cache directory md-rule (C:\Users\Administrator.DESKTOP-9KBGS9Q\.gradle\caches\7.4\md-rule)" [_thread_blocked, id=16884, stack(0x0000005d88d00000,0x0000005d88e00000)]
  0x0000024b7b7e9800 JavaThread "Cache worker for file hash cache (C:\Users\Administrator.DESKTOP-9KBGS9Q\AndroidStudioProjects\One1\.gradle\7.4\fileHashes)" [_thread_blocked, id=11344, stack(0x0000005d88e00000,0x0000005d88f00000)]
  0x0000024b7b7ea800 JavaThread "Cache worker for cache directory md-supplier (C:\Users\Administrator.DESKTOP-9KBGS9Q\.gradle\caches\7.4\md-supplier)" [_thread_blocked, id=3620, stack(0x0000005d88f00000,0x0000005d89000000)]
  0x0000024b7c592800 JavaThread "Cache worker for execution history cache (C:\Users\Administrator.DESKTOP-9KBGS9Q\.gradle\caches\7.4\executionHistory)" [_thread_blocked, id=6748, stack(0x0000005d89000000,0x0000005d89100000)]
  0x0000024b7c591000 JavaThread "jar transforms" [_thread_blocked, id=4936, stack(0x0000005d89200000,0x0000005d89300000)]
  0x0000024b7c595800 JavaThread "Cache worker for file content cache (C:\Users\Administrator.DESKTOP-9KBGS9Q\.gradle\caches\7.4\fileContent)" [_thread_blocked, id=17576, stack(0x0000005d89300000,0x0000005d89400000)]
  0x0000024b7c590000 JavaThread "jar transforms Thread 2" [_thread_blocked, id=12592, stack(0x0000005d89400000,0x0000005d89500000)]
  0x0000024b7c594000 JavaThread "Cache worker for dependencies-accessors (C:\Users\Administrator.DESKTOP-9KBGS9Q\AndroidStudioProjects\One1\.gradle\7.4\dependencies-accessors)" [_thread_blocked, id=11772, stack(0x0000005d89500000,0x0000005d89600000)]
  0x0000024b7c596800 JavaThread "jar transforms Thread 3" [_thread_blocked, id=11040, stack(0x0000005d89100000,0x0000005d89200000)]
  0x0000024b7c597800 JavaThread "Cache worker for Build Output Cleanup Cache (C:\Users\Administrator.DESKTOP-9KBGS9Q\AndroidStudioProjects\One1\.gradle\buildOutputCleanup)" [_thread_blocked, id=18188, stack(0x0000005d89600000,0x0000005d89700000)]
  0x0000024b7c598000 JavaThread "Unconstrained build operations" [_thread_blocked, id=18648, stack(0x0000005d89700000,0x0000005d89800000)]
  0x0000024b7c599000 JavaThread "Unconstrained build operations Thread 2" [_thread_blocked, id=13248, stack(0x0000005d89800000,0x0000005d89900000)]
  0x0000024b7c59a000 JavaThread "Unconstrained build operations Thread 3" [_thread_blocked, id=23260, stack(0x0000005d89900000,0x0000005d89a00000)]
  0x0000024b7c595000 JavaThread "Unconstrained build operations Thread 4" [_thread_blocked, id=7080, stack(0x0000005d89a00000,0x0000005d89b00000)]
  0x0000024b7c59d000 JavaThread "Unconstrained build operations Thread 5" [_thread_blocked, id=14212, stack(0x0000005d89b00000,0x0000005d89c00000)]
  0x0000024b7c59e000 JavaThread "Unconstrained build operations Thread 6" [_thread_blocked, id=25112, stack(0x0000005d89c00000,0x0000005d89d00000)]
  0x0000024b7c59a800 JavaThread "Unconstrained build operations Thread 7" [_thread_blocked, id=20540, stack(0x0000005d89d00000,0x0000005d89e00000)]
  0x0000024b7c59e800 JavaThread "Unconstrained build operations Thread 8" [_thread_blocked, id=24620, stack(0x0000005d89e00000,0x0000005d89f00000)]
  0x0000024b7c59b800 JavaThread "Unconstrained build operations Thread 9" [_thread_blocked, id=7696, stack(0x0000005d89f00000,0x0000005d8a000000)]
  0x0000024b7c59c800 JavaThread "Unconstrained build operations Thread 10" [_thread_blocked, id=23256, stack(0x0000005d8a000000,0x0000005d8a100000)]
  0x0000024b7f43a000 JavaThread "Unconstrained build operations Thread 11" [_thread_blocked, id=27376, stack(0x0000005d8a100000,0x0000005d8a200000)]
  0x0000024b7f43d800 JavaThread "Unconstrained build operations Thread 12" [_thread_blocked, id=26580, stack(0x0000005d8a200000,0x0000005d8a300000)]
  0x0000024b7f43b000 JavaThread "Unconstrained build operations Thread 13" [_thread_blocked, id=8128, stack(0x0000005d8a300000,0x0000005d8a400000)]
  0x0000024b7f43e000 JavaThread "Unconstrained build operations Thread 14" [_thread_blocked, id=13184, stack(0x0000005d8a400000,0x0000005d8a500000)]
  0x0000024b7f438800 JavaThread "Unconstrained build operations Thread 15" [_thread_blocked, id=6532, stack(0x0000005d8a500000,0x0000005d8a600000)]
  0x0000024b7f43c000 JavaThread "Unconstrained build operations Thread 16" [_thread_blocked, id=16464, stack(0x0000005d8a600000,0x0000005d8a700000)]
  0x0000024b7f43c800 JavaThread "Unconstrained build operations Thread 17" [_thread_blocked, id=12572, stack(0x0000005d8a700000,0x0000005d8a800000)]
  0x0000024b7f43f000 JavaThread "Unconstrained build operations Thread 18" [_thread_blocked, id=9904, stack(0x0000005d8a800000,0x0000005d8a900000)]
  0x0000024b7f439800 JavaThread "Unconstrained build operations Thread 19" [_thread_blocked, id=24416, stack(0x0000005d8a900000,0x0000005d8aa00000)]
  0x0000024b7f444000 JavaThread "Unconstrained build operations Thread 20" [_thread_blocked, id=3008, stack(0x0000005d8aa00000,0x0000005d8ab00000)]
  0x0000024b7f445800 JavaThread "Unconstrained build operations Thread 21" [_thread_blocked, id=23268, stack(0x0000005d8ab00000,0x0000005d8ac00000)]
  0x0000024b7f441800 JavaThread "Unconstrained build operations Thread 22" [_thread_blocked, id=13960, stack(0x0000005d8ac00000,0x0000005d8ad00000)]
  0x0000024b7f440000 JavaThread "Unconstrained build operations Thread 23" [_thread_blocked, id=4348, stack(0x0000005d8ad00000,0x0000005d8ae00000)]
  0x0000024b7f446800 JavaThread "Unconstrained build operations Thread 24" [_thread_blocked, id=26464, stack(0x0000005d8ae00000,0x0000005d8af00000)]
  0x0000024b7f444800 JavaThread "Unconstrained build operations Thread 25" [_thread_blocked, id=13864, stack(0x0000005d8af00000,0x0000005d8b000000)]
  0x0000024b7f442800 JavaThread "Unconstrained build operations Thread 26" [_thread_blocked, id=384, stack(0x0000005d8b000000,0x0000005d8b100000)]
  0x0000024b7f443000 JavaThread "Unconstrained build operations Thread 27" [_thread_blocked, id=25636, stack(0x0000005d8b100000,0x0000005d8b200000)]
  0x0000024b7f440800 JavaThread "Unconstrained build operations Thread 28" [_thread_blocked, id=6896, stack(0x0000005d8b200000,0x0000005d8b300000)]
  0x0000024b7f447000 JavaThread "Unconstrained build operations Thread 29" [_thread_blocked, id=14084, stack(0x0000005d8b300000,0x0000005d8b400000)]
  0x0000024b7f44d800 JavaThread "Unconstrained build operations Thread 30" [_thread_blocked, id=13808, stack(0x0000005d8b400000,0x0000005d8b500000)]
  0x0000024b7f44c800 JavaThread "Unconstrained build operations Thread 31" [_thread_blocked, id=23028, stack(0x0000005d8b500000,0x0000005d8b600000)]
  0x0000024b7f44e000 JavaThread "Unconstrained build operations Thread 32" [_thread_blocked, id=24808, stack(0x0000005d8b600000,0x0000005d8b700000)]
  0x0000024b7f448800 JavaThread "Unconstrained build operations Thread 33" [_thread_blocked, id=14648, stack(0x0000005d8b700000,0x0000005d8b800000)]
  0x0000024b7f44f000 JavaThread "Unconstrained build operations Thread 34" [_thread_blocked, id=25072, stack(0x0000005d8b800000,0x0000005d8b900000)]
  0x0000024b7f449800 JavaThread "Unconstrained build operations Thread 35" [_thread_blocked, id=17324, stack(0x0000005d8b900000,0x0000005d8ba00000)]
  0x0000024b7f44c000 JavaThread "Unconstrained build operations Thread 36" [_thread_blocked, id=16644, stack(0x0000005d8ba00000,0x0000005d8bb00000)]
  0x0000024b7f450000 JavaThread "Unconstrained build operations Thread 37" [_thread_blocked, id=24184, stack(0x0000005d8bb00000,0x0000005d8bc00000)]
  0x0000024b7f44a000 JavaThread "Unconstrained build operations Thread 38" [_thread_blocked, id=21184, stack(0x0000005d8bc00000,0x0000005d8bd00000)]
  0x0000024b7f450800 JavaThread "Unconstrained build operations Thread 39" [_thread_blocked, id=18116, stack(0x0000005d8bd00000,0x0000005d8be00000)]
  0x0000024b7f44b000 JavaThread "Unconstrained build operations Thread 40" [_thread_blocked, id=20996, stack(0x0000005d8be00000,0x0000005d8bf00000)]
  0x0000024b7f453000 JavaThread "jar transforms Thread 4" [_thread_blocked, id=1884, stack(0x0000005d8bf00000,0x0000005d8c000000)]
  0x0000024b7f454000 JavaThread "Memory manager" [_thread_blocked, id=21024, stack(0x0000005d8c100000,0x0000005d8c200000)]
  0x0000024b7f456800 JavaThread "build event listener" [_thread_blocked, id=27012, stack(0x0000005d8c300000,0x0000005d8c400000)]
  0x0000024b7f452800 JavaThread "included builds" [_thread_blocked, id=17592, stack(0x0000005d8c400000,0x0000005d8c500000)]
  0x0000024b7f457000 JavaThread "Execution worker for ':'" [_thread_blocked, id=26136, stack(0x0000005d8c500000,0x0000005d8c600000)]
  0x0000024b7f563000 JavaThread "Execution worker for ':' Thread 2" [_thread_blocked, id=18376, stack(0x0000005d8c600000,0x0000005d8c700000)]
  0x0000024b7f564000 JavaThread "Execution worker for ':' Thread 3" [_thread_blocked, id=17768, stack(0x0000005d8c700000,0x0000005d8c800000)]
  0x0000024b7f565800 JavaThread "Cache worker for execution history cache (C:\Users\Administrator.DESKTOP-9KBGS9Q\AndroidStudioProjects\One1\.gradle\7.4\executionHistory)" [_thread_blocked, id=22320, stack(0x0000005d8c800000,0x0000005d8c900000)]
  0x0000024b7f560000 JavaThread "WorkerExecutor Queue" [_thread_blocked, id=16508, stack(0x0000005d8c900000,0x0000005d8ca00000)]
  0x0000024b7f564800 JavaThread "pool-3-thread-1" [_thread_blocked, id=13304, stack(0x0000005d8ca00000,0x0000005d8cb00000)]
  0x0000024b7f566800 JavaThread "stderr" [_thread_in_native, id=12608, stack(0x0000005d8cb00000,0x0000005d8cc00000)]
  0x0000024b7f560800 JavaThread "stdout" [_thread_in_native, id=15724, stack(0x0000005d8cc00000,0x0000005d8cd00000)]
  0x0000024b7f567000 JavaThread "Cache worker for Java compile cache (C:\Users\Administrator.DESKTOP-9KBGS9Q\.gradle\caches\7.4\javaCompile)" [_thread_blocked, id=16788, stack(0x0000005d8cd00000,0x0000005d8ce00000)]
  0x0000024b7f561800 JavaThread "Build operations" [_thread_blocked, id=21136, stack(0x0000005d86600000,0x0000005d86700000)]
  0x0000024b7f562000 JavaThread "Build operations Thread 2" [_thread_blocked, id=14792, stack(0x0000005d86700000,0x0000005d86800000)]
  0x0000024b7f56d000 JavaThread "Build operations Thread 3" [_thread_blocked, id=5552, stack(0x0000005d88500000,0x0000005d88600000)]
  0x0000024b7f56b000 JavaThread "Build operations Thread 4" [_thread_blocked, id=23224, stack(0x0000005d8ce00000,0x0000005d8cf00000)]
  0x0000024b7f56d800 JavaThread "WorkerExecutor Queue Thread 3" [_thread_blocked, id=22888, stack(0x0000005d8d000000,0x0000005d8d100000)]
  0x0000024b7f568000 JavaThread "WorkerExecutor Queue Thread 4" [_thread_blocked, id=14248, stack(0x0000005d8d100000,0x0000005d8d200000)]
  0x0000024b7f569800 JavaThread "WorkerExecutor Queue Thread 5" [_thread_blocked, id=16360, stack(0x0000005d8d200000,0x0000005d8d300000)]
  0x0000024b7dbee800 JavaThread "C2 CompilerThread1" daemon [_thread_in_native, id=26744, stack(0x0000005d8cf00000,0x0000005d8d000000)]
  0x0000024b7f56c000 JavaThread "ForkJoinPool-1-worker-3" daemon [_thread_blocked, id=16748, stack(0x0000005d8d300000,0x0000005d8d400000)]
  0x0000024b7f56e800 JavaThread "ForkJoinPool-1-worker-5" daemon [_thread_in_Java, id=2964, stack(0x0000005d8d400000,0x0000005d8d500000)]
  0x0000024b7f569000 JavaThread "ForkJoinPool-1-worker-7" daemon [_thread_blocked, id=21884, stack(0x0000005d8d500000,0x0000005d8d600000)]
  0x0000024b7f56a800 JavaThread "ForkJoinPool-1-worker-1" daemon [_thread_blocked, id=24000, stack(0x0000005d8d600000,0x0000005d8d700000)]

Other Threads:
  0x0000024b79318000 VMThread "VM Thread" [stack: 0x0000005d86e00000,0x0000005d86f00000] [id=6860]
  0x0000024b79e16000 WatcherThread [stack: 0x0000005d87800000,0x0000005d87900000] [id=14804]
  0x0000024b5f735800 GCTaskThread "GC Thread#0" [stack: 0x0000005d86900000,0x0000005d86a00000] [id=11980]
  0x0000024b7a586800 GCTaskThread "GC Thread#1" [stack: 0x0000005d87900000,0x0000005d87a00000] [id=15044]
  0x0000024b7a0d1000 GCTaskThread "GC Thread#2" [stack: 0x0000005d87a00000,0x0000005d87b00000] [id=25604]
  0x0000024b7c789800 GCTaskThread "GC Thread#3" [stack: 0x0000005d87b00000,0x0000005d87c00000] [id=11528]
  0x0000024b5f765000 ConcurrentGCThread "G1 Main Marker" [stack: 0x0000005d86a00000,0x0000005d86b00000] [id=17396]
  0x0000024b5f768000 ConcurrentGCThread "G1 Conc#0" [stack: 0x0000005d86b00000,0x0000005d86c00000] [id=15540]
  0x0000024b5f7f5800 ConcurrentGCThread "G1 Refine#0" [stack: 0x0000005d86c00000,0x0000005d86d00000] [id=12904]
  0x0000024b7bafe800 ConcurrentGCThread "G1 Refine#1" [stack: 0x0000005d87d00000,0x0000005d87e00000] [id=20492]
  0x0000024b5f7f6800 ConcurrentGCThread "G1 Young RemSet Sampling" [stack: 0x0000005d86d00000,0x0000005d86e00000] [id=5208]

Threads with active compile tasks:
C2 CompilerThread0  85080 17522       4       com.android.tools.r8.dex.i::a (829 bytes)
C2 CompilerThread1  85080 17624       4       com.android.tools.r8.dex.i::a (1036 bytes)

VM state:not at safepoint (normal execution)

VM Mutex/Monitor currently owned by a thread: None

Heap address: 0x0000000080000000, size: 2048 MB, Compressed Oops mode: 32-bit
Narrow klass base: 0x0000000000000000, Narrow klass shift: 3
Compressed class space size: 1073741824 Address: 0x0000000100000000

Heap:
 garbage-first heap   total 201728K, used 165256K [0x0000000080000000, 0x0000000100000000)
  region size 1024K, 11 young (11264K), 3 survivors (3072K)
 Metaspace       used 123598K, capacity 126684K, committed 127440K, reserved 1159168K
  class space    used 15512K, capacity 16679K, committed 17024K, reserved 1048576K
Heap Regions: E=young(eden), S=young(survivor), O=old, HS=humongous(starts), HC=humongous(continues), CS=collection set, F=free, A=archive, TAMS=top-at-mark-start (previous, next)
|   0|0x0000000080000000, 0x0000000080100000, 0x0000000080100000|100%|HS|  |TAMS 0x0000000080100000, 0x0000000080000000| Complete 
|   1|0x0000000080100000, 0x0000000080200000, 0x0000000080200000|100%|HC|  |TAMS 0x0000000080200000, 0x0000000080100000| Complete 
|   2|0x0000000080200000, 0x0000000080300000, 0x0000000080300000|100%|HC|  |TAMS 0x0000000080300000, 0x0000000080200000| Complete 
|   3|0x0000000080300000, 0x0000000080400000, 0x0000000080400000|100%| O|  |TAMS 0x0000000080400000, 0x0000000080300000| Untracked 
|   4|0x0000000080400000, 0x0000000080500000, 0x0000000080500000|100%| O|  |TAMS 0x0000000080500000, 0x0000000080400000| Untracked 
|   5|0x0000000080500000, 0x0000000080600000, 0x0000000080600000|100%| O|  |TAMS 0x0000000080600000, 0x0000000080500000| Untracked 
|   6|0x0000000080600000, 0x0000000080700000, 0x0000000080700000|100%| O|  |TAMS 0x0000000080700000, 0x0000000080600000| Untracked 
|   7|0x0000000080700000, 0x0000000080800000, 0x0000000080800000|100%| O|  |TAMS 0x0000000080800000, 0x0000000080700000| Untracked 
|   8|0x0000000080800000, 0x0000000080900000, 0x0000000080900000|100%| O|  |TAMS 0x0000000080900000, 0x0000000080800000| Untracked 
|   9|0x0000000080900000, 0x0000000080a00000, 0x0000000080a00000|100%| O|  |TAMS 0x0000000080a00000, 0x0000000080900000| Untracked 
|  10|0x0000000080a00000, 0x0000000080b00000, 0x0000000080b00000|100%| O|  |TAMS 0x0000000080b00000, 0x0000000080a00000| Untracked 
|  11|0x0000000080b00000, 0x0000000080c00000, 0x0000000080c00000|100%| O|  |TAMS 0x0000000080c00000, 0x0000000080b00000| Untracked 
|  12|0x0000000080c00000, 0x0000000080d00000, 0x0000000080d00000|100%| O|  |TAMS 0x0000000080d00000, 0x0000000080c00000| Untracked 
|  13|0x0000000080d00000, 0x0000000080e00000, 0x0000000080e00000|100%| O|  |TAMS 0x0000000080e00000, 0x0000000080d00000| Untracked 
|  14|0x0000000080e00000, 0x0000000080f00000, 0x0000000080f00000|100%| O|  |TAMS 0x0000000080f00000, 0x0000000080e00000| Untracked 
|  15|0x0000000080f00000, 0x0000000081000000, 0x0000000081000000|100%| O|  |TAMS 0x0000000081000000, 0x0000000080f00000| Untracked 
|  16|0x0000000081000000, 0x0000000081100000, 0x0000000081100000|100%| O|  |TAMS 0x0000000081100000, 0x0000000081000000| Untracked 
|  17|0x0000000081100000, 0x0000000081200000, 0x0000000081200000|100%| O|  |TAMS 0x0000000081200000, 0x0000000081100000| Untracked 
|  18|0x0000000081200000, 0x0000000081300000, 0x0000000081300000|100%| O|  |TAMS 0x0000000081300000, 0x0000000081200000| Untracked 
|  19|0x0000000081300000, 0x0000000081400000, 0x0000000081400000|100%| O|  |TAMS 0x0000000081400000, 0x0000000081300000| Untracked 
|  20|0x0000000081400000, 0x0000000081500000, 0x0000000081500000|100%| O|  |TAMS 0x0000000081500000, 0x0000000081400000| Untracked 
|  21|0x0000000081500000, 0x0000000081600000, 0x0000000081600000|100%| O|  |TAMS 0x0000000081600000, 0x0000000081500000| Untracked 
|  22|0x0000000081600000, 0x0000000081700000, 0x0000000081700000|100%| O|  |TAMS 0x0000000081700000, 0x0000000081600000| Untracked 
|  23|0x0000000081700000, 0x0000000081800000, 0x0000000081800000|100%| O|  |TAMS 0x0000000081800000, 0x0000000081700000| Untracked 
|  24|0x0000000081800000, 0x0000000081900000, 0x0000000081900000|100%| O|  |TAMS 0x0000000081900000, 0x0000000081800000| Untracked 
|  25|0x0000000081900000, 0x0000000081a00000, 0x0000000081a00000|100%| O|  |TAMS 0x0000000081a00000, 0x0000000081900000| Untracked 
|  26|0x0000000081a00000, 0x0000000081b00000, 0x0000000081b00000|100%| O|  |TAMS 0x0000000081b00000, 0x0000000081a00000| Untracked 
|  27|0x0000000081b00000, 0x0000000081c00000, 0x0000000081c00000|100%|HS|  |TAMS 0x0000000081c00000, 0x0000000081b00000| Complete 
|  28|0x0000000081c00000, 0x0000000081d00000, 0x0000000081d00000|100%|HS|  |TAMS 0x0000000081d00000, 0x0000000081c00000| Complete 
|  29|0x0000000081d00000, 0x0000000081e00000, 0x0000000081e00000|100%| O|  |TAMS 0x0000000081e00000, 0x0000000081d00000| Untracked 
|  30|0x0000000081e00000, 0x0000000081f00000, 0x0000000081f00000|100%|HS|  |TAMS 0x0000000081f00000, 0x0000000081e00000| Complete 
|  31|0x0000000081f00000, 0x0000000082000000, 0x0000000082000000|100%|HC|  |TAMS 0x0000000082000000, 0x0000000081f00000| Complete 
|  32|0x0000000082000000, 0x0000000082100000, 0x0000000082100000|100%| O|  |TAMS 0x0000000082100000, 0x0000000082000000| Untracked 
|  33|0x0000000082100000, 0x0000000082200000, 0x0000000082200000|100%| O|  |TAMS 0x0000000082200000, 0x0000000082100000| Untracked 
|  34|0x0000000082200000, 0x0000000082300000, 0x0000000082300000|100%| O|  |TAMS 0x0000000082300000, 0x0000000082200000| Untracked 
|  35|0x0000000082300000, 0x0000000082400000, 0x0000000082400000|100%| O|  |TAMS 0x0000000082400000, 0x0000000082300000| Untracked 
|  36|0x0000000082400000, 0x0000000082500000, 0x0000000082500000|100%| O|  |TAMS 0x0000000082500000, 0x0000000082400000| Untracked 
|  37|0x0000000082500000, 0x0000000082600000, 0x0000000082600000|100%| O|  |TAMS 0x0000000082600000, 0x0000000082500000| Untracked 
|  38|0x0000000082600000, 0x0000000082700000, 0x0000000082700000|100%| O|  |TAMS 0x0000000082700000, 0x0000000082600000| Untracked 
|  39|0x0000000082700000, 0x0000000082800000, 0x0000000082800000|100%| O|  |TAMS 0x0000000082800000, 0x0000000082700000| Untracked 
|  40|0x0000000082800000, 0x0000000082900000, 0x0000000082900000|100%| O|  |TAMS 0x0000000082900000, 0x0000000082800000| Untracked 
|  41|0x0000000082900000, 0x0000000082a00000, 0x0000000082a00000|100%| O|  |TAMS 0x0000000082a00000, 0x0000000082900000| Untracked 
|  42|0x0000000082a00000, 0x0000000082b00000, 0x0000000082b00000|100%| O|  |TAMS 0x0000000082b00000, 0x0000000082a00000| Untracked 
|  43|0x0000000082b00000, 0x0000000082c00000, 0x0000000082c00000|100%| O|  |TAMS 0x0000000082c00000, 0x0000000082b00000| Untracked 
|  44|0x0000000082c00000, 0x0000000082d00000, 0x0000000082d00000|100%| O|  |TAMS 0x0000000082d00000, 0x0000000082c00000| Untracked 
|  45|0x0000000082d00000, 0x0000000082e00000, 0x0000000082e00000|100%| O|  |TAMS 0x0000000082e00000, 0x0000000082d00000| Untracked 
|  46|0x0000000082e00000, 0x0000000082f00000, 0x0000000082f00000|100%| O|  |TAMS 0x0000000082f00000, 0x0000000082e00000| Untracked 
|  47|0x0000000082f00000, 0x0000000083000000, 0x0000000083000000|100%| O|  |TAMS 0x0000000083000000, 0x0000000082f00000| Untracked 
|  48|0x0000000083000000, 0x0000000083100000, 0x0000000083100000|100%| O|  |TAMS 0x0000000083100000, 0x0000000083000000| Untracked 
|  49|0x0000000083100000, 0x0000000083200000, 0x0000000083200000|100%| O|  |TAMS 0x0000000083200000, 0x0000000083100000| Untracked 
|  50|0x0000000083200000, 0x0000000083300000, 0x0000000083300000|100%| O|  |TAMS 0x0000000083300000, 0x0000000083200000| Untracked 
|  51|0x0000000083300000, 0x0000000083400000, 0x0000000083400000|100%| O|  |TAMS 0x0000000083400000, 0x0000000083300000| Untracked 
|  52|0x0000000083400000, 0x0000000083500000, 0x0000000083500000|100%| O|  |TAMS 0x0000000083500000, 0x0000000083400000| Untracked 
|  53|0x0000000083500000, 0x0000000083600000, 0x0000000083600000|100%| O|  |TAMS 0x0000000083600000, 0x0000000083500000| Untracked 
|  54|0x0000000083600000, 0x0000000083700000, 0x0000000083700000|100%| O|  |TAMS 0x0000000083700000, 0x0000000083600000| Untracked 
|  55|0x0000000083700000, 0x0000000083800000, 0x0000000083800000|100%| O|  |TAMS 0x0000000083800000, 0x0000000083700000| Untracked 
|  56|0x0000000083800000, 0x0000000083900000, 0x0000000083900000|100%| O|  |TAMS 0x0000000083900000, 0x0000000083800000| Untracked 
|  57|0x0000000083900000, 0x0000000083a00000, 0x0000000083a00000|100%| O|  |TAMS 0x0000000083a00000, 0x0000000083900000| Untracked 
|  58|0x0000000083a00000, 0x0000000083b00000, 0x0000000083b00000|100%| O|  |TAMS 0x0000000083b00000, 0x0000000083a00000| Untracked 
|  59|0x0000000083b00000, 0x0000000083c00000, 0x0000000083c00000|100%| O|  |TAMS 0x0000000083c00000, 0x0000000083b00000| Untracked 
|  60|0x0000000083c00000, 0x0000000083d00000, 0x0000000083d00000|100%| O|  |TAMS 0x0000000083d00000, 0x0000000083c00000| Untracked 
|  61|0x0000000083d00000, 0x0000000083e00000, 0x0000000083e00000|100%| O|  |TAMS 0x0000000083e00000, 0x0000000083d00000| Untracked 
|  62|0x0000000083e00000, 0x0000000083f00000, 0x0000000083f00000|100%| O|  |TAMS 0x0000000083f00000, 0x0000000083e00000| Untracked 
|  63|0x0000000083f00000, 0x0000000084000000, 0x0000000084000000|100%| O|  |TAMS 0x0000000084000000, 0x0000000083f00000| Untracked 
|  64|0x0000000084000000, 0x0000000084100000, 0x0000000084100000|100%| O|  |TAMS 0x0000000084100000, 0x0000000084000000| Untracked 
|  65|0x0000000084100000, 0x0000000084200000, 0x0000000084200000|100%| O|  |TAMS 0x0000000084200000, 0x0000000084100000| Untracked 
|  66|0x0000000084200000, 0x0000000084300000, 0x0000000084300000|100%| O|  |TAMS 0x0000000084300000, 0x0000000084200000| Untracked 
|  67|0x0000000084300000, 0x0000000084400000, 0x0000000084400000|100%| O|  |TAMS 0x0000000084400000, 0x0000000084300000| Untracked 
|  68|0x0000000084400000, 0x0000000084500000, 0x0000000084500000|100%| O|  |TAMS 0x0000000084500000, 0x0000000084400000| Untracked 
|  69|0x0000000084500000, 0x0000000084600000, 0x0000000084600000|100%| O|  |TAMS 0x0000000084600000, 0x0000000084500000| Untracked 
|  70|0x0000000084600000, 0x0000000084700000, 0x0000000084700000|100%| O|  |TAMS 0x0000000084700000, 0x0000000084600000| Untracked 
|  71|0x0000000084700000, 0x0000000084800000, 0x0000000084800000|100%| O|  |TAMS 0x0000000084800000, 0x0000000084700000| Untracked 
|  72|0x0000000084800000, 0x0000000084900000, 0x0000000084900000|100%| O|  |TAMS 0x0000000084900000, 0x0000000084800000| Untracked 
|  73|0x0000000084900000, 0x0000000084a00000, 0x0000000084a00000|100%| O|  |TAMS 0x0000000084a00000, 0x0000000084900000| Untracked 
|  74|0x0000000084a00000, 0x0000000084b00000, 0x0000000084b00000|100%| O|  |TAMS 0x0000000084b00000, 0x0000000084a00000| Untracked 
|  75|0x0000000084b00000, 0x0000000084c00000, 0x0000000084c00000|100%| O|  |TAMS 0x0000000084c00000, 0x0000000084b00000| Untracked 
|  76|0x0000000084c00000, 0x0000000084d00000, 0x0000000084d00000|100%| O|  |TAMS 0x0000000084d00000, 0x0000000084c00000| Untracked 
|  77|0x0000000084d00000, 0x0000000084e00000, 0x0000000084e00000|100%| O|  |TAMS 0x0000000084e00000, 0x0000000084d00000| Untracked 
|  78|0x0000000084e00000, 0x0000000084f00000, 0x0000000084f00000|100%| O|  |TAMS 0x0000000084f00000, 0x0000000084e00000| Untracked 
|  79|0x0000000084f00000, 0x0000000085000000, 0x0000000085000000|100%| O|  |TAMS 0x0000000085000000, 0x0000000084f00000| Untracked 
|  80|0x0000000085000000, 0x0000000085100000, 0x0000000085100000|100%| O|  |TAMS 0x0000000085100000, 0x0000000085000000| Untracked 
|  81|0x0000000085100000, 0x0000000085200000, 0x0000000085200000|100%| O|  |TAMS 0x0000000085100000, 0x0000000085100000| Untracked 
|  82|0x0000000085200000, 0x0000000085300000, 0x0000000085300000|100%| O|  |TAMS 0x0000000085200000, 0x0000000085200000| Untracked 
|  83|0x0000000085300000, 0x0000000085400000, 0x0000000085400000|100%| O|  |TAMS 0x0000000085300000, 0x0000000085300000| Untracked 
|  84|0x0000000085400000, 0x0000000085500000, 0x0000000085500000|100%| O|  |TAMS 0x0000000085500000, 0x0000000085400000| Untracked 
|  85|0x0000000085500000, 0x0000000085600000, 0x0000000085600000|100%| O|  |TAMS 0x0000000085600000, 0x0000000085500000| Untracked 
|  86|0x0000000085600000, 0x0000000085700000, 0x0000000085700000|100%| O|  |TAMS 0x0000000085700000, 0x0000000085600000| Untracked 
|  87|0x0000000085700000, 0x0000000085800000, 0x0000000085800000|100%| O|  |TAMS 0x0000000085800000, 0x0000000085700000| Untracked 
|  88|0x0000000085800000, 0x0000000085900000, 0x0000000085900000|100%| O|  |TAMS 0x0000000085900000, 0x0000000085800000| Untracked 
|  89|0x0000000085900000, 0x0000000085a00000, 0x0000000085a00000|100%|HS|  |TAMS 0x0000000085900000, 0x0000000085900000| Complete 
|  90|0x0000000085a00000, 0x0000000085b00000, 0x0000000085b00000|100%| O|  |TAMS 0x0000000085a00000, 0x0000000085a00000| Untracked 
|  91|0x0000000085b00000, 0x0000000085c00000, 0x0000000085c00000|100%| O|  |TAMS 0x0000000085c00000, 0x0000000085b00000| Untracked 
|  92|0x0000000085c00000, 0x0000000085d00000, 0x0000000085d00000|100%| O|  |TAMS 0x0000000085d00000, 0x0000000085c00000| Untracked 
|  93|0x0000000085d00000, 0x0000000085e00000, 0x0000000085e00000|100%| O|  |TAMS 0x0000000085e00000, 0x0000000085d00000| Untracked 
|  94|0x0000000085e00000, 0x0000000085f00000, 0x0000000085f00000|100%|HS|  |TAMS 0x0000000085e00000, 0x0000000085e00000| Complete 
|  95|0x0000000085f00000, 0x0000000086000000, 0x0000000086000000|100%| O|  |TAMS 0x0000000085f88000, 0x0000000085f00000| Untracked 
|  96|0x0000000086000000, 0x0000000086100000, 0x0000000086100000|100%| O|  |TAMS 0x0000000086000000, 0x0000000086000000| Untracked 
|  97|0x0000000086100000, 0x0000000086200000, 0x0000000086200000|100%| O|  |TAMS 0x0000000086200000, 0x0000000086100000| Untracked 
|  98|0x0000000086200000, 0x0000000086300000, 0x0000000086300000|100%| O|  |TAMS 0x0000000086300000, 0x0000000086200000| Untracked 
|  99|0x0000000086300000, 0x0000000086400000, 0x0000000086400000|100%| O|  |TAMS 0x0000000086300000, 0x0000000086300000| Untracked 
| 100|0x0000000086400000, 0x0000000086500000, 0x0000000086500000|100%| O|  |TAMS 0x0000000086400000, 0x0000000086400000| Untracked 
| 101|0x0000000086500000, 0x0000000086600000, 0x0000000086600000|100%| O|  |TAMS 0x0000000086600000, 0x0000000086500000| Untracked 
| 102|0x0000000086600000, 0x0000000086700000, 0x0000000086700000|100%| O|  |TAMS 0x0000000086700000, 0x0000000086600000| Untracked 
| 103|0x0000000086700000, 0x0000000086800000, 0x0000000086800000|100%| O|  |TAMS 0x0000000086800000, 0x0000000086700000| Untracked 
| 104|0x0000000086800000, 0x0000000086900000, 0x0000000086900000|100%| O|  |TAMS 0x0000000086800000, 0x0000000086800000| Untracked 
| 105|0x0000000086900000, 0x0000000086a00000, 0x0000000086a00000|100%| O|  |TAMS 0x0000000086a00000, 0x0000000086900000| Untracked 
| 106|0x0000000086a00000, 0x0000000086b00000, 0x0000000086b00000|100%|HS|  |TAMS 0x0000000086a00000, 0x0000000086a00000| Complete 
| 107|0x0000000086b00000, 0x0000000086c00000, 0x0000000086c00000|100%|HC|  |TAMS 0x0000000086b00000, 0x0000000086b00000| Complete 
| 108|0x0000000086c00000, 0x0000000086d00000, 0x0000000086d00000|100%|HC|  |TAMS 0x0000000086c00000, 0x0000000086c00000| Complete 
| 109|0x0000000086d00000, 0x0000000086e00000, 0x0000000086e00000|100%|HC|  |TAMS 0x0000000086d00000, 0x0000000086d00000| Complete 
| 110|0x0000000086e00000, 0x0000000086f00000, 0x0000000086f00000|100%|HC|  |TAMS 0x0000000086e00000, 0x0000000086e00000| Complete 
| 111|0x0000000086f00000, 0x0000000087000000, 0x0000000087000000|100%|HC|  |TAMS 0x0000000086f00000, 0x0000000086f00000| Complete 
| 112|0x0000000087000000, 0x0000000087100000, 0x0000000087100000|100%|HC|  |TAMS 0x0000000087000000, 0x0000000087000000| Complete 
| 113|0x0000000087100000, 0x0000000087200000, 0x0000000087200000|100%|HC|  |TAMS 0x0000000087100000, 0x0000000087100000| Complete 
| 114|0x0000000087200000, 0x0000000087300000, 0x0000000087300000|100%|HC|  |TAMS 0x0000000087200000, 0x0000000087200000| Complete 
| 115|0x0000000087300000, 0x0000000087400000, 0x0000000087400000|100%| O|  |TAMS 0x0000000087300000, 0x0000000087300000| Untracked 
| 116|0x0000000087400000, 0x0000000087500000, 0x0000000087500000|100%| O|  |TAMS 0x0000000087400000, 0x0000000087400000| Untracked 
| 117|0x0000000087500000, 0x0000000087600000, 0x0000000087600000|100%| O|  |TAMS 0x0000000087500000, 0x0000000087500000| Untracked 
| 118|0x0000000087600000, 0x0000000087700000, 0x0000000087700000|100%| O|  |TAMS 0x0000000087600000, 0x0000000087600000| Untracked 
| 119|0x0000000087700000, 0x0000000087800000, 0x0000000087800000|100%| O|  |TAMS 0x0000000087700000, 0x0000000087700000| Untracked 
| 120|0x0000000087800000, 0x0000000087900000, 0x0000000087900000|100%| O|  |TAMS 0x0000000087800000, 0x0000000087800000| Untracked 
| 121|0x0000000087900000, 0x0000000087a00000, 0x0000000087a00000|100%| O|  |TAMS 0x0000000087900000, 0x0000000087900000| Untracked 
| 122|0x0000000087a00000, 0x0000000087b00000, 0x0000000087b00000|100%| O|  |TAMS 0x0000000087a00000, 0x0000000087a00000| Untracked 
| 123|0x0000000087b00000, 0x0000000087c00000, 0x0000000087c00000|100%| O|  |TAMS 0x0000000087b00000, 0x0000000087b00000| Untracked 
| 124|0x0000000087c00000, 0x0000000087d00000, 0x0000000087d00000|100%| O|  |TAMS 0x0000000087c00000, 0x0000000087c00000| Untracked 
| 125|0x0000000087d00000, 0x0000000087e00000, 0x0000000087e00000|100%| O|  |TAMS 0x0000000087d00000, 0x0000000087d00000| Untracked 
| 126|0x0000000087e00000, 0x0000000087f00000, 0x0000000087f00000|100%| O|  |TAMS 0x0000000087e00000, 0x0000000087e00000| Untracked 
| 127|0x0000000087f00000, 0x0000000088000000, 0x0000000088000000|100%| O|  |TAMS 0x0000000087f00000, 0x0000000087f00000| Untracked 
| 128|0x0000000088000000, 0x0000000088100000, 0x0000000088100000|100%| O|  |TAMS 0x0000000088000000, 0x0000000088000000| Untracked 
| 129|0x0000000088100000, 0x0000000088200000, 0x0000000088200000|100%| O|  |TAMS 0x0000000088100000, 0x0000000088100000| Untracked 
| 130|0x0000000088200000, 0x0000000088262000, 0x0000000088300000| 38%| O|  |TAMS 0x0000000088200000, 0x0000000088200000| Untracked 
| 131|0x0000000088300000, 0x0000000088300000, 0x0000000088400000|  0%| F|  |TAMS 0x0000000088300000, 0x0000000088300000| Untracked 
| 132|0x0000000088400000, 0x0000000088500000, 0x0000000088500000|100%|HS|  |TAMS 0x0000000088400000, 0x0000000088400000| Complete 
| 133|0x0000000088500000, 0x0000000088600000, 0x0000000088600000|100%|HC|  |TAMS 0x0000000088500000, 0x0000000088500000| Complete 
| 134|0x0000000088600000, 0x0000000088700000, 0x0000000088700000|100%|HC|  |TAMS 0x0000000088600000, 0x0000000088600000| Complete 
| 135|0x0000000088700000, 0x0000000088800000, 0x0000000088800000|100%|HC|  |TAMS 0x0000000088700000, 0x0000000088700000| Complete 
| 136|0x0000000088800000, 0x0000000088900000, 0x0000000088900000|100%|HC|  |TAMS 0x0000000088800000, 0x0000000088800000| Complete 
| 137|0x0000000088900000, 0x0000000088a00000, 0x0000000088a00000|100%|HC|  |TAMS 0x0000000088900000, 0x0000000088900000| Complete 
| 138|0x0000000088a00000, 0x0000000088b00000, 0x0000000088b00000|100%|HC|  |TAMS 0x0000000088a00000, 0x0000000088a00000| Complete 
| 139|0x0000000088b00000, 0x0000000088c00000, 0x0000000088c00000|100%|HC|  |TAMS 0x0000000088b00000, 0x0000000088b00000| Complete 
| 140|0x0000000088c00000, 0x0000000088d00000, 0x0000000088d00000|100%|HC|  |TAMS 0x0000000088c00000, 0x0000000088c00000| Complete 
| 141|0x0000000088d00000, 0x0000000088d00000, 0x0000000088e00000|  0%| F|  |TAMS 0x0000000088d00000, 0x0000000088d00000| Untracked 
| 142|0x0000000088e00000, 0x0000000088e00000, 0x0000000088f00000|  0%| F|  |TAMS 0x0000000088e00000, 0x0000000088e00000| Untracked 
| 143|0x0000000088f00000, 0x0000000088f00000, 0x0000000089000000|  0%| F|  |TAMS 0x0000000088f00000, 0x0000000088f00000| Untracked 
| 144|0x0000000089000000, 0x0000000089000000, 0x0000000089100000|  0%| F|  |TAMS 0x0000000089000000, 0x0000000089000000| Untracked 
| 145|0x0000000089100000, 0x0000000089100000, 0x0000000089200000|  0%| F|  |TAMS 0x0000000089100000, 0x0000000089100000| Untracked 
| 146|0x0000000089200000, 0x0000000089200000, 0x0000000089300000|  0%| F|  |TAMS 0x0000000089200000, 0x0000000089200000| Untracked 
| 147|0x0000000089300000, 0x0000000089300000, 0x0000000089400000|  0%| F|  |TAMS 0x0000000089300000, 0x0000000089300000| Untracked 
| 148|0x0000000089400000, 0x0000000089400000, 0x0000000089500000|  0%| F|  |TAMS 0x0000000089400000, 0x0000000089400000| Untracked 
| 149|0x0000000089500000, 0x0000000089500000, 0x0000000089600000|  0%| F|  |TAMS 0x0000000089500000, 0x0000000089500000| Untracked 
| 150|0x0000000089600000, 0x0000000089600000, 0x0000000089700000|  0%| F|  |TAMS 0x0000000089600000, 0x0000000089600000| Untracked 
| 151|0x0000000089700000, 0x0000000089700000, 0x0000000089800000|  0%| F|  |TAMS 0x0000000089700000, 0x0000000089700000| Untracked 
| 152|0x0000000089800000, 0x0000000089800000, 0x0000000089900000|  0%| F|  |TAMS 0x0000000089800000, 0x0000000089800000| Untracked 
| 153|0x0000000089900000, 0x0000000089900000, 0x0000000089a00000|  0%| F|  |TAMS 0x0000000089900000, 0x0000000089900000| Untracked 
| 154|0x0000000089a00000, 0x0000000089a00000, 0x0000000089b00000|  0%| F|  |TAMS 0x0000000089a00000, 0x0000000089a00000| Untracked 
| 155|0x0000000089b00000, 0x0000000089b00000, 0x0000000089c00000|  0%| F|  |TAMS 0x0000000089b00000, 0x0000000089b00000| Untracked 
| 156|0x0000000089c00000, 0x0000000089c00000, 0x0000000089d00000|  0%| F|  |TAMS 0x0000000089c00000, 0x0000000089c00000| Untracked 
| 157|0x0000000089d00000, 0x0000000089d00000, 0x0000000089e00000|  0%| F|  |TAMS 0x0000000089d00000, 0x0000000089d00000| Untracked 
| 158|0x0000000089e00000, 0x0000000089e00000, 0x0000000089f00000|  0%| F|  |TAMS 0x0000000089e00000, 0x0000000089e00000| Untracked 
| 159|0x0000000089f00000, 0x0000000089f00000, 0x000000008a000000|  0%| F|  |TAMS 0x0000000089f00000, 0x0000000089f00000| Untracked 
| 160|0x000000008a000000, 0x000000008a000000, 0x000000008a100000|  0%| F|  |TAMS 0x000000008a000000, 0x000000008a000000| Untracked 
| 161|0x000000008a100000, 0x000000008a100000, 0x000000008a200000|  0%| F|  |TAMS 0x000000008a100000, 0x000000008a100000| Untracked 
| 162|0x000000008a200000, 0x000000008a200000, 0x000000008a300000|  0%| F|  |TAMS 0x000000008a200000, 0x000000008a200000| Untracked 
| 163|0x000000008a300000, 0x000000008a300000, 0x000000008a400000|  0%| F|  |TAMS 0x000000008a300000, 0x000000008a300000| Untracked 
| 164|0x000000008a400000, 0x000000008a400000, 0x000000008a500000|  0%| F|  |TAMS 0x000000008a400000, 0x000000008a400000| Untracked 
| 165|0x000000008a500000, 0x000000008a500000, 0x000000008a600000|  0%| F|  |TAMS 0x000000008a500000, 0x000000008a500000| Untracked 
| 166|0x000000008a600000, 0x000000008a600000, 0x000000008a700000|  0%| F|  |TAMS 0x000000008a600000, 0x000000008a600000| Untracked 
| 167|0x000000008a700000, 0x000000008a800000, 0x000000008a800000|100%| S|CS|TAMS 0x000000008a700000, 0x000000008a700000| Complete 
| 168|0x000000008a800000, 0x000000008a900000, 0x000000008a900000|100%| S|CS|TAMS 0x000000008a800000, 0x000000008a800000| Complete 
| 169|0x000000008a900000, 0x000000008aa00000, 0x000000008aa00000|100%| S|CS|TAMS 0x000000008a900000, 0x000000008a900000| Complete 
| 170|0x000000008aa00000, 0x000000008aa00000, 0x000000008ab00000|  0%| F|  |TAMS 0x000000008aa00000, 0x000000008aa00000| Untracked 
| 171|0x000000008ab00000, 0x000000008ab00000, 0x000000008ac00000|  0%| F|  |TAMS 0x000000008ab00000, 0x000000008ab00000| Untracked 
| 172|0x000000008ac00000, 0x000000008ac00000, 0x000000008ad00000|  0%| F|  |TAMS 0x000000008ac00000, 0x000000008ac00000| Untracked 
| 173|0x000000008ad00000, 0x000000008ad00000, 0x000000008ae00000|  0%| F|  |TAMS 0x000000008ad00000, 0x000000008ad00000| Untracked 
| 174|0x000000008ae00000, 0x000000008ae00000, 0x000000008af00000|  0%| F|  |TAMS 0x000000008ae00000, 0x000000008ae00000| Untracked 
| 175|0x000000008af00000, 0x000000008af00000, 0x000000008b000000|  0%| F|  |TAMS 0x000000008af00000, 0x000000008af00000| Untracked 
| 176|0x000000008b000000, 0x000000008b01ef08, 0x000000008b100000| 12%| E|  |TAMS 0x000000008b000000, 0x000000008b000000| Complete 
| 177|0x000000008b100000, 0x000000008b200000, 0x000000008b200000|100%| E|CS|TAMS 0x000000008b100000, 0x000000008b100000| Complete 
| 178|0x000000008b200000, 0x000000008b300000, 0x000000008b300000|100%| E|CS|TAMS 0x000000008b200000, 0x000000008b200000| Complete 
| 179|0x000000008b300000, 0x000000008b400000, 0x000000008b400000|100%| E|CS|TAMS 0x000000008b300000, 0x000000008b300000| Complete 
| 180|0x000000008b400000, 0x000000008b500000, 0x000000008b500000|100%| E|CS|TAMS 0x000000008b400000, 0x000000008b400000| Complete 
| 181|0x000000008b500000, 0x000000008b600000, 0x000000008b600000|100%| E|CS|TAMS 0x000000008b500000, 0x000000008b500000| Complete 
| 182|0x000000008b600000, 0x000000008b700000, 0x000000008b700000|100%| E|CS|TAMS 0x000000008b600000, 0x000000008b600000| Complete 
| 183|0x000000008b700000, 0x000000008b800000, 0x000000008b800000|100%| E|CS|TAMS 0x000000008b700000, 0x000000008b700000| Complete 
| 184|0x000000008b800000, 0x000000008b900000, 0x000000008b900000|100%| E|CS|TAMS 0x000000008b800000, 0x000000008b800000| Complete 
| 185|0x000000008b900000, 0x000000008ba00000, 0x000000008ba00000|100%| O|  |TAMS 0x000000008b900000, 0x000000008b900000| Untracked 
| 186|0x000000008ba00000, 0x000000008bb00000, 0x000000008bb00000|100%| O|  |TAMS 0x000000008ba00000, 0x000000008ba00000| Untracked 
| 187|0x000000008bb00000, 0x000000008bc00000, 0x000000008bc00000|100%| O|  |TAMS 0x000000008bb00000, 0x000000008bb00000| Untracked 
| 188|0x000000008bc00000, 0x000000008bd00000, 0x000000008bd00000|100%| O|  |TAMS 0x000000008bc00000, 0x000000008bc00000| Untracked 
| 189|0x000000008bd00000, 0x000000008be00000, 0x000000008be00000|100%| O|  |TAMS 0x000000008bd00000, 0x000000008bd00000| Untracked 
| 190|0x000000008be00000, 0x000000008bf00000, 0x000000008bf00000|100%| O|  |TAMS 0x000000008be00000, 0x000000008be00000| Untracked 
| 191|0x000000008bf00000, 0x000000008c000000, 0x000000008c000000|100%| O|  |TAMS 0x000000008bf00000, 0x000000008bf00000| Untracked 
| 192|0x000000008c000000, 0x000000008c100000, 0x000000008c100000|100%| O|  |TAMS 0x000000008c000000, 0x000000008c000000| Untracked 
| 193|0x000000008c100000, 0x000000008c200000, 0x000000008c200000|100%| O|  |TAMS 0x000000008c100000, 0x000000008c100000| Untracked 
| 194|0x000000008c200000, 0x000000008c300000, 0x000000008c300000|100%| O|  |TAMS 0x000000008c200000, 0x000000008c200000| Untracked 
| 195|0x000000008c300000, 0x000000008c400000, 0x000000008c400000|100%| O|  |TAMS 0x000000008c300000, 0x000000008c300000| Untracked 
| 196|0x000000008c400000, 0x000000008c500000, 0x000000008c500000|100%| O|  |TAMS 0x000000008c400000, 0x000000008c400000| Untracked 

Card table byte_map: [0x0000024b72640000,0x0000024b72a40000] _byte_map_base: 0x0000024b72240000

Marking Bits (Prev, Next): (CMBitMap*) 0x0000024b5f75c1f8, (CMBitMap*) 0x0000024b5f75c230
 Prev Bits: [0x0000024b72e40000, 0x0000024b74e40000)
 Next Bits: [0x0000024b74e40000, 0x0000024b76e40000)

Polling page: 0x0000024b5ef00000

Metaspace:

Usage:
  Non-class:    107.43 MB capacity,   105.55 MB ( 98%) used,     1.49 MB (  1%) free+waste,   391.19 KB ( <1%) overhead. 
      Class:     16.29 MB capacity,    15.15 MB ( 93%) used,   994.34 KB (  6%) free+waste,   172.25 KB (  1%) overhead. 
       Both:    123.71 MB capacity,   120.70 MB ( 98%) used,     2.46 MB (  2%) free+waste,   563.44 KB ( <1%) overhead. 

Virtual space:
  Non-class space:      108.00 MB reserved,     107.83 MB (>99%) committed 
      Class space:        1.00 GB reserved,      16.63 MB (  2%) committed 
             Both:        1.11 GB reserved,     124.45 MB ( 11%) committed 

Chunk freelists:
   Non-Class:  283.00 KB
       Class:  249.00 KB
        Both:  532.00 KB

MaxMetaspaceSize: 17179869184.00 GB
CompressedClassSpaceSize: 1.00 GB
Initial GC threshold: 20.80 MB
Current GC threshold: 205.34 MB
CDS: off

CodeHeap 'non-profiled nmethods': size=120064Kb used=10918Kb max_used=10918Kb free=109145Kb
 bounds [0x0000024b6ad00000, 0x0000024b6b7b0000, 0x0000024b72240000]
CodeHeap 'profiled nmethods': size=120000Kb used=41670Kb max_used=41670Kb free=78329Kb
 bounds [0x0000024b637d0000, 0x0000024b66090000, 0x0000024b6ad00000]
CodeHeap 'non-nmethods': size=5696Kb used=2435Kb max_used=2489Kb free=3260Kb
 bounds [0x0000024b63240000, 0x0000024b634c0000, 0x0000024b637d0000]
 total_blobs=18416 nmethods=17448 adapters=878
 compilation: enabled
              stopped_count=0, restarted_count=0
 full_count=0

Compilation events (20 events):
Event: 84.805 Thread 0x0000024b7936a000 17643       2       com.android.tools.r8.code.S3::<init> (7 bytes)
Event: 84.805 Thread 0x0000024b7936a000 nmethod 17643 0x0000024b6607d210 code [0x0000024b6607d3e0, 0x0000024b6607d618]
Event: 84.808 Thread 0x0000024b7936a000 17644   !   2       com.android.tools.r8.graph.a1::b (135 bytes)
Event: 84.809 Thread 0x0000024b7936a000 nmethod 17644 0x0000024b6607d810 code [0x0000024b6607da20, 0x0000024b6607def8]
Event: 84.811 Thread 0x0000024b7936a000 17645       2       com.android.tools.r8.graph.j1::z0 (2 bytes)
Event: 84.811 Thread 0x0000024b7936a000 nmethod 17645 0x0000024b6607e290 code [0x0000024b6607e440, 0x0000024b6607e538]
Event: 84.816 Thread 0x0000024b7936a000 17646       2       com.android.tools.r8.code.l0::<init> (7 bytes)
Event: 84.816 Thread 0x0000024b7936a000 nmethod 17646 0x0000024b6607e610 code [0x0000024b6607e7c0, 0x0000024b6607e918]
Event: 84.825 Thread 0x0000024b7936a000 17648       2       com.android.tools.r8.code.U2::hashCode (30 bytes)
Event: 84.825 Thread 0x0000024b7936a000 nmethod 17648 0x0000024b6607ea10 code [0x0000024b6607ebc0, 0x0000024b6607ed08]
Event: 84.827 Thread 0x0000024b7936a000 17650       2       com.android.tools.r8.code.U2::<init> (58 bytes)
Event: 84.828 Thread 0x0000024b7936a000 nmethod 17650 0x0000024b6607ed90 code [0x0000024b6607efa0, 0x0000024b6607f528]
Event: 84.922 Thread 0x0000024b7936a000 17651       2       com.android.tools.r8.internal.V0::<init> (5 bytes)
Event: 84.923 Thread 0x0000024b7936a000 nmethod 17651 0x0000024b6607f990 code [0x0000024b6607fb40, 0x0000024b6607fc38]
Event: 84.924 Thread 0x0000024b7936a000 17652       2       com.android.tools.r8.internal.uK::<init> (88 bytes)
Event: 84.924 Thread 0x0000024b7936a000 nmethod 17652 0x0000024b6607fd10 code [0x0000024b6607ff40, 0x0000024b660804c8]
Event: 84.933 Thread 0x0000024b7936a000 17653       2       com.android.tools.r8.graph.N::<init> (21 bytes)
Event: 84.934 Thread 0x0000024b7936a000 nmethod 17653 0x0000024b66080690 code [0x0000024b66080840, 0x0000024b66080988]
Event: 84.944 Thread 0x0000024b7936a000 17655       2       com.android.tools.r8.code.u::<init> (7 bytes)
Event: 84.944 Thread 0x0000024b7936a000 nmethod 17655 0x0000024b66080a90 code [0x0000024b66080c60, 0x0000024b66080e98]

GC Heap History (20 events):
Event: 76.904 GC heap before
{Heap before GC invocations=74 (full 0):
 garbage-first heap   total 157696K, used 116289K [0x0000000080000000, 0x0000000100000000)
  region size 1024K, 17 young (17408K), 1 survivors (1024K)
 Metaspace       used 117648K, capacity 120767K, committed 121040K, reserved 1155072K
  class space    used 14972K, capacity 16191K, committed 16256K, reserved 1048576K
}
Event: 76.911 GC heap after
{Heap after GC invocations=75 (full 0):
 garbage-first heap   total 157696K, used 101930K [0x0000000080000000, 0x0000000100000000)
  region size 1024K, 2 young (2048K), 2 survivors (2048K)
 Metaspace       used 117648K, capacity 120767K, committed 121040K, reserved 1155072K
  class space    used 14972K, capacity 16191K, committed 16256K, reserved 1048576K
}
Event: 77.804 GC heap before
{Heap before GC invocations=76 (full 0):
 garbage-first heap   total 157696K, used 120362K [0x0000000080000000, 0x0000000100000000)
  region size 1024K, 20 young (20480K), 2 survivors (2048K)
 Metaspace       used 119277K, capacity 122369K, committed 122704K, reserved 1155072K
  class space    used 15088K, capacity 16283K, committed 16384K, reserved 1048576K
}
Event: 77.813 GC heap after
{Heap after GC invocations=77 (full 0):
 garbage-first heap   total 157696K, used 103616K [0x0000000080000000, 0x0000000100000000)
  region size 1024K, 3 young (3072K), 3 survivors (3072K)
 Metaspace       used 119277K, capacity 122369K, committed 122704K, reserved 1155072K
  class space    used 15088K, capacity 16283K, committed 16384K, reserved 1048576K
}
Event: 78.514 GC heap before
{Heap before GC invocations=77 (full 0):
 garbage-first heap   total 157696K, used 122048K [0x0000000080000000, 0x0000000100000000)
  region size 1024K, 21 young (21504K), 3 survivors (3072K)
 Metaspace       used 119953K, capacity 122984K, committed 123344K, reserved 1157120K
  class space    used 15137K, capacity 16331K, committed 16512K, reserved 1048576K
}
Event: 78.522 GC heap after
{Heap after GC invocations=78 (full 0):
 garbage-first heap   total 157696K, used 103836K [0x0000000080000000, 0x0000000100000000)
  region size 1024K, 2 young (2048K), 2 survivors (2048K)
 Metaspace       used 119953K, capacity 122984K, committed 123344K, reserved 1157120K
  class space    used 15137K, capacity 16331K, committed 16512K, reserved 1048576K
}
Event: 79.733 GC heap before
{Heap before GC invocations=79 (full 0):
 garbage-first heap   total 157696K, used 123292K [0x0000000080000000, 0x0000000100000000)
  region size 1024K, 21 young (21504K), 2 survivors (2048K)
 Metaspace       used 120889K, capacity 123940K, committed 124112K, reserved 1157120K
  class space    used 15251K, capacity 16472K, committed 16512K, reserved 1048576K
}
Event: 79.739 GC heap after
{Heap after GC invocations=80 (full 0):
 garbage-first heap   total 189440K, used 103011K [0x0000000080000000, 0x0000000100000000)
  region size 1024K, 1 young (1024K), 1 survivors (1024K)
 Metaspace       used 120889K, capacity 123940K, committed 124112K, reserved 1157120K
  class space    used 15251K, capacity 16472K, committed 16512K, reserved 1048576K
}
Event: 80.362 GC heap before
{Heap before GC invocations=80 (full 0):
 garbage-first heap   total 189440K, used 119395K [0x0000000080000000, 0x0000000100000000)
  region size 1024K, 19 young (19456K), 1 survivors (1024K)
 Metaspace       used 122272K, capacity 125526K, committed 125648K, reserved 1159168K
  class space    used 15432K, capacity 16711K, committed 16768K, reserved 1048576K
}
Event: 80.368 GC heap after
{Heap after GC invocations=81 (full 0):
 garbage-first heap   total 189440K, used 106437K [0x0000000080000000, 0x0000000100000000)
  region size 1024K, 5 young (5120K), 5 survivors (5120K)
 Metaspace       used 122272K, capacity 125526K, committed 125648K, reserved 1159168K
  class space    used 15432K, capacity 16711K, committed 16768K, reserved 1048576K
}
Event: 81.959 GC heap before
{Heap before GC invocations=82 (full 0):
 garbage-first heap   total 189440K, used 125893K [0x0000000080000000, 0x0000000100000000)
  region size 1024K, 25 young (25600K), 5 survivors (5120K)
 Metaspace       used 122311K, capacity 125388K, committed 126160K, reserved 1159168K
  class space    used 15324K, capacity 16485K, committed 16768K, reserved 1048576K
}
Event: 81.966 GC heap after
{Heap after GC invocations=83 (full 0):
 garbage-first heap   total 189440K, used 103461K [0x0000000080000000, 0x0000000100000000)
  region size 1024K, 1 young (1024K), 1 survivors (1024K)
 Metaspace       used 122311K, capacity 125388K, committed 126160K, reserved 1159168K
  class space    used 15324K, capacity 16485K, committed 16768K, reserved 1048576K
}
Event: 83.397 GC heap before
{Heap before GC invocations=84 (full 0):
 garbage-first heap   total 189440K, used 182309K [0x0000000080000000, 0x0000000100000000)
  region size 1024K, 39 young (39936K), 1 survivors (1024K)
 Metaspace       used 122795K, capacity 125860K, committed 126544K, reserved 1159168K
  class space    used 15389K, capacity 16556K, committed 16896K, reserved 1048576K
}
Event: 83.431 GC heap after
{Heap after GC invocations=85 (full 0):
 garbage-first heap   total 201728K, used 138290K [0x0000000080000000, 0x0000000100000000)
  region size 1024K, 5 young (5120K), 5 survivors (5120K)
 Metaspace       used 122795K, capacity 125860K, committed 126544K, reserved 1159168K
  class space    used 15389K, capacity 16556K, committed 16896K, reserved 1048576K
}
Event: 83.461 GC heap before
{Heap before GC invocations=85 (full 0):
 garbage-first heap   total 201728K, used 143410K [0x0000000080000000, 0x0000000100000000)
  region size 1024K, 9 young (9216K), 5 survivors (5120K)
 Metaspace       used 122795K, capacity 125860K, committed 126544K, reserved 1159168K
  class space    used 15389K, capacity 16556K, committed 16896K, reserved 1048576K
}
Event: 83.484 GC heap after
{Heap after GC invocations=86 (full 0):
 garbage-first heap   total 201728K, used 138019K [0x0000000080000000, 0x0000000100000000)
  region size 1024K, 2 young (2048K), 2 survivors (2048K)
 Metaspace       used 122795K, capacity 125860K, committed 126544K, reserved 1159168K
  class space    used 15389K, capacity 16556K, committed 16896K, reserved 1048576K
}
Event: 84.309 GC heap before
{Heap before GC invocations=86 (full 0):
 garbage-first heap   total 201728K, used 160547K [0x0000000080000000, 0x0000000100000000)
  region size 1024K, 25 young (25600K), 2 survivors (2048K)
 Metaspace       used 123530K, capacity 126616K, committed 127440K, reserved 1159168K
  class space    used 15511K, capacity 16678K, committed 17024K, reserved 1048576K
}
Event: 84.335 GC heap after
{Heap after GC invocations=87 (full 0):
 garbage-first heap   total 201728K, used 149504K [0x0000000080000000, 0x0000000100000000)
  region size 1024K, 4 young (4096K), 4 survivors (4096K)
 Metaspace       used 123530K, capacity 126616K, committed 127440K, reserved 1159168K
  class space    used 15511K, capacity 16678K, committed 17024K, reserved 1048576K
}
Event: 84.765 GC heap before
{Heap before GC invocations=87 (full 0):
 garbage-first heap   total 201728K, used 163840K [0x0000000080000000, 0x0000000100000000)
  region size 1024K, 19 young (19456K), 4 survivors (4096K)
 Metaspace       used 123593K, capacity 126684K, committed 127440K, reserved 1159168K
  class space    used 15512K, capacity 16679K, committed 17024K, reserved 1048576K
}
Event: 84.794 GC heap after
{Heap after GC invocations=88 (full 0):
 garbage-first heap   total 201728K, used 158088K [0x0000000080000000, 0x0000000100000000)
  region size 1024K, 3 young (3072K), 3 survivors (3072K)
 Metaspace       used 123593K, capacity 126684K, committed 127440K, reserved 1159168K
  class space    used 15512K, capacity 16679K, committed 17024K, reserved 1048576K
}

Deoptimization events (20 events):
Event: 84.822 Thread 0x0000024b7f56e800 DEOPT PACKING pc=0x0000024b65f9088c sp=0x0000005d8d4fecf0
Event: 84.822 Thread 0x0000024b7f56e800 DEOPT UNPACKING pc=0x0000024b6328a95e sp=0x0000005d8d4fe330 mode 0
Event: 84.826 Thread 0x0000024b7f56e800 DEOPT PACKING pc=0x0000024b65f9088c sp=0x0000005d8d4fecf0
Event: 84.827 Thread 0x0000024b7f56e800 DEOPT UNPACKING pc=0x0000024b6328a95e sp=0x0000005d8d4fe330 mode 0
Event: 84.881 Thread 0x0000024b7f56e800 DEOPT PACKING pc=0x0000024b65f9088c sp=0x0000005d8d4fecf0
Event: 84.881 Thread 0x0000024b7f56e800 DEOPT UNPACKING pc=0x0000024b6328a95e sp=0x0000005d8d4fe330 mode 0
Event: 84.920 Thread 0x0000024b7f56e800 DEOPT PACKING pc=0x0000024b65f9088c sp=0x0000005d8d4fecf0
Event: 84.920 Thread 0x0000024b7f56e800 DEOPT UNPACKING pc=0x0000024b6328a95e sp=0x0000005d8d4fe330 mode 0
Event: 84.927 Thread 0x0000024b7f56e800 DEOPT PACKING pc=0x0000024b65f9088c sp=0x0000005d8d4fecf0
Event: 84.927 Thread 0x0000024b7f56e800 DEOPT UNPACKING pc=0x0000024b6328a95e sp=0x0000005d8d4fe330 mode 0
Event: 84.933 Thread 0x0000024b7f56e800 DEOPT PACKING pc=0x0000024b65f9088c sp=0x0000005d8d4fecf0
Event: 84.933 Thread 0x0000024b7f56e800 DEOPT UNPACKING pc=0x0000024b6328a95e sp=0x0000005d8d4fe330 mode 0
Event: 84.938 Thread 0x0000024b7f56e800 Uncommon trap: trap_request=0xffffff4d fr.pc=0x0000024b6b2fd1f0 relative=0x0000000000000050
Event: 84.938 Thread 0x0000024b7f56e800 Uncommon trap: reason=unstable_if action=reinterpret pc=0x0000024b6b2fd1f0 method=java.lang.Float.isNaN(F)Z @ 3 c2
Event: 84.938 Thread 0x0000024b7f56e800 DEOPT PACKING pc=0x0000024b6b2fd1f0 sp=0x0000005d8d4fea50
Event: 84.938 Thread 0x0000024b7f56e800 DEOPT UNPACKING pc=0x0000024b6328a1af sp=0x0000005d8d4fe9e0 mode 2
Event: 84.940 Thread 0x0000024b7f56e800 DEOPT PACKING pc=0x0000024b65f9088c sp=0x0000005d8d4fecf0
Event: 84.940 Thread 0x0000024b7f56e800 DEOPT UNPACKING pc=0x0000024b6328a95e sp=0x0000005d8d4fe330 mode 0
Event: 84.975 Thread 0x0000024b7f56e800 DEOPT PACKING pc=0x0000024b65f9088c sp=0x0000005d8d4fecf0
Event: 84.975 Thread 0x0000024b7f56e800 DEOPT UNPACKING pc=0x0000024b6328a95e sp=0x0000005d8d4fe330 mode 0

Classes redefined (0 events):
No events

Internal exceptions (20 events):
Event: 81.139 Thread 0x0000024b7f560000 Exception <a 'sun/nio/fs/WindowsException'{0x000000008b88a858}> (0x000000008b88a858) thrown at [./src/hotspot/share/prims/jni.cpp, line 616]
Event: 81.167 Thread 0x0000024b7f560000 Exception <a 'sun/nio/fs/WindowsException'{0x000000008b0cf6f8}> (0x000000008b0cf6f8) thrown at [./src/hotspot/share/prims/jni.cpp, line 616]
Event: 81.170 Thread 0x0000024b7f560000 Exception <a 'sun/nio/fs/WindowsException'{0x000000008b0d6630}> (0x000000008b0d6630) thrown at [./src/hotspot/share/prims/jni.cpp, line 616]
Event: 81.172 Thread 0x0000024b7f560000 Exception <a 'sun/nio/fs/WindowsException'{0x000000008b0e1240}> (0x000000008b0e1240) thrown at [./src/hotspot/share/prims/jni.cpp, line 616]
Event: 81.174 Thread 0x0000024b7f560000 Exception <a 'sun/nio/fs/WindowsException'{0x000000008b0e6178}> (0x000000008b0e6178) thrown at [./src/hotspot/share/prims/jni.cpp, line 616]
Event: 81.177 Thread 0x0000024b7f560000 Exception <a 'sun/nio/fs/WindowsException'{0x000000008afc75c0}> (0x000000008afc75c0) thrown at [./src/hotspot/share/prims/jni.cpp, line 616]
Event: 81.180 Thread 0x0000024b7f560000 Exception <a 'sun/nio/fs/WindowsException'{0x000000008afce608}> (0x000000008afce608) thrown at [./src/hotspot/share/prims/jni.cpp, line 616]
Event: 81.184 Thread 0x0000024b7f560000 Exception <a 'sun/nio/fs/WindowsException'{0x000000008afd59d8}> (0x000000008afd59d8) thrown at [./src/hotspot/share/prims/jni.cpp, line 616]
Event: 81.189 Thread 0x0000024b7f560000 Exception <a 'sun/nio/fs/WindowsException'{0x000000008afdb800}> (0x000000008afdb800) thrown at [./src/hotspot/share/prims/jni.cpp, line 616]
Event: 81.193 Thread 0x0000024b7f560000 Exception <a 'sun/nio/fs/WindowsException'{0x000000008adc0a58}> (0x000000008adc0a58) thrown at [./src/hotspot/share/prims/jni.cpp, line 616]
Event: 81.195 Thread 0x0000024b7f560000 Exception <a 'sun/nio/fs/WindowsException'{0x000000008adc5670}> (0x000000008adc5670) thrown at [./src/hotspot/share/prims/jni.cpp, line 616]
Event: 81.642 Thread 0x0000024b7f560000 Exception <a 'sun/nio/fs/WindowsException'{0x000000008add1288}> (0x000000008add1288) thrown at [./src/hotspot/share/prims/jni.cpp, line 616]
Event: 81.653 Thread 0x0000024b7f560000 Exception <a 'sun/nio/fs/WindowsException'{0x000000008add9060}> (0x000000008add9060) thrown at [./src/hotspot/share/prims/jni.cpp, line 616]
Event: 81.655 Thread 0x0000024b7f560000 Exception <a 'sun/nio/fs/WindowsException'{0x000000008addf298}> (0x000000008addf298) thrown at [./src/hotspot/share/prims/jni.cpp, line 616]
Event: 81.658 Thread 0x0000024b7f560000 Exception <a 'sun/nio/fs/WindowsException'{0x000000008ade6698}> (0x000000008ade6698) thrown at [./src/hotspot/share/prims/jni.cpp, line 616]
Event: 81.660 Thread 0x0000024b7f560000 Exception <a 'sun/nio/fs/WindowsException'{0x000000008accb4a8}> (0x000000008accb4a8) thrown at [./src/hotspot/share/prims/jni.cpp, line 616]
Event: 81.662 Thread 0x0000024b7f560000 Exception <a 'sun/nio/fs/WindowsException'{0x000000008acd2000}> (0x000000008acd2000) thrown at [./src/hotspot/share/prims/jni.cpp, line 616]
Event: 81.798 Thread 0x0000024b7f452800 Exception <a 'java/lang/NoSuchMethodError'{0x000000008a8a18b0}: <clinit>> (0x000000008a8a18b0) thrown at [./src/hotspot/share/prims/jni.cpp, line 1366]
Event: 82.378 Thread 0x0000024b7f569800 Exception <a 'sun/nio/fs/WindowsException'{0x000000008b77b0d0}> (0x000000008b77b0d0) thrown at [./src/hotspot/share/prims/jni.cpp, line 616]
Event: 83.492 Thread 0x0000024b7f569800 Implicit null exception at 0x0000024b6b75289c to 0x0000024b6b7533ec

Events (20 events):
Event: 83.818 loading class com/android/tools/r8/internal/nK
Event: 83.818 loading class com/android/tools/r8/internal/nK done
Event: 83.819 loading class com/android/tools/r8/internal/sK
Event: 83.819 loading class com/android/tools/r8/internal/sK done
Event: 83.820 loading class com/android/tools/r8/graph/N2
Event: 83.820 loading class com/android/tools/r8/graph/N2 done
Event: 83.821 loading class com/android/tools/r8/internal/qK
Event: 83.821 loading class com/android/tools/r8/internal/qK done
Event: 83.821 loading class com/android/tools/r8/internal/vK
Event: 83.821 loading class com/android/tools/r8/internal/vK done
Event: 84.309 Executing VM operation: G1CollectForAllocation
Event: 84.335 Executing VM operation: G1CollectForAllocation done
Event: 84.588 loading class com/android/tools/r8/graph/a0$a
Event: 84.588 loading class com/android/tools/r8/graph/a0$a done
Event: 84.588 loading class com/android/tools/r8/graph/a0$a
Event: 84.588 loading class com/android/tools/r8/graph/a0$a done
Event: 84.588 loading class com/android/tools/r8/dex/i
Event: 84.588 loading class com/android/tools/r8/dex/i done
Event: 84.764 Executing VM operation: G1CollectForAllocation
Event: 84.794 Executing VM operation: G1CollectForAllocation done


Dynamic libraries:
0x00007ff706db0000 - 0x00007ff706dba000 	C:\Program Files\Android\Android Studio\jre\bin\java.exe
0x00007ffe810b0000 - 0x00007ffe812a8000 	C:\Windows\SYSTEM32\ntdll.dll
0x00007ffe7faa0000 - 0x00007ffe7fb5f000 	C:\Windows\System32\KERNEL32.DLL
0x00007ffe7e7e0000 - 0x00007ffe7eab2000 	C:\Windows\System32\KERNELBASE.dll
0x00007ffe7eac0000 - 0x00007ffe7ebc0000 	C:\Windows\System32\ucrtbase.dll
0x00007ffe75400000 - 0x00007ffe75419000 	C:\Program Files\Android\Android Studio\jre\bin\jli.dll
0x00007ffe7f180000 - 0x00007ffe7f31d000 	C:\Windows\System32\USER32.dll
0x00007ffe7f0d0000 - 0x00007ffe7f0f2000 	C:\Windows\System32\win32u.dll
0x00007ffe80df0000 - 0x00007ffe80e1b000 	C:\Windows\System32\GDI32.dll
0x00007ffe7ed60000 - 0x00007ffe7ee6f000 	C:\Windows\System32\gdi32full.dll
0x00007ffe7ecc0000 - 0x00007ffe7ed5d000 	C:\Windows\System32\msvcp_win.dll
0x00007ffe73d70000 - 0x00007ffe73d87000 	C:\Program Files\Android\Android Studio\jre\bin\VCRUNTIME140.dll
0x00007ffe67720000 - 0x00007ffe679ba000 	C:\Windows\WinSxS\amd64_microsoft.windows.common-controls_6595b64144ccf1df_6.0.19041.1110_none_60b5254171f9507e\COMCTL32.dll
0x00007ffe7f5d0000 - 0x00007ffe7f66e000 	C:\Windows\System32\msvcrt.dll
0x00007ffe803d0000 - 0x00007ffe80402000 	C:\Windows\System32\IMM32.DLL
0x00007ffe36000000 - 0x00007ffe3609d000 	C:\Program Files\Android\Android Studio\jre\bin\msvcp140.dll
0x00007ffe1e580000 - 0x00007ffe1f082000 	C:\Program Files\Android\Android Studio\jre\bin\server\jvm.dll
0x00007ffe80320000 - 0x00007ffe803ce000 	C:\Windows\System32\ADVAPI32.dll
0x00007ffe80fd0000 - 0x00007ffe8106c000 	C:\Windows\System32\sechost.dll
0x00007ffe7f330000 - 0x00007ffe7f455000 	C:\Windows\System32\RPCRT4.dll
0x00007ffe80420000 - 0x00007ffe80428000 	C:\Windows\System32\PSAPI.DLL
0x00007ffe75da0000 - 0x00007ffe75da9000 	C:\Windows\SYSTEM32\WSOCK32.dll
0x00007ffe7fb60000 - 0x00007ffe7fbcb000 	C:\Windows\System32\WS2_32.dll
0x00007ffe51d20000 - 0x00007ffe51d47000 	C:\Windows\SYSTEM32\WINMM.dll
0x00007ffe73d90000 - 0x00007ffe73d9a000 	C:\Windows\SYSTEM32\VERSION.dll
0x00007ffe7c810000 - 0x00007ffe7c822000 	C:\Windows\SYSTEM32\kernel.appcore.dll
0x00007ffe75d80000 - 0x00007ffe75d91000 	C:\Program Files\Android\Android Studio\jre\bin\verify.dll
0x00007ffe7c600000 - 0x00007ffe7c7e4000 	C:\Windows\SYSTEM32\DBGHELP.DLL
0x00007ffe5eea0000 - 0x00007ffe5eecc000 	C:\Windows\SYSTEM32\dbgcore.DLL
0x00007ffe7f040000 - 0x00007ffe7f0c2000 	C:\Windows\System32\bcryptPrimitives.dll
0x00007ffe75b50000 - 0x00007ffe75b79000 	C:\Program Files\Android\Android Studio\jre\bin\java.dll
0x00007ffe75d60000 - 0x00007ffe75d6b000 	C:\Program Files\Android\Android Studio\jre\bin\jimage.dll
0x00007ffe74650000 - 0x00007ffe74668000 	C:\Program Files\Android\Android Studio\jre\bin\zip.dll
0x00007ffe7fbd0000 - 0x00007ffe80313000 	C:\Windows\System32\SHELL32.dll
0x00007ffe7c830000 - 0x00007ffe7cfc2000 	C:\Windows\SYSTEM32\windows.storage.dll
0x00007ffe7f670000 - 0x00007ffe7f9c4000 	C:\Windows\System32\combase.dll
0x00007ffe7e0c0000 - 0x00007ffe7e0f0000 	C:\Windows\SYSTEM32\Wldp.dll
0x00007ffe7f9d0000 - 0x00007ffe7fa7d000 	C:\Windows\System32\SHCORE.dll
0x00007ffe80790000 - 0x00007ffe807e5000 	C:\Windows\System32\shlwapi.dll
0x00007ffe7e6f0000 - 0x00007ffe7e70f000 	C:\Windows\SYSTEM32\profapi.dll
0x00007ffe743b0000 - 0x00007ffe743ca000 	C:\Program Files\Android\Android Studio\jre\bin\net.dll
0x00007ffe69e50000 - 0x00007ffe69f5c000 	C:\Windows\SYSTEM32\WINHTTP.dll
0x00007ffe7dea0000 - 0x00007ffe7df0a000 	C:\Windows\system32\mswsock.dll
0x00007ffe74350000 - 0x00007ffe74364000 	C:\Program Files\Android\Android Studio\jre\bin\nio.dll
0x00007ffe74380000 - 0x00007ffe743a7000 	C:\Users\Administrator.DESKTOP-9KBGS9Q\.gradle\native\e1d6ef7f7dcc3fd88c89a11ec53ec762bb8ba0a96d01ffa2cd45eb1d1d8dd5c5\windows-amd64\native-platform.dll
0x00007ffe33bf0000 - 0x00007ffe33d34000 	C:\Users\Administrator.DESKTOP-9KBGS9Q\.gradle\native\0d407fdbe67a94daf76414ababcb853783967236a71b16ec16e742cd7a986fd3\windows-amd64\native-platform-file-events.dll
0x00007ffe75d10000 - 0x00007ffe75d1a000 	C:\Program Files\Android\Android Studio\jre\bin\management.dll
0x00007ffe75be0000 - 0x00007ffe75bed000 	C:\Program Files\Android\Android Studio\jre\bin\management_ext.dll
0x00007ffe7e3f0000 - 0x00007ffe7e408000 	C:\Windows\SYSTEM32\CRYPTSP.dll
0x00007ffe7d7e0000 - 0x00007ffe7d814000 	C:\Windows\system32\rsaenh.dll
0x00007ffe7e7b0000 - 0x00007ffe7e7d7000 	C:\Windows\System32\bcrypt.dll
0x00007ffe7e6b0000 - 0x00007ffe7e6de000 	C:\Windows\SYSTEM32\USERENV.dll
0x00007ffe7e030000 - 0x00007ffe7e03c000 	C:\Windows\SYSTEM32\CRYPTBASE.dll
0x00007ffe7dbb0000 - 0x00007ffe7dbeb000 	C:\Windows\SYSTEM32\IPHLPAPI.DLL
0x00007ffe7f320000 - 0x00007ffe7f328000 	C:\Windows\System32\NSI.dll
0x00007ffe72420000 - 0x00007ffe72437000 	C:\Windows\SYSTEM32\dhcpcsvc6.DLL
0x00007ffe71570000 - 0x00007ffe7158d000 	C:\Windows\SYSTEM32\dhcpcsvc.DLL
0x00007ffe7dbf0000 - 0x00007ffe7dcba000 	C:\Windows\SYSTEM32\DNSAPI.dll
0x0000000070bc0000 - 0x0000000070c9c000 	C:\Users\Administrator.DESKTOP-9KBGS9Q\AppData\Local\Temp\sqlite-3.36.0-3d3b2ce6-e8a6-4a5f-b72b-657f504735d8-sqlitejdbc.dll

dbghelp: loaded successfully - version: 4.0.5 - missing functions: none
symbol engine: initialized successfully - sym options: 0x614 - pdb path: .;C:\Program Files\Android\Android Studio\jre\bin;C:\Windows\SYSTEM32;C:\Windows\WinSxS\amd64_microsoft.windows.common-controls_6595b64144ccf1df_6.0.19041.1110_none_60b5254171f9507e;C:\Program Files\Android\Android Studio\jre\bin\server;C:\Users\Administrator.DESKTOP-9KBGS9Q\.gradle\native\e1d6ef7f7dcc3fd88c89a11ec53ec762bb8ba0a96d01ffa2cd45eb1d1d8dd5c5\windows-amd64;C:\Users\Administrator.DESKTOP-9KBGS9Q\.gradle\native\0d407fdbe67a94daf76414ababcb853783967236a71b16ec16e742cd7a986fd3\windows-amd64;C:\Users\Administrator.DESKTOP-9KBGS9Q\AppData\Local\Temp

VM Arguments:
jvm_args: --add-opens=java.base/java.util=ALL-UNNAMED --add-opens=java.base/java.lang=ALL-UNNAMED --add-opens=java.base/java.lang.invoke=ALL-UNNAMED --add-opens=java.base/java.util=ALL-UNNAMED --add-opens=java.prefs/java.util.prefs=ALL-UNNAMED --add-opens=java.prefs/java.util.prefs=ALL-UNNAMED --add-opens=java.base/java.nio.charset=ALL-UNNAMED --add-opens=java.base/java.net=ALL-UNNAMED --add-opens=java.base/java.util.concurrent.atomic=ALL-UNNAMED -Xmx2048m -Dfile.encoding=UTF-8 -Duser.country=US -Duser.language=en -Duser.variant 
java_command: org.gradle.launcher.daemon.bootstrap.GradleDaemon 7.4
java_class_path (initial): C:\Users\Administrator.DESKTOP-9KBGS9Q\.gradle\wrapper\dists\gradle-7.4-bin\c0gwcg53nkjbqw7r0h0umtfvt\gradle-7.4\lib\gradle-launcher-7.4.jar
Launcher Type: SUN_STANDARD

[Global flags]
     intx CICompilerCount                          = 3                                         {product} {ergonomic}
     uint ConcGCThreads                            = 1                                         {product} {ergonomic}
     uint G1ConcRefinementThreads                  = 4                                         {product} {ergonomic}
   size_t G1HeapRegionSize                         = 1048576                                   {product} {ergonomic}
    uintx GCDrainStackTargetSize                   = 64                                        {product} {ergonomic}
   size_t InitialHeapSize                          = 134217728                                 {product} {ergonomic}
   size_t MarkStackSize                            = 4194304                                   {product} {ergonomic}
   size_t MaxHeapSize                              = 2147483648                                {product} {command line}
   size_t MaxNewSize                               = 1287651328                                {product} {ergonomic}
   size_t MinHeapDeltaBytes                        = 1048576                                   {product} {ergonomic}
    uintx NonNMethodCodeHeapSize                   = 5830732                                {pd product} {ergonomic}
    uintx NonProfiledCodeHeapSize                  = 122913754                              {pd product} {ergonomic}
    uintx ProfiledCodeHeapSize                     = 122913754                              {pd product} {ergonomic}
    uintx ReservedCodeCacheSize                    = 251658240                              {pd product} {ergonomic}
     bool SegmentedCodeCache                       = true                                      {product} {ergonomic}
     bool UseCompressedClassPointers               = true                                 {lp64_product} {ergonomic}
     bool UseCompressedOops                        = true                                 {lp64_product} {ergonomic}
     bool UseG1GC                                  = true                                      {product} {ergonomic}
     bool UseLargePagesIndividualAllocation        = false                                  {pd product} {ergonomic}

Logging:
Log output configuration:
 #0: stdout all=warning uptime,level,tags
 #1: stderr all=off uptime,level,tags

Environment Variables:
PATH=C:\Windows\system32;C:\Windows;C:\Windows\System32\Wbem;C:\Windows\System32\WindowsPowerShell\v1.0\;C:\Windows\System32\OpenSSH\;C:\Program Files\TortoiseSVN\bin;C:\Program Files\Microsoft SQL Server\Client SDK\ODBC\110\Tools\Binn\;C:\Program Files (x86)\Microsoft SQL Server\120\Tools\Binn\;C:\Program Files\Microsoft SQL Server\120\Tools\Binn\;C:\Program Files\Microsoft SQL Server\120\DTS\Binn\;C:\Program Files (x86)\Microsoft SQL Server\150\DTS\Binn\;C:\Program Files\Azure Data Studio\bin;C:\Program Files\Microsoft SQL Server\150\Tools\Binn\;C:\Program Files\Microsoft SQL Server\Client SDK\ODBC\170\Tools\Binn\;C:\Program Files (x86)\Microsoft SQL Server\150\Tools\Binn\;C:\Program Files\Microsoft SQL Server\150\DTS\Binn\;C:\Program Files\Git\cmd;C:\Program Files\Docker\Docker\resources\bin;C:\Program Files\dotnet\;C:\Program Files\nodejs\;C:\Users\Administrator.DESKTOP-9KBGS9Q\AppData\Local\Microsoft\WindowsApps;C:\Program Files\Azure Data Studio\bin;C:\Users\Administrator.DESKTOP-9KBGS9Q\AppData\Local\Programs\Microsoft VS Code\bin;C:\xampp\php;C:\Users\Administrator.DESKTOP-9KBGS9Q\.dotnet\tools;C:\Users\Administrator.DESKTOP-9KBGS9Q\AppData\Local\GitHubDesktop\bin;C:\Users\Administrator.DESKTOP-9KBGS9Q\AppData\Roaming\npm
USERNAME=Administrator
OS=Windows_NT
PROCESSOR_IDENTIFIER=Intel64 Family 6 Model 78 Stepping 3, GenuineIntel



---------------  S Y S T E M  ---------------

OS: Windows 10 , 64 bit Build 19041 (10.0.19041.2251)
OS uptime: 13 days 13:26 hours
Hyper-V role detected

CPU:total 4 (initial active 4) (2 cores per cpu, 2 threads per core) family 6 model 78 stepping 3 microcode 0xd6, cmov, cx8, fxsr, mmx, sse, sse2, sse3, ssse3, sse4.1, sse4.2, popcnt, avx, avx2, aes, clmul, erms, rtm, 3dnowpref, lzcnt, ht, tsc, tscinvbit, bmi1, bmi2, adx, fma

Memory: 4k page, system-wide physical 8072M (353M free)
TotalPageFile size 19822M (AvailPageFile size 5M)
current process WorkingSet (physical memory assigned to process): 460M, peak: 462M
current process commit charge ("private bytes"): 572M, peak: 575M

vm_info: OpenJDK 64-Bit Server VM (11.0.13+0-b1751.21-8125866) for windows-amd64 JRE (11.0.13+0-b1751.21-8125866), built on Feb  2 2022 03:00:22 by "builder" with MS VC++ 14.0 (VS2015)

END.
