#
# There is insufficient memory for the Java Runtime Environment to continue.
# Native memory allocation (mmap) failed to map 351272960 bytes for Failed to commit area from 0x0000000095500000 to 0x00000000aa400000 of length 351272960.
# Possible reasons:
#   The system is out of physical RAM or swap space
#   The process is running with CompressedOops enabled, and the Java Heap may be blocking the growth of the native heap
# Possible solutions:
#   Reduce memory load on the system
#   Increase physical memory or swap space
#   Check if swap backing store is full
#   Decrease Java heap size (-Xmx/-Xms)
#   Decrease number of Java threads
#   Decrease Java thread stack sizes (-Xss)
#   Set larger code cache with -XX:ReservedCodeCacheSize=
#   JVM is running with Unscaled Compressed Oops mode in which the Java heap is
#     placed in the first 4GB address space. The Java Heap base address is the
#     maximum limit for the native heap growth. Please use -XX:HeapBaseMinAddress
#     to set the Java Heap base and to place the Java Heap above 4GB virtual address.
# This output file may be truncated or incomplete.
#
#  Out of Memory Error (./src/hotspot/os/windows/os_windows.cpp:3619), pid=20864, tid=7444
#
# JRE version: OpenJDK Runtime Environment (11.0.13) (build 11.0.13+0-b1751.21-8125866)
# Java VM: OpenJDK 64-Bit Server VM (11.0.13+0-b1751.21-8125866, mixed mode, tiered, compressed oops, g1 gc, windows-amd64)
# No core dump will be written. Minidumps are not enabled by default on client versions of Windows
#

---------------  S U M M A R Y ------------

Command Line: --add-opens=java.base/java.util=ALL-UNNAMED --add-opens=java.base/java.lang=ALL-UNNAMED --add-opens=java.base/java.lang.invoke=ALL-UNNAMED --add-opens=java.base/java.util=ALL-UNNAMED --add-opens=java.prefs/java.util.prefs=ALL-UNNAMED --add-opens=java.prefs/java.util.prefs=ALL-UNNAMED --add-opens=java.base/java.nio.charset=ALL-UNNAMED --add-opens=java.base/java.net=ALL-UNNAMED --add-opens=java.base/java.util.concurrent.atomic=ALL-UNNAMED -Xmx2048m -Dfile.encoding=UTF-8 -Duser.country=US -Duser.language=en -Duser.variant org.gradle.launcher.daemon.bootstrap.GradleDaemon 7.4

Host: Intel(R) Core(TM) i5-6300U CPU @ 2.40GHz, 4 cores, 7G,  Windows 10 , 64 bit Build 19041 (10.0.19041.2251)
Time: Sun Jan  1 23:02:05 2023 Pakistan Standard Time elapsed time: 84.700670 seconds (0d 0h 1m 24s)

---------------  T H R E A D  ---------------

Current thread (0x000001d32ab3b800):  VMThread "VM Thread" [stack: 0x0000002882700000,0x0000002882800000] [id=7444]

Stack: [0x0000002882700000,0x0000002882800000]
[error occurred during error reporting (printing stack bounds), id 0xc0000005, EXCEPTION_ACCESS_VIOLATION (0xc0000005) at pc=0x000001d314a6112d]

Native frames: (J=compiled Java code, j=interpreted, Vv=VM code, C=native code)
V  [jvm.dll+0x6100fa]
V  [jvm.dll+0x747090]
V  [jvm.dll+0x7486ad]
V  [jvm.dll+0x748ce5]
V  [jvm.dll+0x748c9b]
V  [jvm.dll+0x60f224]
V  [jvm.dll+0x60f9b8]
C  [ntdll.dll+0xa241f]
C  [ntdll.dll+0x514a4]
C  [ntdll.dll+0xa0f4e]
C  0x000001d314a6112d

VM_Operation (0x0000002888ffdfd0): G1CollectForAllocation, mode: safepoint, requested by thread 0x000001d3329c4000


---------------  P R O C E S S  ---------------

Threads class SMR info:
_java_thread_list=0x000001d331836d00, length=100, elements={
0x000001d310f44800, 0x000001d32ab3f800, 0x000001d32ab41000, 0x000001d32ab5b800,
0x000001d32ab5c800, 0x000001d32ab62800, 0x000001d32ab67800, 0x000001d32ab6c800,
0x000001d32ab6f000, 0x000001d32b600800, 0x000001d32d654000, 0x000001d32d500800,
0x000001d32defe800, 0x000001d32e98f000, 0x000001d32d27d000, 0x000001d32ca9c000,
0x000001d32c3df800, 0x000001d32dbe2000, 0x000001d32cccd800, 0x000001d32e1e3800,
0x000001d32e1ea000, 0x000001d32e1e8800, 0x000001d32e1e4800, 0x000001d32e1e5800,
0x000001d32e1e6000, 0x000001d32e1e7000, 0x000001d32e1e9800, 0x000001d32e1e7800,
0x000001d32da3a800, 0x000001d32da3c000, 0x000001d32da3c800, 0x000001d32da39800,
0x000001d32da3d800, 0x000001d32da38000, 0x000001d32da40000, 0x000001d32da3e800,
0x000001d32da44000, 0x000001d32da42800, 0x000001d32da45000, 0x000001d32da41800,
0x000001d32da43800, 0x000001d32da3f000, 0x000001d32da45800, 0x000001d32da46800,
0x000001d32da41000, 0x000001d330b89000, 0x000001d330b8a800, 0x000001d330b8e800,
0x000001d330b8f800, 0x000001d330b89800, 0x000001d330b8d800, 0x000001d330b8d000,
0x000001d330b91000, 0x000001d330b8b800, 0x000001d330b90000, 0x000001d330b92000,
0x000001d330b8c000, 0x000001d330b97800, 0x000001d330b92800, 0x000001d330b96800,
0x000001d330b93800, 0x000001d330b95000, 0x000001d330b94000, 0x000001d330b96000,
0x000001d32f2b5800, 0x000001d32f2b7000, 0x000001d32f2b6800, 0x000001d32f2be000,
0x000001d32f2bc000, 0x000001d32f2bd000, 0x000001d32f2b9000, 0x000001d32f2b8000,
0x000001d32f2bf800, 0x000001d32f2be800, 0x000001d32f2b9800, 0x000001d32f2c0000,
0x000001d32f2ba800, 0x000001d32f2bb800, 0x000001d32f2c4800, 0x000001d32f2c2000,
0x000001d32f2c2800, 0x000001d32f2c3800, 0x000001d3343ba800, 0x000001d3343b5800,
0x000001d3343b6000, 0x000001d3343bc000, 0x000001d3329c0000, 0x000001d3329bc000,
0x000001d3329bd800, 0x000001d3329bd000, 0x000001d3329be800, 0x000001d3329bf800,
0x000001d3329ba800, 0x000001d3329c1000, 0x000001d3329c3800, 0x000001d3329c2000,
0x000001d3329c4000, 0x000001d3329c7800, 0x000001d3329c5000, 0x000001d3387cb800
}

Java Threads: ( => current thread )
  0x000001d310f44800 JavaThread "main" [_thread_blocked, id=12952, stack(0x0000002882100000,0x0000002882200000)]
  0x000001d32ab3f800 JavaThread "Reference Handler" daemon [_thread_blocked, id=18048, stack(0x0000002882800000,0x0000002882900000)]
  0x000001d32ab41000 JavaThread "Finalizer" daemon [_thread_blocked, id=16668, stack(0x0000002882900000,0x0000002882a00000)]
  0x000001d32ab5b800 JavaThread "Signal Dispatcher" daemon [_thread_blocked, id=6860, stack(0x0000002882a00000,0x0000002882b00000)]
  0x000001d32ab5c800 JavaThread "Attach Listener" daemon [_thread_blocked, id=16464, stack(0x0000002882b00000,0x0000002882c00000)]
  0x000001d32ab62800 JavaThread "Service Thread" daemon [_thread_blocked, id=27468, stack(0x0000002882c00000,0x0000002882d00000)]
  0x000001d32ab67800 JavaThread "C2 CompilerThread0" daemon [_thread_in_native, id=22540, stack(0x0000002882d00000,0x0000002882e00000)]
  0x000001d32ab6c800 JavaThread "C1 CompilerThread0" daemon [_thread_blocked, id=19948, stack(0x0000002882e00000,0x0000002882f00000)]
  0x000001d32ab6f000 JavaThread "Sweeper thread" daemon [_thread_blocked, id=5972, stack(0x0000002882f00000,0x0000002883000000)]
  0x000001d32b600800 JavaThread "Common-Cleaner" daemon [_thread_blocked, id=26780, stack(0x0000002883000000,0x0000002883100000)]
  0x000001d32d654000 JavaThread "Daemon health stats" [_thread_blocked, id=15416, stack(0x0000002883500000,0x0000002883600000)]
  0x000001d32d500800 JavaThread "Incoming local TCP Connector on port 64823" [_thread_in_native, id=4056, stack(0x0000002883200000,0x0000002883300000)]
  0x000001d32defe800 JavaThread "Daemon periodic checks" [_thread_blocked, id=1592, stack(0x0000002883600000,0x0000002883700000)]
  0x000001d32e98f000 JavaThread "Daemon" [_thread_blocked, id=1500, stack(0x0000002883700000,0x0000002883800000)]
  0x000001d32d27d000 JavaThread "Handler for socket connection from /127.0.0.1:64823 to /127.0.0.1:64824" [_thread_in_native, id=4368, stack(0x0000002883800000,0x0000002883900000)]
  0x000001d32ca9c000 JavaThread "Cancel handler" [_thread_blocked, id=14052, stack(0x0000002883a00000,0x0000002883b00000)]
  0x000001d32c3df800 JavaThread "Daemon worker" [_thread_blocked, id=24936, stack(0x0000002883b00000,0x0000002883c00000)]
  0x000001d32dbe2000 JavaThread "Asynchronous log dispatcher for DefaultDaemonConnection: socket connection from /127.0.0.1:64823 to /127.0.0.1:64824" [_thread_blocked, id=15148, stack(0x0000002883d00000,0x0000002883e00000)]
  0x000001d32cccd800 JavaThread "Daemon client event forwarder" [_thread_blocked, id=15336, stack(0x0000002883f00000,0x0000002884000000)]
  0x000001d32e1e3800 JavaThread "Cache worker for journal cache (C:\Users\Administrator.DESKTOP-9KBGS9Q\.gradle\caches\journal-1)" [_thread_blocked, id=3272, stack(0x0000002884000000,0x0000002884100000)]
  0x000001d32e1ea000 JavaThread "File lock request listener" [_thread_in_native, id=11400, stack(0x0000002884100000,0x0000002884200000)]
  0x000001d32e1e8800 JavaThread "Cache worker for file hash cache (C:\Users\Administrator.DESKTOP-9KBGS9Q\.gradle\caches\7.4\fileHashes)" [_thread_blocked, id=16860, stack(0x0000002883c00000,0x0000002883d00000)]
  0x000001d32e1e4800 JavaThread "File watcher server" daemon [_thread_blocked, id=15328, stack(0x0000002884300000,0x0000002884400000)]
  0x000001d32e1e5800 JavaThread "File watcher consumer" daemon [_thread_blocked, id=3884, stack(0x0000002884400000,0x0000002884500000)]
  0x000001d32e1e6000 JavaThread "Cache worker for checksums cache (C:\Users\Administrator.DESKTOP-9KBGS9Q\AndroidStudioProjects\One1\.gradle\7.4\checksums)" [_thread_blocked, id=3248, stack(0x0000002884200000,0x0000002884300000)]
  0x000001d32e1e7000 JavaThread "Cache worker for cache directory md-rule (C:\Users\Administrator.DESKTOP-9KBGS9Q\.gradle\caches\7.4\md-rule)" [_thread_blocked, id=25960, stack(0x0000002884500000,0x0000002884600000)]
  0x000001d32e1e9800 JavaThread "Cache worker for file hash cache (C:\Users\Administrator.DESKTOP-9KBGS9Q\AndroidStudioProjects\One1\.gradle\7.4\fileHashes)" [_thread_blocked, id=17988, stack(0x0000002884700000,0x0000002884800000)]
  0x000001d32e1e7800 JavaThread "Cache worker for cache directory md-supplier (C:\Users\Administrator.DESKTOP-9KBGS9Q\.gradle\caches\7.4\md-supplier)" [_thread_blocked, id=14916, stack(0x0000002884800000,0x0000002884900000)]
  0x000001d32da3a800 JavaThread "Cache worker for execution history cache (C:\Users\Administrator.DESKTOP-9KBGS9Q\.gradle\caches\7.4\executionHistory)" [_thread_blocked, id=22988, stack(0x0000002884600000,0x0000002884700000)]
  0x000001d32da3c000 JavaThread "jar transforms" [_thread_blocked, id=7400, stack(0x0000002884a00000,0x0000002884b00000)]
  0x000001d32da3c800 JavaThread "Cache worker for file content cache (C:\Users\Administrator.DESKTOP-9KBGS9Q\.gradle\caches\7.4\fileContent)" [_thread_blocked, id=12904, stack(0x0000002884b00000,0x0000002884c00000)]
  0x000001d32da39800 JavaThread "jar transforms Thread 2" [_thread_blocked, id=24944, stack(0x0000002884c00000,0x0000002884d00000)]
  0x000001d32da3d800 JavaThread "Cache worker for dependencies-accessors (C:\Users\Administrator.DESKTOP-9KBGS9Q\AndroidStudioProjects\One1\.gradle\7.4\dependencies-accessors)" [_thread_blocked, id=16968, stack(0x0000002884900000,0x0000002884a00000)]
  0x000001d32da38000 JavaThread "jar transforms Thread 3" [_thread_blocked, id=14464, stack(0x0000002884e00000,0x0000002884f00000)]
  0x000001d32da40000 JavaThread "Cache worker for Build Output Cleanup Cache (C:\Users\Administrator.DESKTOP-9KBGS9Q\AndroidStudioProjects\One1\.gradle\buildOutputCleanup)" [_thread_blocked, id=18592, stack(0x0000002884d00000,0x0000002884e00000)]
  0x000001d32da3e800 JavaThread "Unconstrained build operations" [_thread_blocked, id=23680, stack(0x0000002885000000,0x0000002885100000)]
  0x000001d32da44000 JavaThread "Unconstrained build operations Thread 2" [_thread_blocked, id=3604, stack(0x0000002885100000,0x0000002885200000)]
  0x000001d32da42800 JavaThread "Unconstrained build operations Thread 3" [_thread_blocked, id=13956, stack(0x0000002885200000,0x0000002885300000)]
  0x000001d32da45000 JavaThread "Unconstrained build operations Thread 4" [_thread_blocked, id=540, stack(0x0000002885300000,0x0000002885400000)]
  0x000001d32da41800 JavaThread "Unconstrained build operations Thread 5" [_thread_blocked, id=12444, stack(0x0000002885400000,0x0000002885500000)]
  0x000001d32da43800 JavaThread "Unconstrained build operations Thread 6" [_thread_blocked, id=13880, stack(0x0000002885500000,0x0000002885600000)]
  0x000001d32da3f000 JavaThread "Unconstrained build operations Thread 7" [_thread_blocked, id=10228, stack(0x0000002885600000,0x0000002885700000)]
  0x000001d32da45800 JavaThread "Unconstrained build operations Thread 8" [_thread_blocked, id=25504, stack(0x0000002885700000,0x0000002885800000)]
  0x000001d32da46800 JavaThread "Unconstrained build operations Thread 9" [_thread_blocked, id=26236, stack(0x0000002885800000,0x0000002885900000)]
  0x000001d32da41000 JavaThread "Unconstrained build operations Thread 10" [_thread_blocked, id=8412, stack(0x0000002885900000,0x0000002885a00000)]
  0x000001d330b89000 JavaThread "Unconstrained build operations Thread 11" [_thread_blocked, id=4448, stack(0x0000002885a00000,0x0000002885b00000)]
  0x000001d330b8a800 JavaThread "Unconstrained build operations Thread 12" [_thread_blocked, id=12620, stack(0x0000002885b00000,0x0000002885c00000)]
  0x000001d330b8e800 JavaThread "Unconstrained build operations Thread 13" [_thread_blocked, id=25468, stack(0x0000002885c00000,0x0000002885d00000)]
  0x000001d330b8f800 JavaThread "Unconstrained build operations Thread 14" [_thread_blocked, id=21692, stack(0x0000002885d00000,0x0000002885e00000)]
  0x000001d330b89800 JavaThread "Unconstrained build operations Thread 15" [_thread_blocked, id=10000, stack(0x0000002885e00000,0x0000002885f00000)]
  0x000001d330b8d800 JavaThread "Unconstrained build operations Thread 16" [_thread_blocked, id=26260, stack(0x0000002885f00000,0x0000002886000000)]
  0x000001d330b8d000 JavaThread "Unconstrained build operations Thread 17" [_thread_blocked, id=5188, stack(0x0000002886000000,0x0000002886100000)]
  0x000001d330b91000 JavaThread "Unconstrained build operations Thread 18" [_thread_blocked, id=13940, stack(0x0000002886100000,0x0000002886200000)]
  0x000001d330b8b800 JavaThread "Unconstrained build operations Thread 19" [_thread_blocked, id=8540, stack(0x0000002886200000,0x0000002886300000)]
  0x000001d330b90000 JavaThread "Unconstrained build operations Thread 20" [_thread_blocked, id=3496, stack(0x0000002886300000,0x0000002886400000)]
  0x000001d330b92000 JavaThread "Unconstrained build operations Thread 21" [_thread_blocked, id=25232, stack(0x0000002886400000,0x0000002886500000)]
  0x000001d330b8c000 JavaThread "Unconstrained build operations Thread 22" [_thread_blocked, id=26488, stack(0x0000002886500000,0x0000002886600000)]
  0x000001d330b97800 JavaThread "Unconstrained build operations Thread 23" [_thread_blocked, id=13300, stack(0x0000002886600000,0x0000002886700000)]
  0x000001d330b92800 JavaThread "Unconstrained build operations Thread 24" [_thread_blocked, id=22084, stack(0x0000002886700000,0x0000002886800000)]
  0x000001d330b96800 JavaThread "Unconstrained build operations Thread 25" [_thread_blocked, id=17224, stack(0x0000002886800000,0x0000002886900000)]
  0x000001d330b93800 JavaThread "Unconstrained build operations Thread 26" [_thread_blocked, id=10412, stack(0x0000002886900000,0x0000002886a00000)]
  0x000001d330b95000 JavaThread "Unconstrained build operations Thread 27" [_thread_blocked, id=23168, stack(0x0000002886a00000,0x0000002886b00000)]
  0x000001d330b94000 JavaThread "Unconstrained build operations Thread 28" [_thread_blocked, id=5900, stack(0x0000002886b00000,0x0000002886c00000)]
  0x000001d330b96000 JavaThread "Unconstrained build operations Thread 29" [_thread_blocked, id=4552, stack(0x0000002886c00000,0x0000002886d00000)]
  0x000001d32f2b5800 JavaThread "Unconstrained build operations Thread 30" [_thread_blocked, id=25372, stack(0x0000002886d00000,0x0000002886e00000)]
  0x000001d32f2b7000 JavaThread "Unconstrained build operations Thread 31" [_thread_blocked, id=15100, stack(0x0000002886e00000,0x0000002886f00000)]
  0x000001d32f2b6800 JavaThread "Unconstrained build operations Thread 32" [_thread_blocked, id=8244, stack(0x0000002886f00000,0x0000002887000000)]
  0x000001d32f2be000 JavaThread "Unconstrained build operations Thread 33" [_thread_blocked, id=4672, stack(0x0000002887000000,0x0000002887100000)]
  0x000001d32f2bc000 JavaThread "Unconstrained build operations Thread 34" [_thread_blocked, id=16320, stack(0x0000002887100000,0x0000002887200000)]
  0x000001d32f2bd000 JavaThread "Unconstrained build operations Thread 35" [_thread_blocked, id=20576, stack(0x0000002887200000,0x0000002887300000)]
  0x000001d32f2b9000 JavaThread "Unconstrained build operations Thread 36" [_thread_blocked, id=5200, stack(0x0000002887300000,0x0000002887400000)]
  0x000001d32f2b8000 JavaThread "Unconstrained build operations Thread 37" [_thread_blocked, id=3092, stack(0x0000002887400000,0x0000002887500000)]
  0x000001d32f2bf800 JavaThread "Unconstrained build operations Thread 38" [_thread_blocked, id=14864, stack(0x0000002887500000,0x0000002887600000)]
  0x000001d32f2be800 JavaThread "Unconstrained build operations Thread 39" [_thread_blocked, id=8624, stack(0x0000002887600000,0x0000002887700000)]
  0x000001d32f2b9800 JavaThread "Unconstrained build operations Thread 40" [_thread_blocked, id=17048, stack(0x0000002887700000,0x0000002887800000)]
  0x000001d32f2c0000 JavaThread "jar transforms Thread 4" [_thread_blocked, id=11536, stack(0x0000002887800000,0x0000002887900000)]
  0x000001d32f2ba800 JavaThread "Memory manager" [_thread_blocked, id=25624, stack(0x0000002887900000,0x0000002887a00000)]
  0x000001d32f2bb800 JavaThread "build event listener" [_thread_blocked, id=25200, stack(0x0000002881f00000,0x0000002882000000)]
  0x000001d32f2c4800 JavaThread "included builds" [_thread_blocked, id=19428, stack(0x0000002887a00000,0x0000002887b00000)]
  0x000001d32f2c2000 JavaThread "Execution worker for ':'" [_thread_blocked, id=18956, stack(0x0000002887b00000,0x0000002887c00000)]
  0x000001d32f2c2800 JavaThread "Execution worker for ':' Thread 2" [_thread_blocked, id=11980, stack(0x0000002887c00000,0x0000002887d00000)]
  0x000001d32f2c3800 JavaThread "Execution worker for ':' Thread 3" [_thread_blocked, id=12752, stack(0x0000002887d00000,0x0000002887e00000)]
  0x000001d3343ba800 JavaThread "Cache worker for execution history cache (C:\Users\Administrator.DESKTOP-9KBGS9Q\AndroidStudioProjects\One1\.gradle\7.4\executionHistory)" [_thread_blocked, id=5848, stack(0x0000002887e00000,0x0000002887f00000)]
  0x000001d3343b5800 JavaThread "WorkerExecutor Queue" [_thread_blocked, id=5552, stack(0x0000002888100000,0x0000002888200000)]
  0x000001d3343b6000 JavaThread "WorkerExecutor Queue Thread 2" [_thread_blocked, id=9580, stack(0x0000002888200000,0x0000002888300000)]
  0x000001d3343bc000 JavaThread "WorkerExecutor Queue Thread 5" [_thread_blocked, id=7296, stack(0x0000002888500000,0x0000002888600000)]
  0x000001d3329c0000 JavaThread "pool-3-thread-1" [_thread_blocked, id=24188, stack(0x0000002888900000,0x0000002888a00000)]
  0x000001d3329bc000 JavaThread "stderr" [_thread_in_native, id=10180, stack(0x0000002888a00000,0x0000002888b00000)]
  0x000001d3329bd800 JavaThread "stdout" [_thread_in_native, id=14172, stack(0x0000002888b00000,0x0000002888c00000)]
  0x000001d3329bd000 JavaThread "Cache worker for Java compile cache (C:\Users\Administrator.DESKTOP-9KBGS9Q\.gradle\caches\7.4\javaCompile)" [_thread_blocked, id=22224, stack(0x0000002882000000,0x0000002882100000)]
  0x000001d3329be800 JavaThread "Build operations" [_thread_blocked, id=12356, stack(0x0000002883e00000,0x0000002883f00000)]
  0x000001d3329bf800 JavaThread "Build operations Thread 2" [_thread_blocked, id=22820, stack(0x0000002884f00000,0x0000002885000000)]
  0x000001d3329ba800 JavaThread "Build operations Thread 3" [_thread_blocked, id=7280, stack(0x0000002888400000,0x0000002888500000)]
  0x000001d3329c1000 JavaThread "Build operations Thread 4" [_thread_blocked, id=2728, stack(0x0000002888600000,0x0000002888700000)]
  0x000001d3329c3800 JavaThread "WorkerExecutor Queue Thread 6" [_thread_blocked, id=22776, stack(0x0000002888700000,0x0000002888800000)]
  0x000001d3329c2000 JavaThread "ForkJoinPool-2-worker-3" daemon [_thread_blocked, id=15584, stack(0x0000002888800000,0x0000002888900000)]
  0x000001d3329c4000 JavaThread "ForkJoinPool-2-worker-5" daemon [_thread_blocked, id=5892, stack(0x0000002888f00000,0x0000002889000000)]
  0x000001d3329c7800 JavaThread "ForkJoinPool-2-worker-7" daemon [_thread_blocked, id=22416, stack(0x0000002889000000,0x0000002889100000)]
  0x000001d3329c5000 JavaThread "ForkJoinPool-2-worker-1" daemon [_thread_blocked, id=21680, stack(0x0000002889100000,0x0000002889200000)]
  0x000001d3387cb800 JavaThread "C2 CompilerThread1" daemon [_thread_in_native, id=26888, stack(0x0000002881e00000,0x0000002881f00000)]

Other Threads:
=>0x000001d32ab3b800 VMThread "VM Thread" [stack: 0x0000002882700000,0x0000002882800000] [id=7444]
  0x000001d32b636000 WatcherThread [stack: 0x0000002883100000,0x0000002883200000] [id=12448]
  0x000001d310f59800 GCTaskThread "GC Thread#0" [stack: 0x0000002882200000,0x0000002882300000] [id=18188]
  0x000001d32b9e4000 GCTaskThread "GC Thread#1" [stack: 0x0000002883300000,0x0000002883400000] [id=26616]
  0x000001d32ba1d800 GCTaskThread "GC Thread#2" [stack: 0x0000002883400000,0x0000002883500000] [id=9732]
  0x000001d32d54d000 GCTaskThread "GC Thread#3" [stack: 0x0000002883900000,0x0000002883a00000] [id=11028]
  0x000001d310f89000 ConcurrentGCThread "G1 Main Marker" [stack: 0x0000002882300000,0x0000002882400000] [id=4248]
  0x000001d310f8b000 ConcurrentGCThread "G1 Conc#0" [stack: 0x0000002882400000,0x0000002882500000] [id=15808]
  0x000001d31101b000 ConcurrentGCThread "G1 Refine#0" [stack: 0x0000002882500000,0x0000002882600000] [id=14964]
  0x000001d32da6a000 ConcurrentGCThread "G1 Refine#1" [stack: 0x0000002888c00000,0x0000002888d00000] [id=21212]
  0x000001d334c04000 ConcurrentGCThread "G1 Refine#2" [stack: 0x0000002888d00000,0x0000002888e00000] [id=7312]
  0x000001d334c05800 ConcurrentGCThread "G1 Refine#3" [stack: 0x0000002888e00000,0x0000002888f00000] [id=22764]
  0x000001d31101c000 ConcurrentGCThread "G1 Young RemSet Sampling" [stack: 0x0000002882600000,0x0000002882700000] [id=6364]

Threads with active compile tasks:
C2 CompilerThread0  84730 19570 %     4       com.android.tools.r8.internal.Hw::a @ 2596 (3786 bytes)
C2 CompilerThread1  84730 19587       4       com.android.tools.r8.internal.KN::a (165 bytes)

VM state:at safepoint (normal execution)

VM Mutex/Monitor currently owned by a thread:  ([mutex/lock_event])
[0x000001d310f40fa0] Threads_lock - owner thread: 0x000001d32ab3b800
[0x000001d310f41420] Heap_lock - owner thread: 0x000001d3329c4000

Heap address: 0x0000000080000000, size: 2048 MB, Compressed Oops mode: 32-bit
Narrow klass base: 0x0000000000000000, Narrow klass shift: 3
Compressed class space size: 1073741824 Address: 0x0000000100000000

Heap:
 garbage-first heap   total 692224K, used 231363K [0x0000000080000000, 0x0000000100000000)
  region size 1024K, 8 young (8192K), 8 survivors (8192K)
 Metaspace       used 119446K, capacity 122671K, committed 122960K, reserved 1157120K
  class space    used 14932K, capacity 16205K, committed 16288K, reserved 1048576K
Heap Regions: E=young(eden), S=young(survivor), O=old, HS=humongous(starts), HC=humongous(continues), CS=collection set, F=free, A=archive, TAMS=top-at-mark-start (previous, next)
|   0|0x0000000080000000, 0x0000000080100000, 0x0000000080100000|100%|HS|  |TAMS 0x0000000080100000, 0x0000000080000000| Complete 
|   1|0x0000000080100000, 0x0000000080200000, 0x0000000080200000|100%|HC|  |TAMS 0x0000000080200000, 0x0000000080100000| Complete 
|   2|0x0000000080200000, 0x0000000080300000, 0x0000000080300000|100%|HC|  |TAMS 0x0000000080300000, 0x0000000080200000| Complete 
|   3|0x0000000080300000, 0x0000000080400000, 0x0000000080400000|100%| O|  |TAMS 0x0000000080400000, 0x0000000080300000| Untracked 
|   4|0x0000000080400000, 0x0000000080500000, 0x0000000080500000|100%| O|  |TAMS 0x0000000080500000, 0x0000000080400000| Untracked 
|   5|0x0000000080500000, 0x0000000080600000, 0x0000000080600000|100%| O|  |TAMS 0x0000000080600000, 0x0000000080500000| Untracked 
|   6|0x0000000080600000, 0x0000000080700000, 0x0000000080700000|100%| O|  |TAMS 0x0000000080700000, 0x0000000080600000| Untracked 
|   7|0x0000000080700000, 0x0000000080800000, 0x0000000080800000|100%| O|  |TAMS 0x0000000080800000, 0x0000000080700000| Untracked 
|   8|0x0000000080800000, 0x0000000080900000, 0x0000000080900000|100%| O|  |TAMS 0x0000000080900000, 0x0000000080800000| Untracked 
|   9|0x0000000080900000, 0x0000000080a00000, 0x0000000080a00000|100%| O|  |TAMS 0x0000000080a00000, 0x0000000080900000| Untracked 
|  10|0x0000000080a00000, 0x0000000080b00000, 0x0000000080b00000|100%| O|  |TAMS 0x0000000080b00000, 0x0000000080a00000| Untracked 
|  11|0x0000000080b00000, 0x0000000080c00000, 0x0000000080c00000|100%| O|  |TAMS 0x0000000080c00000, 0x0000000080b00000| Untracked 
|  12|0x0000000080c00000, 0x0000000080d00000, 0x0000000080d00000|100%| O|  |TAMS 0x0000000080d00000, 0x0000000080c00000| Untracked 
|  13|0x0000000080d00000, 0x0000000080e00000, 0x0000000080e00000|100%| O|  |TAMS 0x0000000080e00000, 0x0000000080d00000| Untracked 
|  14|0x0000000080e00000, 0x0000000080f00000, 0x0000000080f00000|100%| O|  |TAMS 0x0000000080f00000, 0x0000000080e00000| Untracked 
|  15|0x0000000080f00000, 0x0000000081000000, 0x0000000081000000|100%| O|  |TAMS 0x0000000081000000, 0x0000000080f00000| Untracked 
|  16|0x0000000081000000, 0x0000000081100000, 0x0000000081100000|100%| O|  |TAMS 0x0000000081100000, 0x0000000081000000| Untracked 
|  17|0x0000000081100000, 0x0000000081200000, 0x0000000081200000|100%|HS|  |TAMS 0x0000000081200000, 0x0000000081100000| Complete 
|  18|0x0000000081200000, 0x0000000081300000, 0x0000000081300000|100%| O|  |TAMS 0x0000000081300000, 0x0000000081200000| Untracked 
|  19|0x0000000081300000, 0x0000000081400000, 0x0000000081400000|100%| O|  |TAMS 0x0000000081400000, 0x0000000081300000| Untracked 
|  20|0x0000000081400000, 0x0000000081500000, 0x0000000081500000|100%| O|  |TAMS 0x0000000081500000, 0x0000000081400000| Untracked 
|  21|0x0000000081500000, 0x0000000081600000, 0x0000000081600000|100%| O|  |TAMS 0x0000000081600000, 0x0000000081500000| Untracked 
|  22|0x0000000081600000, 0x0000000081700000, 0x0000000081700000|100%| O|  |TAMS 0x0000000081700000, 0x0000000081600000| Untracked 
|  23|0x0000000081700000, 0x0000000081800000, 0x0000000081800000|100%| O|  |TAMS 0x0000000081800000, 0x0000000081700000| Untracked 
|  24|0x0000000081800000, 0x0000000081900000, 0x0000000081900000|100%|HS|  |TAMS 0x0000000081900000, 0x0000000081800000| Complete 
|  25|0x0000000081900000, 0x0000000081a00000, 0x0000000081a00000|100%| O|  |TAMS 0x0000000081a00000, 0x0000000081900000| Untracked 
|  26|0x0000000081a00000, 0x0000000081b00000, 0x0000000081b00000|100%|HS|  |TAMS 0x0000000081b00000, 0x0000000081a00000| Complete 
|  27|0x0000000081b00000, 0x0000000081c00000, 0x0000000081c00000|100%|HC|  |TAMS 0x0000000081c00000, 0x0000000081b00000| Complete 
|  28|0x0000000081c00000, 0x0000000081d00000, 0x0000000081d00000|100%| O|  |TAMS 0x0000000081d00000, 0x0000000081c00000| Untracked 
|  29|0x0000000081d00000, 0x0000000081e00000, 0x0000000081e00000|100%| O|  |TAMS 0x0000000081e00000, 0x0000000081d00000| Untracked 
|  30|0x0000000081e00000, 0x0000000081f00000, 0x0000000081f00000|100%| O|  |TAMS 0x0000000081f00000, 0x0000000081e00000| Untracked 
|  31|0x0000000081f00000, 0x0000000082000000, 0x0000000082000000|100%| O|  |TAMS 0x0000000082000000, 0x0000000081f00000| Untracked 
|  32|0x0000000082000000, 0x0000000082100000, 0x0000000082100000|100%| O|  |TAMS 0x0000000082100000, 0x0000000082000000| Untracked 
|  33|0x0000000082100000, 0x0000000082200000, 0x0000000082200000|100%| O|  |TAMS 0x0000000082200000, 0x0000000082100000| Untracked 
|  34|0x0000000082200000, 0x0000000082300000, 0x0000000082300000|100%| O|  |TAMS 0x0000000082300000, 0x0000000082200000| Untracked 
|  35|0x0000000082300000, 0x0000000082400000, 0x0000000082400000|100%| O|  |TAMS 0x0000000082400000, 0x0000000082300000| Untracked 
|  36|0x0000000082400000, 0x0000000082500000, 0x0000000082500000|100%| O|  |TAMS 0x0000000082500000, 0x0000000082400000| Untracked 
|  37|0x0000000082500000, 0x0000000082600000, 0x0000000082600000|100%| O|  |TAMS 0x0000000082600000, 0x0000000082500000| Untracked 
|  38|0x0000000082600000, 0x0000000082700000, 0x0000000082700000|100%| O|  |TAMS 0x0000000082700000, 0x0000000082600000| Untracked 
|  39|0x0000000082700000, 0x0000000082800000, 0x0000000082800000|100%| O|  |TAMS 0x0000000082800000, 0x0000000082700000| Untracked 
|  40|0x0000000082800000, 0x0000000082900000, 0x0000000082900000|100%| O|  |TAMS 0x0000000082900000, 0x0000000082800000| Untracked 
|  41|0x0000000082900000, 0x0000000082a00000, 0x0000000082a00000|100%| O|  |TAMS 0x0000000082a00000, 0x0000000082900000| Untracked 
|  42|0x0000000082a00000, 0x0000000082b00000, 0x0000000082b00000|100%| O|  |TAMS 0x0000000082b00000, 0x0000000082a00000| Untracked 
|  43|0x0000000082b00000, 0x0000000082c00000, 0x0000000082c00000|100%| O|  |TAMS 0x0000000082c00000, 0x0000000082b00000| Untracked 
|  44|0x0000000082c00000, 0x0000000082d00000, 0x0000000082d00000|100%| O|  |TAMS 0x0000000082d00000, 0x0000000082c00000| Untracked 
|  45|0x0000000082d00000, 0x0000000082e00000, 0x0000000082e00000|100%| O|  |TAMS 0x0000000082e00000, 0x0000000082d00000| Untracked 
|  46|0x0000000082e00000, 0x0000000082f00000, 0x0000000082f00000|100%| O|  |TAMS 0x0000000082f00000, 0x0000000082e00000| Untracked 
|  47|0x0000000082f00000, 0x0000000083000000, 0x0000000083000000|100%| O|  |TAMS 0x0000000083000000, 0x0000000082f00000| Untracked 
|  48|0x0000000083000000, 0x0000000083100000, 0x0000000083100000|100%| O|  |TAMS 0x0000000083100000, 0x0000000083000000| Untracked 
|  49|0x0000000083100000, 0x0000000083200000, 0x0000000083200000|100%| O|  |TAMS 0x0000000083200000, 0x0000000083100000| Untracked 
|  50|0x0000000083200000, 0x0000000083300000, 0x0000000083300000|100%| O|  |TAMS 0x0000000083300000, 0x0000000083200000| Untracked 
|  51|0x0000000083300000, 0x0000000083400000, 0x0000000083400000|100%| O|  |TAMS 0x0000000083400000, 0x0000000083300000| Untracked 
|  52|0x0000000083400000, 0x0000000083500000, 0x0000000083500000|100%| O|  |TAMS 0x0000000083500000, 0x0000000083400000| Untracked 
|  53|0x0000000083500000, 0x0000000083600000, 0x0000000083600000|100%| O|  |TAMS 0x0000000083600000, 0x0000000083500000| Untracked 
|  54|0x0000000083600000, 0x0000000083700000, 0x0000000083700000|100%| O|  |TAMS 0x0000000083700000, 0x0000000083600000| Untracked 
|  55|0x0000000083700000, 0x0000000083800000, 0x0000000083800000|100%| O|  |TAMS 0x0000000083800000, 0x0000000083700000| Untracked 
|  56|0x0000000083800000, 0x0000000083900000, 0x0000000083900000|100%| O|  |TAMS 0x0000000083900000, 0x0000000083800000| Untracked 
|  57|0x0000000083900000, 0x0000000083a00000, 0x0000000083a00000|100%| O|  |TAMS 0x0000000083a00000, 0x0000000083900000| Untracked 
|  58|0x0000000083a00000, 0x0000000083b00000, 0x0000000083b00000|100%| O|  |TAMS 0x0000000083b00000, 0x0000000083a00000| Untracked 
|  59|0x0000000083b00000, 0x0000000083c00000, 0x0000000083c00000|100%| O|  |TAMS 0x0000000083c00000, 0x0000000083b00000| Untracked 
|  60|0x0000000083c00000, 0x0000000083d00000, 0x0000000083d00000|100%| O|  |TAMS 0x0000000083d00000, 0x0000000083c00000| Untracked 
|  61|0x0000000083d00000, 0x0000000083e00000, 0x0000000083e00000|100%| O|  |TAMS 0x0000000083e00000, 0x0000000083d00000| Untracked 
|  62|0x0000000083e00000, 0x0000000083f00000, 0x0000000083f00000|100%|HS|  |TAMS 0x0000000083e00000, 0x0000000083e00000| Complete 
|  63|0x0000000083f00000, 0x0000000084000000, 0x0000000084000000|100%| O|  |TAMS 0x0000000084000000, 0x0000000083f00000| Untracked 
|  64|0x0000000084000000, 0x0000000084100000, 0x0000000084100000|100%| O|  |TAMS 0x0000000084100000, 0x0000000084000000| Untracked 
|  65|0x0000000084100000, 0x0000000084200000, 0x0000000084200000|100%| O|  |TAMS 0x0000000084200000, 0x0000000084100000| Untracked 
|  66|0x0000000084200000, 0x0000000084300000, 0x0000000084300000|100%| O|  |TAMS 0x0000000084300000, 0x0000000084200000| Untracked 
|  67|0x0000000084300000, 0x0000000084400000, 0x0000000084400000|100%| O|  |TAMS 0x0000000084400000, 0x0000000084300000| Untracked 
|  68|0x0000000084400000, 0x0000000084500000, 0x0000000084500000|100%| O|  |TAMS 0x0000000084500000, 0x0000000084400000| Untracked 
|  69|0x0000000084500000, 0x0000000084600000, 0x0000000084600000|100%| O|  |TAMS 0x0000000084600000, 0x0000000084500000| Untracked 
|  70|0x0000000084600000, 0x0000000084700000, 0x0000000084700000|100%| O|  |TAMS 0x0000000084700000, 0x0000000084600000| Untracked 
|  71|0x0000000084700000, 0x0000000084800000, 0x0000000084800000|100%| O|  |TAMS 0x0000000084800000, 0x0000000084700000| Untracked 
|  72|0x0000000084800000, 0x0000000084900000, 0x0000000084900000|100%| O|  |TAMS 0x0000000084900000, 0x0000000084800000| Untracked 
|  73|0x0000000084900000, 0x0000000084a00000, 0x0000000084a00000|100%| O|  |TAMS 0x0000000084a00000, 0x0000000084900000| Untracked 
|  74|0x0000000084a00000, 0x0000000084b00000, 0x0000000084b00000|100%| O|  |TAMS 0x0000000084b00000, 0x0000000084a00000| Untracked 
|  75|0x0000000084b00000, 0x0000000084c00000, 0x0000000084c00000|100%| O|  |TAMS 0x0000000084c00000, 0x0000000084b00000| Untracked 
|  76|0x0000000084c00000, 0x0000000084d00000, 0x0000000084d00000|100%| O|  |TAMS 0x0000000084d00000, 0x0000000084c00000| Untracked 
|  77|0x0000000084d00000, 0x0000000084e00000, 0x0000000084e00000|100%| O|  |TAMS 0x0000000084e00000, 0x0000000084d00000| Untracked 
|  78|0x0000000084e00000, 0x0000000084f00000, 0x0000000084f00000|100%| O|  |TAMS 0x0000000084f00000, 0x0000000084e00000| Untracked 
|  79|0x0000000084f00000, 0x0000000085000000, 0x0000000085000000|100%| O|  |TAMS 0x0000000085000000, 0x0000000084f00000| Untracked 
|  80|0x0000000085000000, 0x0000000085100000, 0x0000000085100000|100%|HS|  |TAMS 0x0000000085000000, 0x0000000085000000| Complete 
|  81|0x0000000085100000, 0x0000000085200000, 0x0000000085200000|100%| O|  |TAMS 0x0000000085100000, 0x0000000085100000| Untracked 
|  82|0x0000000085200000, 0x0000000085300000, 0x0000000085300000|100%| O|  |TAMS 0x0000000085200000, 0x0000000085200000| Untracked 
|  83|0x0000000085300000, 0x0000000085400000, 0x0000000085400000|100%| O|  |TAMS 0x0000000085300000, 0x0000000085300000| Untracked 
|  84|0x0000000085400000, 0x0000000085500000, 0x0000000085500000|100%| O|  |TAMS 0x0000000085400000, 0x0000000085400000| Untracked 
|  85|0x0000000085500000, 0x0000000085600000, 0x0000000085600000|100%| O|  |TAMS 0x0000000085600000, 0x0000000085500000| Untracked 
|  86|0x0000000085600000, 0x0000000085700000, 0x0000000085700000|100%|HS|  |TAMS 0x0000000085700000, 0x0000000085600000| Complete 
|  87|0x0000000085700000, 0x0000000085800000, 0x0000000085800000|100%| O|  |TAMS 0x0000000085800000, 0x0000000085700000| Untracked 
|  88|0x0000000085800000, 0x0000000085900000, 0x0000000085900000|100%| O|  |TAMS 0x0000000085800000, 0x0000000085800000| Untracked 
|  89|0x0000000085900000, 0x0000000085a00000, 0x0000000085a00000|100%| O|  |TAMS 0x0000000085900000, 0x0000000085900000| Untracked 
|  90|0x0000000085a00000, 0x0000000085b00000, 0x0000000085b00000|100%| O|  |TAMS 0x0000000085b00000, 0x0000000085a00000| Untracked 
|  91|0x0000000085b00000, 0x0000000085c00000, 0x0000000085c00000|100%| O|  |TAMS 0x0000000085c00000, 0x0000000085b00000| Untracked 
|  92|0x0000000085c00000, 0x0000000085d00000, 0x0000000085d00000|100%|HS|  |TAMS 0x0000000085d00000, 0x0000000085c00000| Complete 
|  93|0x0000000085d00000, 0x0000000085e00000, 0x0000000085e00000|100%| O|  |TAMS 0x0000000085e00000, 0x0000000085d00000| Untracked 
|  94|0x0000000085e00000, 0x0000000085f00000, 0x0000000085f00000|100%| O|  |TAMS 0x0000000085f00000, 0x0000000085e00000| Untracked 
|  95|0x0000000085f00000, 0x0000000086000000, 0x0000000086000000|100%| O|  |TAMS 0x0000000086000000, 0x0000000085f00000| Untracked 
|  96|0x0000000086000000, 0x0000000086100000, 0x0000000086100000|100%| O|  |TAMS 0x0000000086100000, 0x0000000086000000| Untracked 
|  97|0x0000000086100000, 0x0000000086200000, 0x0000000086200000|100%| O|  |TAMS 0x0000000086100000, 0x0000000086100000| Untracked 
|  98|0x0000000086200000, 0x0000000086300000, 0x0000000086300000|100%| O|  |TAMS 0x0000000086200000, 0x0000000086200000| Untracked 
|  99|0x0000000086300000, 0x0000000086400000, 0x0000000086400000|100%| O|  |TAMS 0x0000000086300000, 0x0000000086300000| Untracked 
| 100|0x0000000086400000, 0x0000000086500000, 0x0000000086500000|100%| O|  |TAMS 0x0000000086400000, 0x0000000086400000| Untracked 
| 101|0x0000000086500000, 0x0000000086600000, 0x0000000086600000|100%| O|  |TAMS 0x0000000086500000, 0x0000000086500000| Untracked 
| 102|0x0000000086600000, 0x0000000086700000, 0x0000000086700000|100%| O|  |TAMS 0x0000000086700000, 0x0000000086600000| Untracked 
| 103|0x0000000086700000, 0x0000000086800000, 0x0000000086800000|100%| O|  |TAMS 0x0000000086800000, 0x0000000086700000| Untracked 
| 104|0x0000000086800000, 0x0000000086900000, 0x0000000086900000|100%| O|  |TAMS 0x0000000086900000, 0x0000000086800000| Untracked 
| 105|0x0000000086900000, 0x0000000086a00000, 0x0000000086a00000|100%| O|  |TAMS 0x0000000086a00000, 0x0000000086900000| Untracked 
| 106|0x0000000086a00000, 0x0000000086b00000, 0x0000000086b00000|100%| O|  |TAMS 0x0000000086b00000, 0x0000000086a00000| Untracked 
| 107|0x0000000086b00000, 0x0000000086c00000, 0x0000000086c00000|100%|HS|  |TAMS 0x0000000086c00000, 0x0000000086b00000| Complete 
| 108|0x0000000086c00000, 0x0000000086d00000, 0x0000000086d00000|100%|HC|  |TAMS 0x0000000086d00000, 0x0000000086c00000| Complete 
| 109|0x0000000086d00000, 0x0000000086e00000, 0x0000000086e00000|100%|HC|  |TAMS 0x0000000086e00000, 0x0000000086d00000| Complete 
| 110|0x0000000086e00000, 0x0000000086f00000, 0x0000000086f00000|100%|HC|  |TAMS 0x0000000086f00000, 0x0000000086e00000| Complete 
| 111|0x0000000086f00000, 0x0000000087000000, 0x0000000087000000|100%|HC|  |TAMS 0x0000000087000000, 0x0000000086f00000| Complete 
| 112|0x0000000087000000, 0x0000000087100000, 0x0000000087100000|100%|HC|  |TAMS 0x0000000087100000, 0x0000000087000000| Complete 
| 113|0x0000000087100000, 0x0000000087200000, 0x0000000087200000|100%|HC|  |TAMS 0x0000000087200000, 0x0000000087100000| Complete 
| 114|0x0000000087200000, 0x0000000087300000, 0x0000000087300000|100%|HC|  |TAMS 0x0000000087300000, 0x0000000087200000| Complete 
| 115|0x0000000087300000, 0x0000000087400000, 0x0000000087400000|100%|HC|  |TAMS 0x0000000087400000, 0x0000000087300000| Complete 
| 116|0x0000000087400000, 0x0000000087500000, 0x0000000087500000|100%| O|  |TAMS 0x0000000087500000, 0x0000000087400000| Untracked 
| 117|0x0000000087500000, 0x0000000087600000, 0x0000000087600000|100%| O|  |TAMS 0x0000000087600000, 0x0000000087500000| Untracked 
| 118|0x0000000087600000, 0x0000000087700000, 0x0000000087700000|100%| O|  |TAMS 0x0000000087700000, 0x0000000087600000| Untracked 
| 119|0x0000000087700000, 0x0000000087800000, 0x0000000087800000|100%| O|  |TAMS 0x0000000087800000, 0x0000000087700000| Untracked 
| 120|0x0000000087800000, 0x0000000087900000, 0x0000000087900000|100%| O|  |TAMS 0x0000000087900000, 0x0000000087800000| Untracked 
| 121|0x0000000087900000, 0x0000000087a00000, 0x0000000087a00000|100%| O|  |TAMS 0x0000000087a00000, 0x0000000087900000| Untracked 
| 122|0x0000000087a00000, 0x0000000087b00000, 0x0000000087b00000|100%| O|  |TAMS 0x0000000087b00000, 0x0000000087a00000| Untracked 
| 123|0x0000000087b00000, 0x0000000087c00000, 0x0000000087c00000|100%| O|  |TAMS 0x0000000087c00000, 0x0000000087b00000| Untracked 
| 124|0x0000000087c00000, 0x0000000087d00000, 0x0000000087d00000|100%| O|  |TAMS 0x0000000087d00000, 0x0000000087c00000| Untracked 
| 125|0x0000000087d00000, 0x0000000087e00000, 0x0000000087e00000|100%|HS|  |TAMS 0x0000000087d00000, 0x0000000087d00000| Complete 
| 126|0x0000000087e00000, 0x0000000087f00000, 0x0000000087f00000|100%| O|  |TAMS 0x0000000087e00000, 0x0000000087e00000| Untracked 
| 127|0x0000000087f00000, 0x0000000088000000, 0x0000000088000000|100%| O|  |TAMS 0x0000000087f00000, 0x0000000087f00000| Untracked 
| 128|0x0000000088000000, 0x0000000088100000, 0x0000000088100000|100%| O|  |TAMS 0x0000000088000000, 0x0000000088000000| Untracked 
| 129|0x0000000088100000, 0x0000000088200000, 0x0000000088200000|100%| O|  |TAMS 0x0000000088100000, 0x0000000088100000| Untracked 
| 130|0x0000000088200000, 0x0000000088300000, 0x0000000088300000|100%| O|  |TAMS 0x0000000088200000, 0x0000000088200000| Untracked 
| 131|0x0000000088300000, 0x0000000088400000, 0x0000000088400000|100%| O|  |TAMS 0x0000000088300000, 0x0000000088300000| Untracked 
| 132|0x0000000088400000, 0x0000000088500000, 0x0000000088500000|100%| O|  |TAMS 0x0000000088400000, 0x0000000088400000| Untracked 
| 133|0x0000000088500000, 0x0000000088600000, 0x0000000088600000|100%| O|  |TAMS 0x0000000088500000, 0x0000000088500000| Untracked 
| 134|0x0000000088600000, 0x0000000088700000, 0x0000000088700000|100%| O|  |TAMS 0x0000000088600000, 0x0000000088600000| Untracked 
| 135|0x0000000088700000, 0x0000000088800000, 0x0000000088800000|100%| O|  |TAMS 0x0000000088800000, 0x0000000088700000| Untracked 
| 136|0x0000000088800000, 0x0000000088900000, 0x0000000088900000|100%| O|  |TAMS 0x0000000088800000, 0x0000000088800000| Untracked 
| 137|0x0000000088900000, 0x0000000088a00000, 0x0000000088a00000|100%|HS|  |TAMS 0x0000000088900000, 0x0000000088900000| Complete 
| 138|0x0000000088a00000, 0x0000000088b00000, 0x0000000088b00000|100%|HS|  |TAMS 0x0000000088b00000, 0x0000000088a00000| Complete 
| 139|0x0000000088b00000, 0x0000000088c00000, 0x0000000088c00000|100%|HC|  |TAMS 0x0000000088c00000, 0x0000000088b00000| Complete 
| 140|0x0000000088c00000, 0x0000000088d00000, 0x0000000088d00000|100%|HC|  |TAMS 0x0000000088d00000, 0x0000000088c00000| Complete 
| 141|0x0000000088d00000, 0x0000000088e00000, 0x0000000088e00000|100%|HC|  |TAMS 0x0000000088e00000, 0x0000000088d00000| Complete 
| 142|0x0000000088e00000, 0x0000000088f00000, 0x0000000088f00000|100%|HC|  |TAMS 0x0000000088f00000, 0x0000000088e00000| Complete 
| 143|0x0000000088f00000, 0x0000000089000000, 0x0000000089000000|100%|HC|  |TAMS 0x0000000089000000, 0x0000000088f00000| Complete 
| 144|0x0000000089000000, 0x0000000089100000, 0x0000000089100000|100%|HC|  |TAMS 0x0000000089100000, 0x0000000089000000| Complete 
| 145|0x0000000089100000, 0x0000000089200000, 0x0000000089200000|100%|HC|  |TAMS 0x0000000089200000, 0x0000000089100000| Complete 
| 146|0x0000000089200000, 0x0000000089300000, 0x0000000089300000|100%|HC|  |TAMS 0x0000000089300000, 0x0000000089200000| Complete 
| 147|0x0000000089300000, 0x0000000089400000, 0x0000000089400000|100%| O|  |TAMS 0x0000000089400000, 0x0000000089300000| Untracked 
| 148|0x0000000089400000, 0x0000000089500000, 0x0000000089500000|100%| O|  |TAMS 0x0000000089500000, 0x0000000089400000| Untracked 
| 149|0x0000000089500000, 0x0000000089600000, 0x0000000089600000|100%| O|  |TAMS 0x0000000089600000, 0x0000000089500000| Untracked 
| 150|0x0000000089600000, 0x0000000089700000, 0x0000000089700000|100%| O|  |TAMS 0x0000000089700000, 0x0000000089600000| Untracked 
| 151|0x0000000089700000, 0x0000000089800000, 0x0000000089800000|100%| O|  |TAMS 0x0000000089800000, 0x0000000089700000| Untracked 
| 152|0x0000000089800000, 0x0000000089900000, 0x0000000089900000|100%| O|  |TAMS 0x0000000089900000, 0x0000000089800000| Untracked 
| 153|0x0000000089900000, 0x0000000089a00000, 0x0000000089a00000|100%| O|  |TAMS 0x0000000089a00000, 0x0000000089900000| Untracked 
| 154|0x0000000089a00000, 0x0000000089b00000, 0x0000000089b00000|100%| O|  |TAMS 0x0000000089b00000, 0x0000000089a00000| Untracked 
| 155|0x0000000089b00000, 0x0000000089c00000, 0x0000000089c00000|100%| O|  |TAMS 0x0000000089c00000, 0x0000000089b00000| Untracked 
| 156|0x0000000089c00000, 0x0000000089d00000, 0x0000000089d00000|100%| O|  |TAMS 0x0000000089d00000, 0x0000000089c00000| Untracked 
| 157|0x0000000089d00000, 0x0000000089e00000, 0x0000000089e00000|100%| O|  |TAMS 0x0000000089e00000, 0x0000000089d00000| Untracked 
| 158|0x0000000089e00000, 0x0000000089f00000, 0x0000000089f00000|100%| O|  |TAMS 0x0000000089f00000, 0x0000000089e00000| Untracked 
| 159|0x0000000089f00000, 0x000000008a000000, 0x000000008a000000|100%| O|  |TAMS 0x000000008a000000, 0x0000000089f00000| Untracked 
| 160|0x000000008a000000, 0x000000008a100000, 0x000000008a100000|100%| O|  |TAMS 0x000000008a100000, 0x000000008a000000| Untracked 
| 161|0x000000008a100000, 0x000000008a200000, 0x000000008a200000|100%| O|  |TAMS 0x000000008a200000, 0x000000008a100000| Untracked 
| 162|0x000000008a200000, 0x000000008a300000, 0x000000008a300000|100%| O|  |TAMS 0x000000008a300000, 0x000000008a200000| Untracked 
| 163|0x000000008a300000, 0x000000008a400000, 0x000000008a400000|100%| O|  |TAMS 0x000000008a400000, 0x000000008a300000| Untracked 
| 164|0x000000008a400000, 0x000000008a500000, 0x000000008a500000|100%| O|  |TAMS 0x000000008a500000, 0x000000008a400000| Untracked 
| 165|0x000000008a500000, 0x000000008a600000, 0x000000008a600000|100%| O|  |TAMS 0x000000008a600000, 0x000000008a500000| Untracked 
| 166|0x000000008a600000, 0x000000008a700000, 0x000000008a700000|100%| O|  |TAMS 0x000000008a700000, 0x000000008a600000| Untracked 
| 167|0x000000008a700000, 0x000000008a800000, 0x000000008a800000|100%| O|  |TAMS 0x000000008a800000, 0x000000008a700000| Untracked 
| 168|0x000000008a800000, 0x000000008a900000, 0x000000008a900000|100%| O|  |TAMS 0x000000008a900000, 0x000000008a800000| Untracked 
| 169|0x000000008a900000, 0x000000008aa00000, 0x000000008aa00000|100%| O|  |TAMS 0x000000008aa00000, 0x000000008a900000| Untracked 
| 170|0x000000008aa00000, 0x000000008ab00000, 0x000000008ab00000|100%| O|  |TAMS 0x000000008aa00000, 0x000000008aa00000| Untracked 
| 171|0x000000008ab00000, 0x000000008ac00000, 0x000000008ac00000|100%| O|  |TAMS 0x000000008ab00000, 0x000000008ab00000| Untracked 
| 172|0x000000008ac00000, 0x000000008ad00000, 0x000000008ad00000|100%| O|  |TAMS 0x000000008ac00000, 0x000000008ac00000| Untracked 
| 173|0x000000008ad00000, 0x000000008ae00000, 0x000000008ae00000|100%|HS|  |TAMS 0x000000008ad00000, 0x000000008ad00000| Complete 
| 174|0x000000008ae00000, 0x000000008af00000, 0x000000008af00000|100%|HS|  |TAMS 0x000000008ae00000, 0x000000008ae00000| Complete 
| 175|0x000000008af00000, 0x000000008b000000, 0x000000008b000000|100%|HS|  |TAMS 0x000000008af00000, 0x000000008af00000| Complete 
| 176|0x000000008b000000, 0x000000008b100000, 0x000000008b100000|100%|HC|  |TAMS 0x000000008b000000, 0x000000008b000000| Complete 
| 177|0x000000008b100000, 0x000000008b200000, 0x000000008b200000|100%| O|  |TAMS 0x000000008b200000, 0x000000008b100000| Untracked 
| 178|0x000000008b200000, 0x000000008b300000, 0x000000008b300000|100%| O|  |TAMS 0x000000008b200000, 0x000000008b200000| Untracked 
| 179|0x000000008b300000, 0x000000008b400000, 0x000000008b400000|100%| O|  |TAMS 0x000000008b300000, 0x000000008b300000| Untracked 
| 180|0x000000008b400000, 0x000000008b500000, 0x000000008b500000|100%| O|  |TAMS 0x000000008b400000, 0x000000008b400000| Untracked 
| 181|0x000000008b500000, 0x000000008b600000, 0x000000008b600000|100%| O|  |TAMS 0x000000008b500000, 0x000000008b500000| Untracked 
| 182|0x000000008b600000, 0x000000008b700000, 0x000000008b700000|100%| O|  |TAMS 0x000000008b600000, 0x000000008b600000| Untracked 
| 183|0x000000008b700000, 0x000000008b800000, 0x000000008b800000|100%| O|  |TAMS 0x000000008b700000, 0x000000008b700000| Untracked 
| 184|0x000000008b800000, 0x000000008b900000, 0x000000008b900000|100%| O|  |TAMS 0x000000008b800000, 0x000000008b800000| Untracked 
| 185|0x000000008b900000, 0x000000008ba00000, 0x000000008ba00000|100%| O|  |TAMS 0x000000008ba00000, 0x000000008b900000| Untracked 
| 186|0x000000008ba00000, 0x000000008bb00000, 0x000000008bb00000|100%| O|  |TAMS 0x000000008bb00000, 0x000000008ba00000| Untracked 
| 187|0x000000008bb00000, 0x000000008bc00000, 0x000000008bc00000|100%| O|  |TAMS 0x000000008bb00000, 0x000000008bb00000| Untracked 
| 188|0x000000008bc00000, 0x000000008bd00000, 0x000000008bd00000|100%|HS|  |TAMS 0x000000008bc00000, 0x000000008bc00000| Complete 
| 189|0x000000008bd00000, 0x000000008be00000, 0x000000008be00000|100%|HC|  |TAMS 0x000000008bd00000, 0x000000008bd00000| Complete 
| 190|0x000000008be00000, 0x000000008bf00000, 0x000000008bf00000|100%| O|  |TAMS 0x000000008be00000, 0x000000008be00000| Untracked 
| 191|0x000000008bf00000, 0x000000008c000000, 0x000000008c000000|100%| O|  |TAMS 0x000000008bf00000, 0x000000008bf00000| Untracked 
| 192|0x000000008c000000, 0x000000008c100000, 0x000000008c100000|100%| O|  |TAMS 0x000000008c000000, 0x000000008c000000| Untracked 
| 193|0x000000008c100000, 0x000000008c200000, 0x000000008c200000|100%| O|  |TAMS 0x000000008c100000, 0x000000008c100000| Untracked 
| 194|0x000000008c200000, 0x000000008c300000, 0x000000008c300000|100%| O|  |TAMS 0x000000008c200000, 0x000000008c200000| Untracked 
| 195|0x000000008c300000, 0x000000008c400000, 0x000000008c400000|100%| O|  |TAMS 0x000000008c300000, 0x000000008c300000| Untracked 
| 196|0x000000008c400000, 0x000000008c500000, 0x000000008c500000|100%| O|  |TAMS 0x000000008c400000, 0x000000008c400000| Untracked 
| 197|0x000000008c500000, 0x000000008c600000, 0x000000008c600000|100%| O|  |TAMS 0x000000008c500000, 0x000000008c500000| Untracked 
| 198|0x000000008c600000, 0x000000008c6f0e00, 0x000000008c700000| 94%| O|  |TAMS 0x000000008c600000, 0x000000008c600000| Untracked 
| 199|0x000000008c700000, 0x000000008c800000, 0x000000008c800000|100%|HS|  |TAMS 0x000000008c700000, 0x000000008c700000| Complete 
| 200|0x000000008c800000, 0x000000008c900000, 0x000000008c900000|100%|HS|  |TAMS 0x000000008c800000, 0x000000008c800000| Complete 
| 201|0x000000008c900000, 0x000000008ca00000, 0x000000008ca00000|100%| O|  |TAMS 0x000000008ca00000, 0x000000008c900000| Untracked 
| 202|0x000000008ca00000, 0x000000008cb00000, 0x000000008cb00000|100%|HS|  |TAMS 0x000000008ca00000, 0x000000008ca00000| Complete 
| 203|0x000000008cb00000, 0x000000008cc00000, 0x000000008cc00000|100%|HC|  |TAMS 0x000000008cb00000, 0x000000008cb00000| Complete 
| 204|0x000000008cc00000, 0x000000008cd00000, 0x000000008cd00000|100%|HS|  |TAMS 0x000000008cc00000, 0x000000008cc00000| Complete 
| 205|0x000000008cd00000, 0x000000008ce00000, 0x000000008ce00000|100%|HS|  |TAMS 0x000000008cd00000, 0x000000008cd00000| Complete 
| 206|0x000000008ce00000, 0x000000008cf00000, 0x000000008cf00000|100%|HC|  |TAMS 0x000000008ce00000, 0x000000008ce00000| Complete 
| 207|0x000000008cf00000, 0x000000008d000000, 0x000000008d000000|100%| O|  |TAMS 0x000000008d000000, 0x000000008cf00000| Untracked 
| 208|0x000000008d000000, 0x000000008d100000, 0x000000008d100000|100%| O|  |TAMS 0x000000008d100000, 0x000000008d000000| Untracked 
| 209|0x000000008d100000, 0x000000008d200000, 0x000000008d200000|100%| O|  |TAMS 0x000000008d200000, 0x000000008d100000| Untracked 
| 210|0x000000008d200000, 0x000000008d300000, 0x000000008d300000|100%| O|  |TAMS 0x000000008d300000, 0x000000008d200000| Untracked 
| 211|0x000000008d300000, 0x000000008d400000, 0x000000008d400000|100%|HS|  |TAMS 0x000000008d300000, 0x000000008d300000| Complete 
| 212|0x000000008d400000, 0x000000008d500000, 0x000000008d500000|100%|HS|  |TAMS 0x000000008d400000, 0x000000008d400000| Complete 
| 213|0x000000008d500000, 0x000000008d600000, 0x000000008d600000|100%|HS|  |TAMS 0x000000008d500000, 0x000000008d500000| Complete 
| 214|0x000000008d600000, 0x000000008d600000, 0x000000008d700000|  0%| F|  |TAMS 0x000000008d600000, 0x000000008d600000| Untracked 
| 215|0x000000008d700000, 0x000000008d800000, 0x000000008d800000|100%|HS|  |TAMS 0x000000008d700000, 0x000000008d700000| Complete 
| 216|0x000000008d800000, 0x000000008d900000, 0x000000008d900000|100%|HS|  |TAMS 0x000000008d800000, 0x000000008d800000| Complete 
| 217|0x000000008d900000, 0x000000008da00000, 0x000000008da00000|100%|HS|  |TAMS 0x000000008d900000, 0x000000008d900000| Complete 
| 218|0x000000008da00000, 0x000000008db00000, 0x000000008db00000|100%|HC|  |TAMS 0x000000008da00000, 0x000000008da00000| Complete 
| 219|0x000000008db00000, 0x000000008db00000, 0x000000008dc00000|  0%| F|  |TAMS 0x000000008db00000, 0x000000008db00000| Untracked 
| 220|0x000000008dc00000, 0x000000008dc00000, 0x000000008dd00000|  0%| F|  |TAMS 0x000000008dc00000, 0x000000008dc00000| Untracked 
| 221|0x000000008dd00000, 0x000000008dd00000, 0x000000008de00000|  0%| F|  |TAMS 0x000000008dd00000, 0x000000008dd00000| Untracked 
| 222|0x000000008de00000, 0x000000008de00000, 0x000000008df00000|  0%| F|  |TAMS 0x000000008de00000, 0x000000008de00000| Untracked 
| 223|0x000000008df00000, 0x000000008df00000, 0x000000008e000000|  0%| F|  |TAMS 0x000000008df00000, 0x000000008df00000| Untracked 
| 224|0x000000008e000000, 0x000000008e000000, 0x000000008e100000|  0%| F|  |TAMS 0x000000008e000000, 0x000000008e000000| Untracked 
| 225|0x000000008e100000, 0x000000008e100000, 0x000000008e200000|  0%| F|  |TAMS 0x000000008e100000, 0x000000008e100000| Untracked 
| 226|0x000000008e200000, 0x000000008e200000, 0x000000008e300000|  0%| F|  |TAMS 0x000000008e200000, 0x000000008e200000| Untracked 
| 227|0x000000008e300000, 0x000000008e300000, 0x000000008e400000|  0%| F|  |TAMS 0x000000008e300000, 0x000000008e300000| Untracked 
| 228|0x000000008e400000, 0x000000008e400000, 0x000000008e500000|  0%| F|  |TAMS 0x000000008e400000, 0x000000008e400000| Untracked 
| 229|0x000000008e500000, 0x000000008e500000, 0x000000008e600000|  0%| F|  |TAMS 0x000000008e500000, 0x000000008e500000| Untracked 
| 230|0x000000008e600000, 0x000000008e600000, 0x000000008e700000|  0%| F|  |TAMS 0x000000008e600000, 0x000000008e600000| Untracked 
| 231|0x000000008e700000, 0x000000008e700000, 0x000000008e800000|  0%| F|  |TAMS 0x000000008e700000, 0x000000008e700000| Untracked 
| 232|0x000000008e800000, 0x000000008e800000, 0x000000008e900000|  0%| F|  |TAMS 0x000000008e800000, 0x000000008e800000| Untracked 
| 233|0x000000008e900000, 0x000000008e900000, 0x000000008ea00000|  0%| F|  |TAMS 0x000000008e900000, 0x000000008e900000| Untracked 
| 234|0x000000008ea00000, 0x000000008ea00000, 0x000000008eb00000|  0%| F|  |TAMS 0x000000008ea00000, 0x000000008ea00000| Untracked 
| 235|0x000000008eb00000, 0x000000008eb00000, 0x000000008ec00000|  0%| F|  |TAMS 0x000000008eb00000, 0x000000008eb00000| Untracked 
| 236|0x000000008ec00000, 0x000000008ec00000, 0x000000008ed00000|  0%| F|  |TAMS 0x000000008ec00000, 0x000000008ec00000| Untracked 
| 237|0x000000008ed00000, 0x000000008ed00000, 0x000000008ee00000|  0%| F|  |TAMS 0x000000008ed00000, 0x000000008ed00000| Untracked 
| 238|0x000000008ee00000, 0x000000008ee00000, 0x000000008ef00000|  0%| F|  |TAMS 0x000000008ee00000, 0x000000008ee00000| Untracked 
| 239|0x000000008ef00000, 0x000000008ef00000, 0x000000008f000000|  0%| F|  |TAMS 0x000000008ef00000, 0x000000008ef00000| Untracked 
| 240|0x000000008f000000, 0x000000008f000000, 0x000000008f100000|  0%| F|  |TAMS 0x000000008f000000, 0x000000008f000000| Untracked 
| 241|0x000000008f100000, 0x000000008f100000, 0x000000008f200000|  0%| F|  |TAMS 0x000000008f100000, 0x000000008f100000| Untracked 
| 242|0x000000008f200000, 0x000000008f200000, 0x000000008f300000|  0%| F|  |TAMS 0x000000008f200000, 0x000000008f200000| Untracked 
| 243|0x000000008f300000, 0x000000008f300000, 0x000000008f400000|  0%| F|  |TAMS 0x000000008f300000, 0x000000008f300000| Untracked 
| 244|0x000000008f400000, 0x000000008f400000, 0x000000008f500000|  0%| F|  |TAMS 0x000000008f400000, 0x000000008f400000| Untracked 
| 245|0x000000008f500000, 0x000000008f500000, 0x000000008f600000|  0%| F|  |TAMS 0x000000008f500000, 0x000000008f500000| Untracked 
| 246|0x000000008f600000, 0x000000008f600000, 0x000000008f700000|  0%| F|  |TAMS 0x000000008f600000, 0x000000008f600000| Untracked 
| 247|0x000000008f700000, 0x000000008f700000, 0x000000008f800000|  0%| F|  |TAMS 0x000000008f700000, 0x000000008f700000| Untracked 
| 248|0x000000008f800000, 0x000000008f800000, 0x000000008f900000|  0%| F|  |TAMS 0x000000008f800000, 0x000000008f800000| Untracked 
| 249|0x000000008f900000, 0x000000008f900000, 0x000000008fa00000|  0%| F|  |TAMS 0x000000008f900000, 0x000000008f900000| Untracked 
| 250|0x000000008fa00000, 0x000000008fa00000, 0x000000008fb00000|  0%| F|  |TAMS 0x000000008fa00000, 0x000000008fa00000| Untracked 
| 251|0x000000008fb00000, 0x000000008fb00000, 0x000000008fc00000|  0%| F|  |TAMS 0x000000008fb00000, 0x000000008fb00000| Untracked 
| 252|0x000000008fc00000, 0x000000008fc00000, 0x000000008fd00000|  0%| F|  |TAMS 0x000000008fc00000, 0x000000008fc00000| Untracked 
| 253|0x000000008fd00000, 0x000000008fd00000, 0x000000008fe00000|  0%| F|  |TAMS 0x000000008fd00000, 0x000000008fd00000| Untracked 
| 254|0x000000008fe00000, 0x000000008fe00000, 0x000000008ff00000|  0%| F|  |TAMS 0x000000008fe00000, 0x000000008fe00000| Untracked 
| 255|0x000000008ff00000, 0x000000008ff00000, 0x0000000090000000|  0%| F|  |TAMS 0x000000008ff00000, 0x000000008ff00000| Untracked 
| 256|0x0000000090000000, 0x0000000090000000, 0x0000000090100000|  0%| F|  |TAMS 0x0000000090000000, 0x0000000090000000| Untracked 
| 257|0x0000000090100000, 0x0000000090100000, 0x0000000090200000|  0%| F|  |TAMS 0x0000000090100000, 0x0000000090100000| Untracked 
| 258|0x0000000090200000, 0x0000000090200000, 0x0000000090300000|  0%| F|  |TAMS 0x0000000090200000, 0x0000000090200000| Untracked 
| 259|0x0000000090300000, 0x0000000090300000, 0x0000000090400000|  0%| F|  |TAMS 0x0000000090300000, 0x0000000090300000| Untracked 
| 260|0x0000000090400000, 0x0000000090400000, 0x0000000090500000|  0%| F|  |TAMS 0x0000000090400000, 0x0000000090400000| Untracked 
| 261|0x0000000090500000, 0x0000000090500000, 0x0000000090600000|  0%| F|  |TAMS 0x0000000090500000, 0x0000000090500000| Untracked 
| 262|0x0000000090600000, 0x0000000090600000, 0x0000000090700000|  0%| F|  |TAMS 0x0000000090600000, 0x0000000090600000| Untracked 
| 263|0x0000000090700000, 0x0000000090700000, 0x0000000090800000|  0%| F|  |TAMS 0x0000000090700000, 0x0000000090700000| Untracked 
| 264|0x0000000090800000, 0x0000000090800000, 0x0000000090900000|  0%| F|  |TAMS 0x0000000090800000, 0x0000000090800000| Untracked 
| 265|0x0000000090900000, 0x0000000090900000, 0x0000000090a00000|  0%| F|  |TAMS 0x0000000090900000, 0x0000000090900000| Untracked 
| 266|0x0000000090a00000, 0x0000000090a00000, 0x0000000090b00000|  0%| F|  |TAMS 0x0000000090a00000, 0x0000000090a00000| Untracked 
| 267|0x0000000090b00000, 0x0000000090b00000, 0x0000000090c00000|  0%| F|  |TAMS 0x0000000090b00000, 0x0000000090b00000| Untracked 
| 268|0x0000000090c00000, 0x0000000090c00000, 0x0000000090d00000|  0%| F|  |TAMS 0x0000000090c00000, 0x0000000090c00000| Untracked 
| 269|0x0000000090d00000, 0x0000000090d00000, 0x0000000090e00000|  0%| F|  |TAMS 0x0000000090d00000, 0x0000000090d00000| Untracked 
| 270|0x0000000090e00000, 0x0000000090e00000, 0x0000000090f00000|  0%| F|  |TAMS 0x0000000090e00000, 0x0000000090e00000| Untracked 
| 271|0x0000000090f00000, 0x0000000091000000, 0x0000000091000000|100%| S|CS|TAMS 0x0000000090f00000, 0x0000000090f00000| Complete 
| 272|0x0000000091000000, 0x0000000091100000, 0x0000000091100000|100%| S|CS|TAMS 0x0000000091000000, 0x0000000091000000| Complete 
| 273|0x0000000091100000, 0x0000000091200000, 0x0000000091200000|100%| S|CS|TAMS 0x0000000091100000, 0x0000000091100000| Complete 
| 274|0x0000000091200000, 0x0000000091300000, 0x0000000091300000|100%| S|CS|TAMS 0x0000000091200000, 0x0000000091200000| Complete 
| 275|0x0000000091300000, 0x0000000091400000, 0x0000000091400000|100%| S|CS|TAMS 0x0000000091300000, 0x0000000091300000| Complete 
| 276|0x0000000091400000, 0x0000000091500000, 0x0000000091500000|100%| S|CS|TAMS 0x0000000091400000, 0x0000000091400000| Complete 
| 277|0x0000000091500000, 0x0000000091600000, 0x0000000091600000|100%| S|CS|TAMS 0x0000000091500000, 0x0000000091500000| Complete 
| 278|0x0000000091600000, 0x0000000091700000, 0x0000000091700000|100%| S|CS|TAMS 0x0000000091600000, 0x0000000091600000| Complete 
| 279|0x0000000091700000, 0x0000000091700000, 0x0000000091800000|  0%| F|  |TAMS 0x0000000091700000, 0x0000000091700000| Untracked 
| 280|0x0000000091800000, 0x0000000091800000, 0x0000000091900000|  0%| F|  |TAMS 0x0000000091800000, 0x0000000091800000| Untracked 
| 281|0x0000000091900000, 0x0000000091900000, 0x0000000091a00000|  0%| F|  |TAMS 0x0000000091900000, 0x0000000091900000| Untracked 
| 282|0x0000000091a00000, 0x0000000091a00000, 0x0000000091b00000|  0%| F|  |TAMS 0x0000000091a00000, 0x0000000091a00000| Untracked 
| 283|0x0000000091b00000, 0x0000000091b00000, 0x0000000091c00000|  0%| F|  |TAMS 0x0000000091b00000, 0x0000000091b00000| Untracked 
| 284|0x0000000091c00000, 0x0000000091c00000, 0x0000000091d00000|  0%| F|  |TAMS 0x0000000091c00000, 0x0000000091c00000| Untracked 
| 285|0x0000000091d00000, 0x0000000091d00000, 0x0000000091e00000|  0%| F|  |TAMS 0x0000000091d00000, 0x0000000091d00000| Untracked 
| 286|0x0000000091e00000, 0x0000000091e00000, 0x0000000091f00000|  0%| F|  |TAMS 0x0000000091e00000, 0x0000000091e00000| Untracked 
| 287|0x0000000091f00000, 0x0000000091f00000, 0x0000000092000000|  0%| F|  |TAMS 0x0000000091f00000, 0x0000000091f00000| Untracked 
| 288|0x0000000092000000, 0x0000000092000000, 0x0000000092100000|  0%| F|  |TAMS 0x0000000092000000, 0x0000000092000000| Untracked 
| 289|0x0000000092100000, 0x0000000092100000, 0x0000000092200000|  0%| F|  |TAMS 0x0000000092100000, 0x0000000092100000| Untracked 
| 290|0x0000000092200000, 0x0000000092200000, 0x0000000092300000|  0%| F|  |TAMS 0x0000000092200000, 0x0000000092200000| Untracked 
| 291|0x0000000092300000, 0x0000000092300000, 0x0000000092400000|  0%| F|  |TAMS 0x0000000092300000, 0x0000000092300000| Untracked 
| 292|0x0000000092400000, 0x0000000092400000, 0x0000000092500000|  0%| F|  |TAMS 0x0000000092400000, 0x0000000092400000| Untracked 
| 293|0x0000000092500000, 0x0000000092500000, 0x0000000092600000|  0%| F|  |TAMS 0x0000000092500000, 0x0000000092500000| Untracked 
| 294|0x0000000092600000, 0x0000000092600000, 0x0000000092700000|  0%| F|  |TAMS 0x0000000092600000, 0x0000000092600000| Untracked 
| 295|0x0000000092700000, 0x0000000092700000, 0x0000000092800000|  0%| F|  |TAMS 0x0000000092700000, 0x0000000092700000| Untracked 
| 296|0x0000000092800000, 0x0000000092800000, 0x0000000092900000|  0%| F|  |TAMS 0x0000000092800000, 0x0000000092800000| Untracked 
| 297|0x0000000092900000, 0x0000000092900000, 0x0000000092a00000|  0%| F|  |TAMS 0x0000000092900000, 0x0000000092900000| Untracked 
| 298|0x0000000092a00000, 0x0000000092a00000, 0x0000000092b00000|  0%| F|  |TAMS 0x0000000092a00000, 0x0000000092a00000| Untracked 
| 299|0x0000000092b00000, 0x0000000092b00000, 0x0000000092c00000|  0%| F|  |TAMS 0x0000000092b00000, 0x0000000092b00000| Untracked 
| 300|0x0000000092c00000, 0x0000000092c00000, 0x0000000092d00000|  0%| F|  |TAMS 0x0000000092c00000, 0x0000000092c00000| Untracked 
| 301|0x0000000092d00000, 0x0000000092d00000, 0x0000000092e00000|  0%| F|  |TAMS 0x0000000092d00000, 0x0000000092d00000| Untracked 
| 302|0x0000000092e00000, 0x0000000092e00000, 0x0000000092f00000|  0%| F|  |TAMS 0x0000000092e00000, 0x0000000092e00000| Untracked 
| 303|0x0000000092f00000, 0x0000000092f00000, 0x0000000093000000|  0%| F|  |TAMS 0x0000000092f00000, 0x0000000092f00000| Untracked 
| 304|0x0000000093000000, 0x0000000093000000, 0x0000000093100000|  0%| F|  |TAMS 0x0000000093000000, 0x0000000093000000| Untracked 
| 305|0x0000000093100000, 0x0000000093100000, 0x0000000093200000|  0%| F|  |TAMS 0x0000000093100000, 0x0000000093100000| Untracked 
| 306|0x0000000093200000, 0x0000000093200000, 0x0000000093300000|  0%| F|  |TAMS 0x0000000093200000, 0x0000000093200000| Untracked 
| 307|0x0000000093300000, 0x0000000093300000, 0x0000000093400000|  0%| F|  |TAMS 0x0000000093300000, 0x0000000093300000| Untracked 
| 308|0x0000000093400000, 0x0000000093400000, 0x0000000093500000|  0%| F|  |TAMS 0x0000000093400000, 0x0000000093400000| Untracked 
| 309|0x0000000093500000, 0x0000000093500000, 0x0000000093600000|  0%| F|  |TAMS 0x0000000093500000, 0x0000000093500000| Untracked 
| 310|0x0000000093600000, 0x0000000093600000, 0x0000000093700000|  0%| F|  |TAMS 0x0000000093600000, 0x0000000093600000| Untracked 
| 311|0x0000000093700000, 0x0000000093700000, 0x0000000093800000|  0%| F|  |TAMS 0x0000000093700000, 0x0000000093700000| Untracked 
| 312|0x0000000093800000, 0x0000000093800000, 0x0000000093900000|  0%| F|  |TAMS 0x0000000093800000, 0x0000000093800000| Untracked 
| 313|0x0000000093900000, 0x0000000093900000, 0x0000000093a00000|  0%| F|  |TAMS 0x0000000093900000, 0x0000000093900000| Untracked 
| 314|0x0000000093a00000, 0x0000000093a00000, 0x0000000093b00000|  0%| F|  |TAMS 0x0000000093a00000, 0x0000000093a00000| Untracked 
| 315|0x0000000093b00000, 0x0000000093b00000, 0x0000000093c00000|  0%| F|  |TAMS 0x0000000093b00000, 0x0000000093b00000| Untracked 
| 316|0x0000000093c00000, 0x0000000093c00000, 0x0000000093d00000|  0%| F|  |TAMS 0x0000000093c00000, 0x0000000093c00000| Untracked 
| 317|0x0000000093d00000, 0x0000000093d00000, 0x0000000093e00000|  0%| F|  |TAMS 0x0000000093d00000, 0x0000000093d00000| Untracked 
| 318|0x0000000093e00000, 0x0000000093e00000, 0x0000000093f00000|  0%| F|  |TAMS 0x0000000093e00000, 0x0000000093e00000| Untracked 
| 319|0x0000000093f00000, 0x0000000093f00000, 0x0000000094000000|  0%| F|  |TAMS 0x0000000093f00000, 0x0000000093f00000| Untracked 
| 320|0x0000000094000000, 0x0000000094000000, 0x0000000094100000|  0%| F|  |TAMS 0x0000000094000000, 0x0000000094000000| Untracked 
| 321|0x0000000094100000, 0x0000000094100000, 0x0000000094200000|  0%| F|  |TAMS 0x0000000094100000, 0x0000000094100000| Untracked 
| 322|0x0000000094200000, 0x0000000094200000, 0x0000000094300000|  0%| F|  |TAMS 0x0000000094200000, 0x0000000094200000| Untracked 
| 323|0x0000000094300000, 0x0000000094300000, 0x0000000094400000|  0%| F|  |TAMS 0x0000000094300000, 0x0000000094300000| Untracked 
| 324|0x0000000094400000, 0x0000000094400000, 0x0000000094500000|  0%| F|  |TAMS 0x0000000094400000, 0x0000000094400000| Untracked 
| 325|0x0000000094500000, 0x0000000094500000, 0x0000000094600000|  0%| F|  |TAMS 0x0000000094500000, 0x0000000094500000| Untracked 
| 326|0x0000000094600000, 0x0000000094600000, 0x0000000094700000|  0%| F|  |TAMS 0x0000000094600000, 0x0000000094600000| Untracked 
| 327|0x0000000094700000, 0x0000000094700000, 0x0000000094800000|  0%| F|  |TAMS 0x0000000094700000, 0x0000000094700000| Untracked 
| 328|0x0000000094800000, 0x0000000094800000, 0x0000000094900000|  0%| F|  |TAMS 0x0000000094800000, 0x0000000094800000| Untracked 
| 329|0x0000000094900000, 0x0000000094900000, 0x0000000094a00000|  0%| F|  |TAMS 0x0000000094900000, 0x0000000094900000| Untracked 
| 330|0x0000000094a00000, 0x0000000094a00000, 0x0000000094b00000|  0%| F|  |TAMS 0x0000000094a00000, 0x0000000094a00000| Untracked 
| 331|0x0000000094b00000, 0x0000000094b00000, 0x0000000094c00000|  0%| F|  |TAMS 0x0000000094b00000, 0x0000000094b00000| Untracked 
| 332|0x0000000094c00000, 0x0000000094c00000, 0x0000000094d00000|  0%| F|  |TAMS 0x0000000094c00000, 0x0000000094c00000| Untracked 
| 333|0x0000000094d00000, 0x0000000094d00000, 0x0000000094e00000|  0%| F|  |TAMS 0x0000000094d00000, 0x0000000094d00000| Untracked 
| 334|0x0000000094e00000, 0x0000000094e00000, 0x0000000094f00000|  0%| F|  |TAMS 0x0000000094e00000, 0x0000000094e00000| Untracked 
| 335|0x0000000094f00000, 0x0000000094f00000, 0x0000000095000000|  0%| F|  |TAMS 0x0000000094f00000, 0x0000000094f00000| Untracked 
| 336|0x0000000095000000, 0x0000000095000000, 0x0000000095100000|  0%| F|  |TAMS 0x0000000095000000, 0x0000000095000000| Untracked 
| 337|0x0000000095100000, 0x0000000095100000, 0x0000000095200000|  0%| F|  |TAMS 0x0000000095100000, 0x0000000095100000| Untracked 
| 338|0x0000000095200000, 0x0000000095200000, 0x0000000095300000|  0%| F|  |TAMS 0x0000000095200000, 0x0000000095200000| Untracked 
| 339|0x0000000095300000, 0x0000000095300000, 0x0000000095400000|  0%| F|  |TAMS 0x0000000095300000, 0x0000000095300000| Untracked 
| 340|0x0000000095400000, 0x0000000095400000, 0x0000000095500000|  0%| F|  |TAMS 0x0000000095400000, 0x0000000095400000| Untracked 

Card table byte_map: [0x000001d323e60000,0x000001d324260000] _byte_map_base: 0x000001d323a60000

Marking Bits (Prev, Next): (CMBitMap*) 0x000001d310f80050, (CMBitMap*) 0x000001d310f80018
 Prev Bits: [0x000001d326660000, 0x000001d328660000)
 Next Bits: [0x000001d324660000, 0x000001d326660000)

Polling page: 0x000001d30eed0000

Metaspace:

Usage:
  Non-class:    103.97 MB capacity,   102.06 MB ( 98%) used,     1.51 MB (  1%) free+waste,   407.56 KB ( <1%) overhead. 
      Class:     15.83 MB capacity,    14.58 MB ( 92%) used,     1.07 MB (  7%) free+waste,   177.50 KB (  1%) overhead. 
       Both:    119.80 MB capacity,   116.65 MB ( 97%) used,     2.58 MB (  2%) free+waste,   585.06 KB ( <1%) overhead. 

Virtual space:
  Non-class space:      106.00 MB reserved,     104.17 MB ( 98%) committed 
      Class space:        1.00 GB reserved,      15.91 MB (  2%) committed 
             Both:        1.10 GB reserved,     120.08 MB ( 11%) committed 

Chunk freelists:
   Non-Class:  14.00 KB
       Class:  19.00 KB
        Both:  33.00 KB

MaxMetaspaceSize: 17179869184.00 GB
CompressedClassSpaceSize: 1.00 GB
Initial GC threshold: 20.80 MB
Current GC threshold: 200.13 MB
CDS: off

CodeHeap 'non-profiled nmethods': size=120064Kb used=13234Kb max_used=13234Kb free=106830Kb
 bounds [0x000001d31c520000, 0x000001d31d210000, 0x000001d323a60000]
CodeHeap 'profiled nmethods': size=120000Kb used=42680Kb max_used=42680Kb free=77320Kb
 bounds [0x000001d314ff0000, 0x000001d3179a0000, 0x000001d31c520000]
CodeHeap 'non-nmethods': size=5696Kb used=2426Kb max_used=2492Kb free=3269Kb
 bounds [0x000001d314a60000, 0x000001d314ce0000, 0x000001d314ff0000]
 total_blobs=19413 nmethods=18455 adapters=869
 compilation: enabled
              stopped_count=0, restarted_count=0
 full_count=0

Compilation events (20 events):
Event: 84.153 Thread 0x000001d3387cb800 nmethod 19580 0x000001d31d20ac90 code [0x000001d31d20ae40, 0x000001d31d20b3d8]
Event: 84.153 Thread 0x000001d3387cb800 19576       4       com.android.tools.r8.code.K0::hashCode (21 bytes)
Event: 84.155 Thread 0x000001d3387cb800 nmethod 19576 0x000001d31d20b710 code [0x000001d31d20b8a0, 0x000001d31d20b968]
Event: 84.155 Thread 0x000001d3387cb800 19577       4       com.android.tools.r8.code.Q0::hashCode (29 bytes)
Event: 84.157 Thread 0x000001d3387cb800 nmethod 19577 0x000001d31d20ba10 code [0x000001d31d20bba0, 0x000001d31d20bc68]
Event: 84.157 Thread 0x000001d3387cb800 19581       4       com.android.tools.r8.code.P0::hashCode (21 bytes)
Event: 84.158 Thread 0x000001d3387cb800 nmethod 19581 0x000001d31d20bd10 code [0x000001d31d20bea0, 0x000001d31d20bf68]
Event: 84.158 Thread 0x000001d3387cb800 19584       4       com.android.tools.r8.internal.F2$$Lambda$1721/0x0000000100e25040::get$Lambda (11 bytes)
Event: 84.160 Thread 0x000001d32ab6c800 19585       3       com.android.tools.r8.graph.f1$g::equals (34 bytes)
Event: 84.160 Thread 0x000001d32ab6c800 nmethod 19585 0x000001d31799dc10 code [0x000001d31799dde0, 0x000001d31799e198]
Event: 84.163 Thread 0x000001d32ab6c800 19586       3       com.android.tools.r8.internal.Qk::b (26 bytes)
Event: 84.163 Thread 0x000001d32ab6c800 nmethod 19586 0x000001d31799e290 code [0x000001d31799e460, 0x000001d31799e6d8]
Event: 84.165 Thread 0x000001d3387cb800 nmethod 19584 0x000001d31d20c010 code [0x000001d31d20c1a0, 0x000001d31d20c478]
Event: 84.165 Thread 0x000001d3387cb800 19572       4       com.android.tools.r8.graph.N::C (2 bytes)
Event: 84.166 Thread 0x000001d3387cb800 nmethod 19572 0x000001d31d20c510 code [0x000001d31d20c6a0, 0x000001d31d20c6f8]
Event: 84.199 Thread 0x000001d3387cb800 19587       4       com.android.tools.r8.internal.KN::a (165 bytes)
Event: 84.272 Thread 0x000001d32ab6c800 19588       3       com.android.tools.r8.graph.B2::c (43 bytes)
Event: 84.272 Thread 0x000001d32ab6c800 nmethod 19588 0x000001d31799e810 code [0x000001d31799e9e0, 0x000001d31799ec08]
Event: 84.348 Thread 0x000001d32ab6c800 19589       3       com.android.tools.r8.graph.T::a (10 bytes)
Event: 84.349 Thread 0x000001d32ab6c800 nmethod 19589 0x000001d31799ed10 code [0x000001d31799ef20, 0x000001d31799f5e8]

GC Heap History (20 events):
Event: 68.012 GC heap after
{Heap after GC invocations=57 (full 0):
 garbage-first heap   total 349184K, used 181771K [0x0000000080000000, 0x0000000100000000)
  region size 1024K, 2 young (2048K), 2 survivors (2048K)
 Metaspace       used 106761K, capacity 109608K, committed 109776K, reserved 1144832K
  class space    used 13633K, capacity 14780K, committed 14880K, reserved 1048576K
}
Event: 70.430 GC heap before
{Heap before GC invocations=57 (full 0):
 garbage-first heap   total 349184K, used 235019K [0x0000000080000000, 0x0000000100000000)
  region size 1024K, 56 young (57344K), 2 survivors (2048K)
 Metaspace       used 113706K, capacity 116667K, committed 116816K, reserved 1150976K
  class space    used 14489K, capacity 15664K, committed 15776K, reserved 1048576K
}
Event: 70.457 GC heap after
{Heap after GC invocations=58 (full 0):
 garbage-first heap   total 349184K, used 187871K [0x0000000080000000, 0x0000000100000000)
  region size 1024K, 8 young (8192K), 8 survivors (8192K)
 Metaspace       used 113706K, capacity 116667K, committed 116816K, reserved 1150976K
  class space    used 14489K, capacity 15664K, committed 15776K, reserved 1048576K
}
Event: 74.981 GC heap before
{Heap before GC invocations=59 (full 0):
 garbage-first heap   total 349184K, used 208993K [0x0000000080000000, 0x0000000100000000)
  region size 1024K, 82 young (83968K), 8 survivors (8192K)
 Metaspace       used 118534K, capacity 121668K, committed 121808K, reserved 1155072K
  class space    used 14862K, capacity 16107K, committed 16160K, reserved 1048576K
}
Event: 75.018 GC heap after
{Heap after GC invocations=60 (full 0):
 garbage-first heap   total 349184K, used 132883K [0x0000000080000000, 0x0000000100000000)
  region size 1024K, 2 young (2048K), 2 survivors (2048K)
 Metaspace       used 118534K, capacity 121668K, committed 121808K, reserved 1155072K
  class space    used 14862K, capacity 16107K, committed 16160K, reserved 1048576K
}
Event: 75.499 GC heap before
{Heap before GC invocations=60 (full 0):
 garbage-first heap   total 349184K, used 147219K [0x0000000080000000, 0x0000000100000000)
  region size 1024K, 17 young (17408K), 2 survivors (2048K)
 Metaspace       used 118603K, capacity 121710K, committed 121808K, reserved 1155072K
  class space    used 14871K, capacity 16120K, committed 16160K, reserved 1048576K
}
Event: 75.515 GC heap after
{Heap after GC invocations=61 (full 0):
 garbage-first heap   total 349184K, used 106894K [0x0000000080000000, 0x0000000100000000)
  region size 1024K, 2 young (2048K), 2 survivors (2048K)
 Metaspace       used 118603K, capacity 121710K, committed 121808K, reserved 1155072K
  class space    used 14871K, capacity 16120K, committed 16160K, reserved 1048576K
}
Event: 77.615 GC heap before
{Heap before GC invocations=61 (full 0):
 garbage-first heap   total 349184K, used 245134K [0x0000000080000000, 0x0000000100000000)
  region size 1024K, 135 young (138240K), 2 survivors (2048K)
 Metaspace       used 119353K, capacity 122605K, committed 122704K, reserved 1155072K
  class space    used 14930K, capacity 16205K, committed 16288K, reserved 1048576K
}
Event: 77.627 GC heap after
{Heap after GC invocations=62 (full 0):
 garbage-first heap   total 349184K, used 109517K [0x0000000080000000, 0x0000000100000000)
  region size 1024K, 4 young (4096K), 4 survivors (4096K)
 Metaspace       used 119353K, capacity 122605K, committed 122704K, reserved 1155072K
  class space    used 14930K, capacity 16205K, committed 16288K, reserved 1048576K
}
Event: 78.362 GC heap before
{Heap before GC invocations=62 (full 0):
 garbage-first heap   total 349184K, used 144333K [0x0000000080000000, 0x0000000100000000)
  region size 1024K, 31 young (31744K), 4 survivors (4096K)
 Metaspace       used 119415K, capacity 122671K, committed 122960K, reserved 1157120K
  class space    used 14932K, capacity 16205K, committed 16288K, reserved 1048576K
}
Event: 78.369 GC heap after
{Heap after GC invocations=63 (full 0):
 garbage-first heap   total 349184K, used 118247K [0x0000000080000000, 0x0000000100000000)
  region size 1024K, 4 young (4096K), 4 survivors (4096K)
 Metaspace       used 119415K, capacity 122671K, committed 122960K, reserved 1157120K
  class space    used 14932K, capacity 16205K, committed 16288K, reserved 1048576K
}
Event: 80.527 GC heap before
{Heap before GC invocations=64 (full 0):
 garbage-first heap   total 349184K, used 253415K [0x0000000080000000, 0x0000000100000000)
  region size 1024K, 105 young (107520K), 4 survivors (4096K)
 Metaspace       used 119422K, capacity 122671K, committed 122960K, reserved 1157120K
  class space    used 14932K, capacity 16205K, committed 16288K, reserved 1048576K
}
Event: 80.961 GC heap after
{Heap after GC invocations=65 (full 0):
 garbage-first heap   total 349184K, used 178176K [0x0000000080000000, 0x0000000100000000)
  region size 1024K, 18 young (18432K), 18 survivors (18432K)
 Metaspace       used 119422K, capacity 122671K, committed 122960K, reserved 1157120K
  class space    used 14932K, capacity 16205K, committed 16288K, reserved 1048576K
}
Event: 81.317 GC heap before
{Heap before GC invocations=65 (full 0):
 garbage-first heap   total 349184K, used 193536K [0x0000000080000000, 0x0000000100000000)
  region size 1024K, 31 young (31744K), 18 survivors (18432K)
 Metaspace       used 119422K, capacity 122671K, committed 122960K, reserved 1157120K
  class space    used 14932K, capacity 16205K, committed 16288K, reserved 1048576K
}
Event: 81.462 GC heap after
{Heap after GC invocations=66 (full 0):
 garbage-first heap   total 349184K, used 188928K [0x0000000080000000, 0x0000000100000000)
  region size 1024K, 4 young (4096K), 4 survivors (4096K)
 Metaspace       used 119422K, capacity 122671K, committed 122960K, reserved 1157120K
  class space    used 14932K, capacity 16205K, committed 16288K, reserved 1048576K
}
Event: 82.805 GC heap before
{Heap before GC invocations=67 (full 0):
 garbage-first heap   total 349184K, used 262656K [0x0000000080000000, 0x0000000100000000)
  region size 1024K, 72 young (73728K), 4 survivors (4096K)
 Metaspace       used 119441K, capacity 122671K, committed 122960K, reserved 1157120K
  class space    used 14932K, capacity 16205K, committed 16288K, reserved 1048576K
}
Event: 82.854 GC heap after
{Heap after GC invocations=68 (full 0):
 garbage-first heap   total 349184K, used 205312K [0x0000000080000000, 0x0000000100000000)
  region size 1024K, 9 young (9216K), 9 survivors (9216K)
 Metaspace       used 119441K, capacity 122671K, committed 122960K, reserved 1157120K
  class space    used 14932K, capacity 16205K, committed 16288K, reserved 1048576K
}
Event: 83.069 GC heap before
{Heap before GC invocations=68 (full 0):
 garbage-first heap   total 349184K, used 214528K [0x0000000080000000, 0x0000000100000000)
  region size 1024K, 17 young (17408K), 9 survivors (9216K)
 Metaspace       used 119443K, capacity 122671K, committed 122960K, reserved 1157120K
  class space    used 14932K, capacity 16205K, committed 16288K, reserved 1048576K
}
Event: 83.110 GC heap after
{Heap after GC invocations=69 (full 0):
 garbage-first heap   total 349184K, used 210225K [0x0000000080000000, 0x0000000100000000)
  region size 1024K, 3 young (3072K), 3 survivors (3072K)
 Metaspace       used 119443K, capacity 122671K, committed 122960K, reserved 1157120K
  class space    used 14932K, capacity 16205K, committed 16288K, reserved 1048576K
}
Event: 84.671 GC heap before
{Heap before GC invocations=69 (full 0):
 garbage-first heap   total 349184K, used 286001K [0x0000000080000000, 0x0000000100000000)
  region size 1024K, 62 young (63488K), 3 survivors (3072K)
 Metaspace       used 119446K, capacity 122671K, committed 122960K, reserved 1157120K
  class space    used 14932K, capacity 16205K, committed 16288K, reserved 1048576K
}

Deoptimization events (20 events):
Event: 82.169 Thread 0x000001d3343bc000 DEOPT PACKING pc=0x000001d31715092f sp=0x00000028885fd810
Event: 82.169 Thread 0x000001d3343bc000 DEOPT UNPACKING pc=0x000001d314aaa95e sp=0x00000028885fcd88 mode 0
Event: 82.297 Thread 0x000001d3343bc000 DEOPT PACKING pc=0x000001d31727648c sp=0x00000028885fd600
Event: 82.297 Thread 0x000001d3343bc000 DEOPT UNPACKING pc=0x000001d314aaa95e sp=0x00000028885fcae8 mode 0
Event: 82.299 Thread 0x000001d3343bc000 DEOPT PACKING pc=0x000001d31727939d sp=0x00000028885fd5f0
Event: 82.299 Thread 0x000001d3343bc000 DEOPT UNPACKING pc=0x000001d314aaa95e sp=0x00000028885fcae0 mode 0
Event: 82.307 Thread 0x000001d3343bc000 DEOPT PACKING pc=0x000001d31727648c sp=0x00000028885fd600
Event: 82.307 Thread 0x000001d3343bc000 DEOPT UNPACKING pc=0x000001d314aaa95e sp=0x00000028885fcae8 mode 0
Event: 82.319 Thread 0x000001d3343bc000 DEOPT PACKING pc=0x000001d31727939d sp=0x00000028885fd5f0
Event: 82.319 Thread 0x000001d3343bc000 DEOPT UNPACKING pc=0x000001d314aaa95e sp=0x00000028885fcae0 mode 0
Event: 82.327 Thread 0x000001d3343bc000 DEOPT PACKING pc=0x000001d31727939d sp=0x00000028885fd5a0
Event: 82.328 Thread 0x000001d3343bc000 DEOPT UNPACKING pc=0x000001d314aaa95e sp=0x00000028885fca90 mode 0
Event: 82.331 Thread 0x000001d3343bc000 Uncommon trap: trap_request=0xffffff4d fr.pc=0x000001d31ce1e850 relative=0x0000000000000b90
Event: 82.331 Thread 0x000001d3343bc000 Uncommon trap: reason=unstable_if action=reinterpret pc=0x000001d31ce1e850 method=com.android.tools.r8.graph.N.a(Lcom/android/tools/r8/internal/Ip;Lcom/android/tools/r8/graph/n2;Lcom/android/tools/r8/internal/XB;Lcom/android/tools/r8/graph/d3;)V @ 147 c2
Event: 82.331 Thread 0x000001d3343bc000 DEOPT PACKING pc=0x000001d31ce1e850 sp=0x00000028885fd6c0
Event: 82.331 Thread 0x000001d3343bc000 DEOPT UNPACKING pc=0x000001d314aaa1af sp=0x00000028885fd670 mode 2
Event: 83.404 Thread 0x000001d3329c4000 Uncommon trap: trap_request=0xffffff4d fr.pc=0x000001d31ce74024 relative=0x0000000000001aa4
Event: 83.404 Thread 0x000001d3329c4000 Uncommon trap: reason=unstable_if action=reinterpret pc=0x000001d31ce74024 method=java.util.TimSort.countRunAndMakeAscending([Ljava/lang/Object;IILjava/util/Comparator;)I @ 27 c2
Event: 83.404 Thread 0x000001d3329c4000 DEOPT PACKING pc=0x000001d31ce74024 sp=0x0000002888ffea40
Event: 83.404 Thread 0x000001d3329c4000 DEOPT UNPACKING pc=0x000001d314aaa1af sp=0x0000002888ffe988 mode 2

Classes redefined (0 events):
No events

Internal exceptions (20 events):
Event: 77.845 Thread 0x000001d3343b8000 Exception <a 'sun/nio/fs/WindowsException'{0x0000000094ae4050}> (0x0000000094ae4050) thrown at [./src/hotspot/share/prims/jni.cpp, line 616]
Event: 77.850 Thread 0x000001d3343b8000 Exception <a 'sun/nio/fs/WindowsException'{0x0000000094aea2c8}> (0x0000000094aea2c8) thrown at [./src/hotspot/share/prims/jni.cpp, line 616]
Event: 77.869 Thread 0x000001d3343b6000 Exception <a 'sun/nio/fs/WindowsException'{0x00000000949d1560}> (0x00000000949d1560) thrown at [./src/hotspot/share/prims/jni.cpp, line 616]
Event: 77.897 Thread 0x000001d3343b8000 Exception <a 'sun/nio/fs/WindowsException'{0x0000000094af01d0}> (0x0000000094af01d0) thrown at [./src/hotspot/share/prims/jni.cpp, line 616]
Event: 77.906 Thread 0x000001d3343b6000 Exception <a 'sun/nio/fs/WindowsException'{0x00000000949d5ef8}> (0x00000000949d5ef8) thrown at [./src/hotspot/share/prims/jni.cpp, line 616]
Event: 77.918 Thread 0x000001d3343b8000 Exception <a 'sun/nio/fs/WindowsException'{0x0000000094af69e8}> (0x0000000094af69e8) thrown at [./src/hotspot/share/prims/jni.cpp, line 616]
Event: 77.922 Thread 0x000001d3343b6000 Exception <a 'sun/nio/fs/WindowsException'{0x00000000949dbf78}> (0x00000000949dbf78) thrown at [./src/hotspot/share/prims/jni.cpp, line 616]
Event: 77.924 Thread 0x000001d3343b8000 Exception <a 'sun/nio/fs/WindowsException'{0x0000000094afe598}> (0x0000000094afe598) thrown at [./src/hotspot/share/prims/jni.cpp, line 616]
Event: 77.936 Thread 0x000001d3343b8000 Exception <a 'sun/nio/fs/WindowsException'{0x0000000094483db8}> (0x0000000094483db8) thrown at [./src/hotspot/share/prims/jni.cpp, line 616]
Event: 77.942 Thread 0x000001d3343b6000 Exception <a 'sun/nio/fs/WindowsException'{0x00000000949e7d60}> (0x00000000949e7d60) thrown at [./src/hotspot/share/prims/jni.cpp, line 616]
Event: 77.951 Thread 0x000001d3343b8000 Exception <a 'sun/nio/fs/WindowsException'{0x00000000944895a8}> (0x00000000944895a8) thrown at [./src/hotspot/share/prims/jni.cpp, line 616]
Event: 77.963 Thread 0x000001d3343b6000 Exception <a 'sun/nio/fs/WindowsException'{0x00000000949ed3c8}> (0x00000000949ed3c8) thrown at [./src/hotspot/share/prims/jni.cpp, line 616]
Event: 77.968 Thread 0x000001d3343b8000 Exception <a 'sun/nio/fs/WindowsException'{0x000000009448f548}> (0x000000009448f548) thrown at [./src/hotspot/share/prims/jni.cpp, line 616]
Event: 77.974 Thread 0x000001d3343b6000 Exception <a 'sun/nio/fs/WindowsException'{0x00000000949f5c78}> (0x00000000949f5c78) thrown at [./src/hotspot/share/prims/jni.cpp, line 616]
Event: 77.982 Thread 0x000001d3343b6000 Exception <a 'sun/nio/fs/WindowsException'{0x00000000949fbc20}> (0x00000000949fbc20) thrown at [./src/hotspot/share/prims/jni.cpp, line 616]
Event: 77.992 Thread 0x000001d3343b6000 Exception <a 'sun/nio/fs/WindowsException'{0x00000000942c5e40}> (0x00000000942c5e40) thrown at [./src/hotspot/share/prims/jni.cpp, line 616]
Event: 78.002 Thread 0x000001d3343b6000 Exception <a 'sun/nio/fs/WindowsException'{0x00000000942cc550}> (0x00000000942cc550) thrown at [./src/hotspot/share/prims/jni.cpp, line 616]
Event: 78.010 Thread 0x000001d3343b6000 Exception <a 'sun/nio/fs/WindowsException'{0x00000000942d3228}> (0x00000000942d3228) thrown at [./src/hotspot/share/prims/jni.cpp, line 616]
Event: 78.016 Thread 0x000001d3343b6000 Exception <a 'sun/nio/fs/WindowsException'{0x00000000942d9920}> (0x00000000942d9920) thrown at [./src/hotspot/share/prims/jni.cpp, line 616]
Event: 78.356 Thread 0x000001d3343bc000 Exception <a 'sun/nio/fs/WindowsException'{0x0000000093cdb698}> (0x0000000093cdb698) thrown at [./src/hotspot/share/prims/jni.cpp, line 616]

Events (20 events):
Event: 84.599 Executing VM operation: RevokeBias done
Event: 84.599 Executing VM operation: RevokeBias
Event: 84.599 Executing VM operation: RevokeBias done
Event: 84.599 Executing VM operation: RevokeBias
Event: 84.599 Executing VM operation: RevokeBias done
Event: 84.599 Executing VM operation: RevokeBias
Event: 84.600 Executing VM operation: RevokeBias done
Event: 84.600 Executing VM operation: RevokeBias
Event: 84.600 Executing VM operation: RevokeBias done
Event: 84.600 Executing VM operation: RevokeBias
Event: 84.600 Executing VM operation: RevokeBias done
Event: 84.600 Executing VM operation: RevokeBias
Event: 84.600 Executing VM operation: RevokeBias done
Event: 84.600 Executing VM operation: RevokeBias
Event: 84.600 Executing VM operation: RevokeBias done
Event: 84.601 Executing VM operation: RevokeBias
Event: 84.601 Executing VM operation: RevokeBias done
Event: 84.601 Executing VM operation: BulkRevokeBias
Event: 84.602 Executing VM operation: BulkRevokeBias done
Event: 84.671 Executing VM operation: G1CollectForAllocation


Dynamic libraries:
0x00007ff732da0000 - 0x00007ff732daa000 	C:\Program Files\Android\Android Studio\jre\bin\java.exe
0x00007ffe810b0000 - 0x00007ffe812a8000 	C:\Windows\SYSTEM32\ntdll.dll
0x00007ffe7faa0000 - 0x00007ffe7fb5f000 	C:\Windows\System32\KERNEL32.DLL
0x00007ffe7e7e0000 - 0x00007ffe7eab2000 	C:\Windows\System32\KERNELBASE.dll
0x00007ffe7eac0000 - 0x00007ffe7ebc0000 	C:\Windows\System32\ucrtbase.dll
0x00007ffe4c600000 - 0x00007ffe4c617000 	C:\Program Files\Android\Android Studio\jre\bin\VCRUNTIME140.dll
0x00007ffe4c340000 - 0x00007ffe4c359000 	C:\Program Files\Android\Android Studio\jre\bin\jli.dll
0x00007ffe7f180000 - 0x00007ffe7f31d000 	C:\Windows\System32\USER32.dll
0x00007ffe67720000 - 0x00007ffe679ba000 	C:\Windows\WinSxS\amd64_microsoft.windows.common-controls_6595b64144ccf1df_6.0.19041.1110_none_60b5254171f9507e\COMCTL32.dll
0x00007ffe7f0d0000 - 0x00007ffe7f0f2000 	C:\Windows\System32\win32u.dll
0x00007ffe7f5d0000 - 0x00007ffe7f66e000 	C:\Windows\System32\msvcrt.dll
0x00007ffe80df0000 - 0x00007ffe80e1b000 	C:\Windows\System32\GDI32.dll
0x00007ffe7ed60000 - 0x00007ffe7ee6f000 	C:\Windows\System32\gdi32full.dll
0x00007ffe7ecc0000 - 0x00007ffe7ed5d000 	C:\Windows\System32\msvcp_win.dll
0x00007ffe803d0000 - 0x00007ffe80402000 	C:\Windows\System32\IMM32.DLL
0x00007ffe35690000 - 0x00007ffe3572d000 	C:\Program Files\Android\Android Studio\jre\bin\msvcp140.dll
0x00007ffe09300000 - 0x00007ffe09e02000 	C:\Program Files\Android\Android Studio\jre\bin\server\jvm.dll
0x00007ffe80320000 - 0x00007ffe803ce000 	C:\Windows\System32\ADVAPI32.dll
0x00007ffe80fd0000 - 0x00007ffe8106c000 	C:\Windows\System32\sechost.dll
0x00007ffe7f330000 - 0x00007ffe7f455000 	C:\Windows\System32\RPCRT4.dll
0x00007ffe80420000 - 0x00007ffe80428000 	C:\Windows\System32\PSAPI.DLL
0x00007ffe784b0000 - 0x00007ffe784b9000 	C:\Windows\SYSTEM32\WSOCK32.dll
0x00007ffe7fb60000 - 0x00007ffe7fbcb000 	C:\Windows\System32\WS2_32.dll
0x00007ffe51d20000 - 0x00007ffe51d47000 	C:\Windows\SYSTEM32\WINMM.dll
0x00007ffe73d90000 - 0x00007ffe73d9a000 	C:\Windows\SYSTEM32\VERSION.dll
0x00007ffe7c810000 - 0x00007ffe7c822000 	C:\Windows\SYSTEM32\kernel.appcore.dll
0x00007ffe75aa0000 - 0x00007ffe75ab1000 	C:\Program Files\Android\Android Studio\jre\bin\verify.dll
0x00007ffe7c600000 - 0x00007ffe7c7e4000 	C:\Windows\SYSTEM32\DBGHELP.DLL
0x00007ffe5eea0000 - 0x00007ffe5eecc000 	C:\Windows\SYSTEM32\dbgcore.DLL
0x00007ffe7f040000 - 0x00007ffe7f0c2000 	C:\Windows\System32\bcryptPrimitives.dll
0x00007ffe75a70000 - 0x00007ffe75a99000 	C:\Program Files\Android\Android Studio\jre\bin\java.dll
0x00007ffe766d0000 - 0x00007ffe766db000 	C:\Program Files\Android\Android Studio\jre\bin\jimage.dll
0x00007ffe75a00000 - 0x00007ffe75a18000 	C:\Program Files\Android\Android Studio\jre\bin\zip.dll
0x00007ffe7fbd0000 - 0x00007ffe80313000 	C:\Windows\System32\SHELL32.dll
0x00007ffe7c830000 - 0x00007ffe7cfc2000 	C:\Windows\SYSTEM32\windows.storage.dll
0x00007ffe7f670000 - 0x00007ffe7f9c4000 	C:\Windows\System32\combase.dll
0x00007ffe7e0c0000 - 0x00007ffe7e0f0000 	C:\Windows\SYSTEM32\Wldp.dll
0x00007ffe7f9d0000 - 0x00007ffe7fa7d000 	C:\Windows\System32\SHCORE.dll
0x00007ffe80790000 - 0x00007ffe807e5000 	C:\Windows\System32\shlwapi.dll
0x00007ffe7e6f0000 - 0x00007ffe7e70f000 	C:\Windows\SYSTEM32\profapi.dll
0x00007ffe75930000 - 0x00007ffe7594a000 	C:\Program Files\Android\Android Studio\jre\bin\net.dll
0x00007ffe69e50000 - 0x00007ffe69f5c000 	C:\Windows\SYSTEM32\WINHTTP.dll
0x00007ffe7dea0000 - 0x00007ffe7df0a000 	C:\Windows\system32\mswsock.dll
0x00007ffe75910000 - 0x00007ffe75924000 	C:\Program Files\Android\Android Studio\jre\bin\nio.dll
0x00007ffe73c20000 - 0x00007ffe73c47000 	C:\Users\Administrator.DESKTOP-9KBGS9Q\.gradle\native\e1d6ef7f7dcc3fd88c89a11ec53ec762bb8ba0a96d01ffa2cd45eb1d1d8dd5c5\windows-amd64\native-platform.dll
0x00007ffe2bde0000 - 0x00007ffe2bf24000 	C:\Users\Administrator.DESKTOP-9KBGS9Q\.gradle\native\0d407fdbe67a94daf76414ababcb853783967236a71b16ec16e742cd7a986fd3\windows-amd64\native-platform-file-events.dll
0x00007ffe75bb0000 - 0x00007ffe75bba000 	C:\Program Files\Android\Android Studio\jre\bin\management.dll
0x00007ffe75900000 - 0x00007ffe7590d000 	C:\Program Files\Android\Android Studio\jre\bin\management_ext.dll
0x00007ffe7e3f0000 - 0x00007ffe7e408000 	C:\Windows\SYSTEM32\CRYPTSP.dll
0x00007ffe7d7e0000 - 0x00007ffe7d814000 	C:\Windows\system32\rsaenh.dll
0x00007ffe7e7b0000 - 0x00007ffe7e7d7000 	C:\Windows\System32\bcrypt.dll
0x00007ffe7e6b0000 - 0x00007ffe7e6de000 	C:\Windows\SYSTEM32\USERENV.dll
0x00007ffe7e030000 - 0x00007ffe7e03c000 	C:\Windows\SYSTEM32\CRYPTBASE.dll
0x00007ffe7dbb0000 - 0x00007ffe7dbeb000 	C:\Windows\SYSTEM32\IPHLPAPI.DLL
0x00007ffe7f320000 - 0x00007ffe7f328000 	C:\Windows\System32\NSI.dll
0x00007ffe72420000 - 0x00007ffe72437000 	C:\Windows\SYSTEM32\dhcpcsvc6.DLL
0x00007ffe71570000 - 0x00007ffe7158d000 	C:\Windows\SYSTEM32\dhcpcsvc.DLL
0x00007ffe7dbf0000 - 0x00007ffe7dcba000 	C:\Windows\SYSTEM32\DNSAPI.dll

dbghelp: loaded successfully - version: 4.0.5 - missing functions: none
symbol engine: initialized successfully - sym options: 0x614 - pdb path: .;C:\Program Files\Android\Android Studio\jre\bin;C:\Windows\SYSTEM32;C:\Windows\WinSxS\amd64_microsoft.windows.common-controls_6595b64144ccf1df_6.0.19041.1110_none_60b5254171f9507e;C:\Program Files\Android\Android Studio\jre\bin\server;C:\Users\Administrator.DESKTOP-9KBGS9Q\.gradle\native\e1d6ef7f7dcc3fd88c89a11ec53ec762bb8ba0a96d01ffa2cd45eb1d1d8dd5c5\windows-amd64;C:\Users\Administrator.DESKTOP-9KBGS9Q\.gradle\native\0d407fdbe67a94daf76414ababcb853783967236a71b16ec16e742cd7a986fd3\windows-amd64

VM Arguments:
jvm_args: --add-opens=java.base/java.util=ALL-UNNAMED --add-opens=java.base/java.lang=ALL-UNNAMED --add-opens=java.base/java.lang.invoke=ALL-UNNAMED --add-opens=java.base/java.util=ALL-UNNAMED --add-opens=java.prefs/java.util.prefs=ALL-UNNAMED --add-opens=java.prefs/java.util.prefs=ALL-UNNAMED --add-opens=java.base/java.nio.charset=ALL-UNNAMED --add-opens=java.base/java.net=ALL-UNNAMED --add-opens=java.base/java.util.concurrent.atomic=ALL-UNNAMED -Xmx2048m -Dfile.encoding=UTF-8 -Duser.country=US -Duser.language=en -Duser.variant 
java_command: org.gradle.launcher.daemon.bootstrap.GradleDaemon 7.4
java_class_path (initial): C:\Users\Administrator.DESKTOP-9KBGS9Q\.gradle\wrapper\dists\gradle-7.4-bin\c0gwcg53nkjbqw7r0h0umtfvt\gradle-7.4\lib\gradle-launcher-7.4.jar
Launcher Type: SUN_STANDARD

[Global flags]
     intx CICompilerCount                          = 3                                         {product} {ergonomic}
     uint ConcGCThreads                            = 1                                         {product} {ergonomic}
     uint G1ConcRefinementThreads                  = 4                                         {product} {ergonomic}
   size_t G1HeapRegionSize                         = 1048576                                   {product} {ergonomic}
    uintx GCDrainStackTargetSize                   = 64                                        {product} {ergonomic}
   size_t InitialHeapSize                          = 134217728                                 {product} {ergonomic}
   size_t MarkStackSize                            = 4194304                                   {product} {ergonomic}
   size_t MaxHeapSize                              = 2147483648                                {product} {command line}
   size_t MaxNewSize                               = 1287651328                                {product} {ergonomic}
   size_t MinHeapDeltaBytes                        = 1048576                                   {product} {ergonomic}
    uintx NonNMethodCodeHeapSize                   = 5830732                                {pd product} {ergonomic}
    uintx NonProfiledCodeHeapSize                  = 122913754                              {pd product} {ergonomic}
    uintx ProfiledCodeHeapSize                     = 122913754                              {pd product} {ergonomic}
    uintx ReservedCodeCacheSize                    = 251658240                              {pd product} {ergonomic}
     bool SegmentedCodeCache                       = true                                      {product} {ergonomic}
     bool UseCompressedClassPointers               = true                                 {lp64_product} {ergonomic}
     bool UseCompressedOops                        = true                                 {lp64_product} {ergonomic}
     bool UseG1GC                                  = true                                      {product} {ergonomic}
     bool UseLargePagesIndividualAllocation        = false                                  {pd product} {ergonomic}

Logging:
Log output configuration:
 #0: stdout all=warning uptime,level,tags
 #1: stderr all=off uptime,level,tags

Environment Variables:
PATH=C:\Windows\system32;C:\Windows;C:\Windows\System32\Wbem;C:\Windows\System32\WindowsPowerShell\v1.0\;C:\Windows\System32\OpenSSH\;C:\Program Files\TortoiseSVN\bin;C:\Program Files\Microsoft SQL Server\Client SDK\ODBC\110\Tools\Binn\;C:\Program Files (x86)\Microsoft SQL Server\120\Tools\Binn\;C:\Program Files\Microsoft SQL Server\120\Tools\Binn\;C:\Program Files\Microsoft SQL Server\120\DTS\Binn\;C:\Program Files (x86)\Microsoft SQL Server\150\DTS\Binn\;C:\Program Files\Azure Data Studio\bin;C:\Program Files\Microsoft SQL Server\150\Tools\Binn\;C:\Program Files\Microsoft SQL Server\Client SDK\ODBC\170\Tools\Binn\;C:\Program Files (x86)\Microsoft SQL Server\150\Tools\Binn\;C:\Program Files\Microsoft SQL Server\150\DTS\Binn\;C:\Program Files\Git\cmd;C:\Program Files\Docker\Docker\resources\bin;C:\Program Files\dotnet\;C:\Program Files\nodejs\;C:\Users\Administrator.DESKTOP-9KBGS9Q\AppData\Local\Microsoft\WindowsApps;C:\Program Files\Azure Data Studio\bin;C:\Users\Administrator.DESKTOP-9KBGS9Q\AppData\Local\Programs\Microsoft VS Code\bin;C:\xampp\php;C:\Users\Administrator.DESKTOP-9KBGS9Q\.dotnet\tools;C:\Users\Administrator.DESKTOP-9KBGS9Q\AppData\Local\GitHubDesktop\bin;C:\Users\Administrator.DESKTOP-9KBGS9Q\AppData\Roaming\npm
USERNAME=Administrator
OS=Windows_NT
PROCESSOR_IDENTIFIER=Intel64 Family 6 Model 78 Stepping 3, GenuineIntel



---------------  S Y S T E M  ---------------

OS: Windows 10 , 64 bit Build 19041 (10.0.19041.2251)
OS uptime: 18 days 2:34 hours
Hyper-V role detected

CPU:total 4 (initial active 4) (2 cores per cpu, 2 threads per core) family 6 model 78 stepping 3 microcode 0xd6, cmov, cx8, fxsr, mmx, sse, sse2, sse3, ssse3, sse4.1, sse4.2, popcnt, avx, avx2, aes, clmul, erms, rtm, 3dnowpref, lzcnt, ht, tsc, tscinvbit, bmi1, bmi2, adx, fma

Memory: 4k page, system-wide physical 8072M (431M free)
TotalPageFile size 19822M (AvailPageFile size 148M)
current process WorkingSet (physical memory assigned to process): 632M, peak: 632M
current process commit charge ("private bytes"): 733M, peak: 1068M

vm_info: OpenJDK 64-Bit Server VM (11.0.13+0-b1751.21-8125866) for windows-amd64 JRE (11.0.13+0-b1751.21-8125866), built on Feb  2 2022 03:00:22 by "builder" with MS VC++ 14.0 (VS2015)

END.
